<?xml version="1.0" ?>
<!DOCTYPE coverage SYSTEM "http://cobertura.sourceforge.net/xml/coverage-04.dtd">
<coverage lines-valid="1153" lines-covered="833" line-rate="0.7223999999999999" branches-valid="417" branches-covered="259" branch-rate="0.6211" timestamp="1712281741050" complexity="0" version="0.1">
  <sources>
    <source>/home/runner/work/oraidex-sdk/oraidex-sdk</source>
  </sources>
  <packages>
    <package name="oraidex-common-ui.src.components.TVChartContainer.helpers" line-rate="0.9487000000000001" branch-rate="1">
      <classes>
        <class name="constants.ts" filename="packages/oraidex-common-ui/src/components/TVChartContainer/helpers/constants.ts" line-rate="1" branch-rate="1">
          <methods>
          </methods>
          <lines>
            <line number="1" hits="2" branch="false"/>
            <line number="14" hits="2" branch="false"/>
            <line number="16" hits="3" branch="false"/>
            <line number="29" hits="2" branch="false"/>
            <line number="30" hits="2" branch="false"/>
            <line number="31" hits="2" branch="false"/>
          </lines>
        </class>
        <class name="utils.ts" filename="packages/oraidex-common-ui/src/components/TVChartContainer/helpers/utils.ts" line-rate="0.9393" branch-rate="1">
          <methods>
            <method name="getObjectKeyFromValue" hits="2" signature="()V">
              <lines>
                <line number="4" hits="2"/>
              </lines>
            </method>
            <method name="(anonymous_9)" hits="2" signature="()V">
              <lines>
                <line number="5" hits="2"/>
              </lines>
            </method>
            <method name="formatTimeInBarToMs" hits="1" signature="()V">
              <lines>
                <line number="8" hits="1"/>
              </lines>
            </method>
            <method name="getCurrentCandleTime" hits="3" signature="()V">
              <lines>
                <line number="16" hits="3"/>
              </lines>
            </method>
            <method name="getCurrentBarTimestamp" hits="0" signature="()V">
              <lines>
                <line number="23" hits="0"/>
              </lines>
            </method>
            <method name="fillBarGaps" hits="2" signature="()V">
              <lines>
                <line number="28" hits="2"/>
              </lines>
            </method>
            <method name="parseFullSymbol" hits="5" signature="()V">
              <lines>
                <line number="57" hits="5"/>
              </lines>
            </method>
            <method name="roundTime" hits="7" signature="()V">
              <lines>
                <line number="80" hits="7"/>
              </lines>
            </method>
          </methods>
          <lines>
            <line number="1" hits="2" branch="false"/>
            <line number="4" hits="2" branch="false"/>
            <line number="5" hits="2" branch="false"/>
            <line number="8" hits="1" branch="false"/>
            <line number="9" hits="1" branch="false"/>
            <line number="16" hits="3" branch="false"/>
            <line number="17" hits="3" branch="false"/>
            <line number="18" hits="3" branch="false"/>
            <line number="23" hits="0" branch="false"/>
            <line number="24" hits="0" branch="false"/>
            <line number="28" hits="2" branch="false"/>
            <line number="29" hits="2" branch="true" condition-coverage="100% (1/1)"/>
            <line number="31" hits="1" branch="false"/>
            <line number="32" hits="1" branch="false"/>
            <line number="34" hits="1" branch="false"/>
            <line number="35" hits="2" branch="false"/>
            <line number="36" hits="2" branch="true" condition-coverage="100% (1/1)"/>
            <line number="37" hits="2" branch="false"/>
            <line number="38" hits="2" branch="false"/>
            <line number="39" hits="1" branch="false"/>
            <line number="46" hits="1" branch="false"/>
            <line number="49" hits="2" branch="false"/>
            <line number="50" hits="2" branch="false"/>
            <line number="53" hits="1" branch="false"/>
            <line number="57" hits="5" branch="false"/>
            <line number="58" hits="5" branch="false"/>
            <line number="59" hits="5" branch="true" condition-coverage="100% (1/1)"/>
            <line number="60" hits="4" branch="false"/>
            <line number="63" hits="1" branch="false"/>
            <line number="80" hits="7" branch="false"/>
            <line number="81" hits="7" branch="false"/>
            <line number="83" hits="7" branch="false"/>
            <line number="84" hits="7" branch="false"/>
          </lines>
        </class>
      </classes>
    </package>
    <package name="oraidex-common.src" line-rate="0.7983" branch-rate="0.6388">
      <classes>
        <class name="bigdecimal.ts" filename="packages/oraidex-common/src/bigdecimal.ts" line-rate="0.6375" branch-rate="0.6153">
          <methods>
            <method name="(anonymous_1)" hits="214" signature="()V">
              <lines>
                <line number="7" hits="214"/>
              </lines>
            </method>
            <method name="(anonymous_2)" hits="0" signature="()V">
              <lines>
                <line number="39" hits="0"/>
              </lines>
            </method>
            <method name="(anonymous_3)" hits="76" signature="()V">
              <lines>
                <line number="43" hits="76"/>
              </lines>
            </method>
            <method name="(anonymous_4)" hits="62" signature="()V">
              <lines>
                <line number="58" hits="62"/>
              </lines>
            </method>
            <method name="(anonymous_5)" hits="11" signature="()V">
              <lines>
                <line number="87" hits="11"/>
              </lines>
            </method>
            <method name="(anonymous_6)" hits="76" signature="()V">
              <lines>
                <line number="91" hits="76"/>
              </lines>
            </method>
            <method name="(anonymous_7)" hits="14" signature="()V">
              <lines>
                <line number="95" hits="14"/>
              </lines>
            </method>
            <method name="(anonymous_8)" hits="6" signature="()V">
              <lines>
                <line number="101" hits="6"/>
              </lines>
            </method>
            <method name="(anonymous_9)" hits="27" signature="()V">
              <lines>
                <line number="107" hits="27"/>
              </lines>
            </method>
            <method name="(anonymous_10)" hits="29" signature="()V">
              <lines>
                <line number="113" hits="29"/>
              </lines>
            </method>
            <method name="(anonymous_11)" hits="0" signature="()V">
              <lines>
                <line number="119" hits="0"/>
              </lines>
            </method>
            <method name="(anonymous_12)" hits="0" signature="()V">
              <lines>
                <line number="126" hits="0"/>
              </lines>
            </method>
            <method name="(anonymous_13)" hits="0" signature="()V">
              <lines>
                <line number="148" hits="0"/>
              </lines>
            </method>
            <method name="(anonymous_14)" hits="0" signature="()V">
              <lines>
                <line number="152" hits="0"/>
              </lines>
            </method>
            <method name="(anonymous_15)" hits="14" signature="()V">
              <lines>
                <line number="156" hits="14"/>
              </lines>
            </method>
            <method name="(anonymous_16)" hits="6" signature="()V">
              <lines>
                <line number="160" hits="6"/>
              </lines>
            </method>
            <method name="(anonymous_17)" hits="27" signature="()V">
              <lines>
                <line number="164" hits="27"/>
              </lines>
            </method>
            <method name="(anonymous_18)" hits="29" signature="()V">
              <lines>
                <line number="168" hits="29"/>
              </lines>
            </method>
            <method name="(anonymous_19)" hits="0" signature="()V">
              <lines>
                <line number="172" hits="0"/>
              </lines>
            </method>
            <method name="(anonymous_20)" hits="0" signature="()V">
              <lines>
                <line number="176" hits="0"/>
              </lines>
            </method>
          </methods>
          <lines>
            <line number="3" hits="66" branch="false"/>
            <line number="8" hits="214" branch="true" condition-coverage="100% (1/1)"/>
            <line number="9" hits="76" branch="false"/>
            <line number="10" hits="76" branch="false"/>
            <line number="11" hits="76" branch="false"/>
            <line number="15" hits="138" branch="true" condition-coverage="100% (2/2)"/>
            <line number="17" hits="138" branch="true" condition-coverage="100% (1/1)"/>
            <line number="18" hits="8" branch="false"/>
            <line number="19" hits="8" branch="false"/>
            <line number="22" hits="130" branch="true" condition-coverage="66.66666666666666% (2/3)"/>
            <line number="23" hits="0" branch="false"/>
            <line number="26" hits="130" branch="false"/>
            <line number="29" hits="130" branch="true" condition-coverage="100% (3/3)"/>
            <line number="30" hits="1" branch="false"/>
            <line number="31" hits="1" branch="false"/>
            <line number="32" hits="1" branch="false"/>
            <line number="35" hits="129" branch="true" condition-coverage="100% (2/2)"/>
            <line number="36" hits="129" branch="false"/>
            <line number="40" hits="0" branch="false"/>
            <line number="44" hits="76" branch="true" condition-coverage="0% (0/1)"/>
            <line number="45" hits="0" branch="true" condition-coverage="0% (0/2)"/>
            <line number="46" hits="0" branch="false"/>
            <line number="47" hits="0" branch="false"/>
            <line number="48" hits="0" branch="true" condition-coverage="0% (0/1)"/>
            <line number="49" hits="0" branch="false"/>
            <line number="50" hits="0" branch="false"/>
            <line number="53" hits="0" branch="false"/>
            <line number="55" hits="76" branch="false"/>
            <line number="59" hits="62" branch="false"/>
            <line number="60" hits="62" branch="false"/>
            <line number="62" hits="62" branch="true" condition-coverage="100% (1/1)"/>
            <line number="63" hits="16" branch="false"/>
            <line number="64" hits="16" branch="false"/>
            <line number="67" hits="62" branch="false"/>
            <line number="69" hits="62" branch="true" condition-coverage="100% (2/2)"/>
            <line number="71" hits="23" branch="true" condition-coverage="100% (1/1)"/>
            <line number="73" hits="23" branch="false"/>
            <line number="76" hits="39" branch="false"/>
            <line number="79" hits="62" branch="false"/>
            <line number="80" hits="62" branch="true" condition-coverage="100% (1/1)"/>
            <line number="81" hits="41" branch="false"/>
            <line number="84" hits="62" branch="false"/>
            <line number="88" hits="11" branch="false"/>
            <line number="92" hits="76" branch="false"/>
            <line number="96" hits="14" branch="false"/>
            <line number="97" hits="14" branch="false"/>
            <line number="98" hits="14" branch="false"/>
            <line number="102" hits="6" branch="false"/>
            <line number="103" hits="6" branch="false"/>
            <line number="104" hits="6" branch="false"/>
            <line number="108" hits="27" branch="false"/>
            <line number="109" hits="27" branch="false"/>
            <line number="110" hits="27" branch="false"/>
            <line number="114" hits="29" branch="false"/>
            <line number="115" hits="29" branch="false"/>
            <line number="116" hits="29" branch="false"/>
            <line number="120" hits="0" branch="false"/>
            <line number="121" hits="0" branch="false"/>
            <line number="122" hits="0" branch="false"/>
            <line number="123" hits="0" branch="false"/>
            <line number="127" hits="0" branch="false"/>
            <line number="130" hits="0" branch="false"/>
            <line number="131" hits="0" branch="true" condition-coverage="0% (0/1)"/>
            <line number="132" hits="0" branch="false"/>
            <line number="135" hits="0" branch="false"/>
            <line number="136" hits="0" branch="false"/>
            <line number="137" hits="0" branch="false"/>
            <line number="139" hits="0" branch="true" condition-coverage="0% (0/3)"/>
            <line number="140" hits="0" branch="false"/>
            <line number="141" hits="0" branch="false"/>
            <line number="144" hits="0" branch="false"/>
            <line number="145" hits="0" branch="false"/>
            <line number="149" hits="0" branch="false"/>
            <line number="153" hits="0" branch="false"/>
            <line number="157" hits="14" branch="false"/>
            <line number="161" hits="6" branch="false"/>
            <line number="165" hits="27" branch="false"/>
            <line number="169" hits="29" branch="false"/>
            <line number="173" hits="0" branch="false"/>
            <line number="177" hits="0" branch="false"/>
          </lines>
        </class>
        <class name="constant.ts" filename="packages/oraidex-common/src/constant.ts" line-rate="1" branch-rate="1">
          <methods>
            <method name="(anonymous_122)" hits="2" signature="()V">
              <lines>
                <line number="152" hits="2"/>
              </lines>
            </method>
            <method name="(anonymous_123)" hits="2" signature="()V">
              <lines>
                <line number="159" hits="2"/>
              </lines>
            </method>
          </methods>
          <lines>
            <line number="3" hits="24" branch="false"/>
            <line number="4" hits="14" branch="false"/>
            <line number="6" hits="40" branch="false"/>
            <line number="7" hits="2" branch="false"/>
            <line number="8" hits="2" branch="false"/>
            <line number="9" hits="2" branch="false"/>
            <line number="10" hits="2" branch="false"/>
            <line number="11" hits="2" branch="false"/>
            <line number="12" hits="2" branch="false"/>
            <line number="13" hits="2" branch="false"/>
            <line number="14" hits="2" branch="false"/>
            <line number="15" hits="2" branch="false"/>
            <line number="18" hits="2" branch="false"/>
            <line number="19" hits="2" branch="false"/>
            <line number="20" hits="2" branch="false"/>
            <line number="21" hits="2" branch="false"/>
            <line number="22" hits="2" branch="false"/>
            <line number="24" hits="2" branch="false"/>
            <line number="26" hits="2" branch="false"/>
            <line number="29" hits="2" branch="false"/>
            <line number="32" hits="2" branch="false"/>
            <line number="33" hits="2" branch="false"/>
            <line number="34" hits="2" branch="false"/>
            <line number="37" hits="2" branch="false"/>
            <line number="38" hits="2" branch="false"/>
            <line number="39" hits="2" branch="false"/>
            <line number="40" hits="2" branch="false"/>
            <line number="42" hits="2" branch="false"/>
            <line number="43" hits="12" branch="false"/>
            <line number="44" hits="36" branch="false"/>
            <line number="45" hits="12" branch="false"/>
            <line number="46" hits="2" branch="false"/>
            <line number="47" hits="2" branch="false"/>
            <line number="50" hits="4" branch="false"/>
            <line number="51" hits="4" branch="false"/>
            <line number="52" hits="4" branch="false"/>
            <line number="53" hits="4" branch="false"/>
            <line number="54" hits="2" branch="false"/>
            <line number="55" hits="2" branch="false"/>
            <line number="57" hits="4" branch="false"/>
            <line number="58" hits="4" branch="false"/>
            <line number="61" hits="4" branch="false"/>
            <line number="62" hits="4" branch="false"/>
            <line number="63" hits="4" branch="false"/>
            <line number="64" hits="6" branch="false"/>
            <line number="65" hits="4" branch="false"/>
            <line number="66" hits="2" branch="false"/>
            <line number="67" hits="2" branch="false"/>
            <line number="68" hits="4" branch="false"/>
            <line number="69" hits="4" branch="false"/>
            <line number="72" hits="2" branch="false"/>
            <line number="74" hits="2" branch="false"/>
            <line number="75" hits="2" branch="false"/>
            <line number="76" hits="2" branch="false"/>
            <line number="77" hits="2" branch="false"/>
            <line number="78" hits="2" branch="false"/>
            <line number="79" hits="2" branch="false"/>
            <line number="80" hits="2" branch="false"/>
            <line number="81" hits="2" branch="false"/>
            <line number="82" hits="2" branch="false"/>
            <line number="85" hits="6" branch="false"/>
            <line number="86" hits="4" branch="false"/>
            <line number="87" hits="5" branch="false"/>
            <line number="88" hits="2" branch="false"/>
            <line number="89" hits="2" branch="false"/>
            <line number="90" hits="4" branch="false"/>
            <line number="91" hits="6" branch="false"/>
            <line number="92" hits="2" branch="false"/>
            <line number="93" hits="2" branch="false"/>
            <line number="94" hits="4" branch="false"/>
            <line number="95" hits="2" branch="false"/>
            <line number="98" hits="7" branch="false"/>
            <line number="99" hits="6" branch="false"/>
            <line number="100" hits="7" branch="false"/>
            <line number="101" hits="8" branch="false"/>
            <line number="102" hits="4" branch="false"/>
            <line number="103" hits="4" branch="false"/>
            <line number="104" hits="4" branch="false"/>
            <line number="105" hits="4" branch="false"/>
            <line number="106" hits="4" branch="false"/>
            <line number="107" hits="2" branch="false"/>
            <line number="108" hits="4" branch="false"/>
            <line number="109" hits="4" branch="false"/>
            <line number="110" hits="4" branch="false"/>
            <line number="111" hits="4" branch="false"/>
            <line number="114" hits="2" branch="false"/>
            <line number="115" hits="2" branch="false"/>
            <line number="116" hits="2" branch="false"/>
            <line number="117" hits="2" branch="false"/>
            <line number="118" hits="2" branch="false"/>
            <line number="119" hits="2" branch="false"/>
            <line number="120" hits="2" branch="false"/>
            <line number="121" hits="2" branch="false"/>
            <line number="122" hits="2" branch="false"/>
            <line number="123" hits="2" branch="false"/>
            <line number="126" hits="2" branch="false"/>
            <line number="127" hits="2" branch="false"/>
            <line number="128" hits="2" branch="false"/>
            <line number="131" hits="2" branch="false"/>
            <line number="133" hits="2" branch="false"/>
            <line number="136" hits="2" branch="false"/>
            <line number="137" hits="2" branch="false"/>
            <line number="140" hits="2" branch="false"/>
            <line number="142" hits="2" branch="false"/>
            <line number="145" hits="2" branch="false"/>
            <line number="146" hits="2" branch="false"/>
            <line number="148" hits="2" branch="false"/>
            <line number="149" hits="2" branch="false"/>
            <line number="152" hits="2" branch="true" condition-coverage="100% (2/2)"/>
            <line number="159" hits="2" branch="true" condition-coverage="100% (2/2)"/>
            <line number="170" hits="2" branch="false"/>
            <line number="176" hits="2" branch="false"/>
            <line number="182" hits="2" branch="false"/>
            <line number="188" hits="2" branch="false"/>
            <line number="194" hits="2" branch="false"/>
            <line number="201" hits="2" branch="false"/>
            <line number="202" hits="2" branch="false"/>
            <line number="203" hits="2" branch="false"/>
            <line number="206" hits="2" branch="false"/>
            <line number="207" hits="6" branch="false"/>
            <line number="212" hits="2" branch="false"/>
          </lines>
        </class>
        <class name="helper.ts" filename="packages/oraidex-common/src/helper.ts" line-rate="0.6842" branch-rate="0.5232">
          <methods>
            <method name="(anonymous_44)" hits="4" signature="()V">
              <lines>
                <line number="38" hits="4"/>
              </lines>
            </method>
            <method name="(anonymous_45)" hits="2" signature="()V">
              <lines>
                <line number="51" hits="2"/>
              </lines>
            </method>
            <method name="(anonymous_46)" hits="40" signature="()V">
              <lines>
                <line number="53" hits="40"/>
              </lines>
            </method>
            <method name="(anonymous_47)" hits="2" signature="()V">
              <lines>
                <line number="57" hits="2"/>
              </lines>
            </method>
            <method name="(anonymous_48)" hits="10" signature="()V">
              <lines>
                <line number="64" hits="10"/>
              </lines>
            </method>
            <method name="(anonymous_49)" hits="6" signature="()V">
              <lines>
                <line number="71" hits="6"/>
              </lines>
            </method>
            <method name="(anonymous_50)" hits="6" signature="()V">
              <lines>
                <line number="83" hits="6"/>
              </lines>
            </method>
            <method name="(anonymous_51)" hits="9" signature="()V">
              <lines>
                <line number="96" hits="9"/>
              </lines>
            </method>
            <method name="(anonymous_52)" hits="1" signature="()V">
              <lines>
                <line number="106" hits="1"/>
              </lines>
            </method>
            <method name="(anonymous_53)" hits="1" signature="()V">
              <lines>
                <line number="109" hits="1"/>
              </lines>
            </method>
            <method name="(anonymous_54)" hits="2" signature="()V">
              <lines>
                <line number="115" hits="2"/>
              </lines>
            </method>
            <method name="(anonymous_55)" hits="2" signature="()V">
              <lines>
                <line number="124" hits="2"/>
              </lines>
            </method>
            <method name="(anonymous_56)" hits="1" signature="()V">
              <lines>
                <line number="134" hits="1"/>
              </lines>
            </method>
            <method name="(anonymous_57)" hits="0" signature="()V">
              <lines>
                <line number="140" hits="0"/>
              </lines>
            </method>
            <method name="(anonymous_58)" hits="0" signature="()V">
              <lines>
                <line number="144" hits="0"/>
              </lines>
            </method>
            <method name="(anonymous_59)" hits="0" signature="()V">
              <lines>
                <line number="145" hits="0"/>
              </lines>
            </method>
            <method name="(anonymous_60)" hits="0" signature="()V">
              <lines>
                <line number="158" hits="0"/>
              </lines>
            </method>
            <method name="(anonymous_61)" hits="1" signature="()V">
              <lines>
                <line number="171" hits="1"/>
              </lines>
            </method>
            <method name="(anonymous_62)" hits="1" signature="()V">
              <lines>
                <line number="172" hits="1"/>
              </lines>
            </method>
            <method name="(anonymous_63)" hits="7" signature="()V">
              <lines>
                <line number="175" hits="7"/>
              </lines>
            </method>
            <method name="(anonymous_64)" hits="4" signature="()V">
              <lines>
                <line number="190" hits="4"/>
              </lines>
            </method>
            <method name="(anonymous_65)" hits="3" signature="()V">
              <lines>
                <line number="200" hits="3"/>
              </lines>
            </method>
            <method name="(anonymous_66)" hits="1" signature="()V">
              <lines>
                <line number="206" hits="1"/>
              </lines>
            </method>
            <method name="(anonymous_67)" hits="5" signature="()V">
              <lines>
                <line number="222" hits="5"/>
              </lines>
            </method>
            <method name="(anonymous_68)" hits="102" signature="()V">
              <lines>
                <line number="224" hits="102"/>
              </lines>
            </method>
            <method name="(anonymous_69)" hits="136" signature="()V">
              <lines>
                <line number="232" hits="136"/>
              </lines>
            </method>
            <method name="(anonymous_70)" hits="2" signature="()V">
              <lines>
                <line number="237" hits="2"/>
              </lines>
            </method>
            <method name="(anonymous_71)" hits="103" signature="()V">
              <lines>
                <line number="241" hits="103"/>
              </lines>
            </method>
            <method name="(anonymous_72)" hits="6" signature="()V">
              <lines>
                <line number="244" hits="6"/>
              </lines>
            </method>
            <method name="(anonymous_73)" hits="46" signature="()V">
              <lines>
                <line number="246" hits="46"/>
              </lines>
            </method>
            <method name="(anonymous_74)" hits="4" signature="()V">
              <lines>
                <line number="250" hits="4"/>
              </lines>
            </method>
            <method name="(anonymous_75)" hits="3" signature="()V">
              <lines>
                <line number="255" hits="3"/>
              </lines>
            </method>
            <method name="(anonymous_76)" hits="0" signature="()V">
              <lines>
                <line number="264" hits="0"/>
              </lines>
            </method>
            <method name="(anonymous_77)" hits="0" signature="()V">
              <lines>
                <line number="265" hits="0"/>
              </lines>
            </method>
            <method name="(anonymous_78)" hits="0" signature="()V">
              <lines>
                <line number="267" hits="0"/>
              </lines>
            </method>
            <method name="(anonymous_79)" hits="0" signature="()V">
              <lines>
                <line number="274" hits="0"/>
              </lines>
            </method>
            <method name="(anonymous_80)" hits="2" signature="()V">
              <lines>
                <line number="290" hits="2"/>
              </lines>
            </method>
            <method name="toObject" hits="0" signature="()V">
              <lines>
                <line number="297" hits="0"/>
              </lines>
            </method>
            <method name="(anonymous_82)" hits="0" signature="()V">
              <lines>
                <line number="301" hits="0"/>
              </lines>
            </method>
            <method name="(anonymous_83)" hits="0" signature="()V">
              <lines>
                <line number="313" hits="0"/>
              </lines>
            </method>
            <method name="(anonymous_84)" hits="0" signature="()V">
              <lines>
                <line number="331" hits="0"/>
              </lines>
            </method>
            <method name="(anonymous_85)" hits="0" signature="()V">
              <lines>
                <line number="341" hits="0"/>
              </lines>
            </method>
            <method name="(anonymous_86)" hits="0" signature="()V">
              <lines>
                <line number="356" hits="0"/>
              </lines>
            </method>
            <method name="(anonymous_87)" hits="0" signature="()V">
              <lines>
                <line number="374" hits="0"/>
              </lines>
            </method>
            <method name="(anonymous_88)" hits="0" signature="()V">
              <lines>
                <line number="385" hits="0"/>
              </lines>
            </method>
            <method name="(anonymous_89)" hits="0" signature="()V">
              <lines>
                <line number="390" hits="0"/>
              </lines>
            </method>
            <method name="(anonymous_90)" hits="0" signature="()V">
              <lines>
                <line number="395" hits="0"/>
              </lines>
            </method>
            <method name="(anonymous_91)" hits="0" signature="()V">
              <lines>
                <line number="414" hits="0"/>
              </lines>
            </method>
            <method name="parseAssetInfoOnlyDenom" hits="0" signature="()V">
              <lines>
                <line number="434" hits="0"/>
              </lines>
            </method>
            <method name="(anonymous_93)" hits="18" signature="()V">
              <lines>
                <line number="439" hits="18"/>
              </lines>
            </method>
            <method name="(anonymous_94)" hits="6" signature="()V">
              <lines>
                <line number="462" hits="6"/>
              </lines>
            </method>
            <method name="(anonymous_95)" hits="16" signature="()V">
              <lines>
                <line number="463" hits="16"/>
              </lines>
            </method>
            <method name="(anonymous_96)" hits="2" signature="()V">
              <lines>
                <line number="479" hits="2"/>
              </lines>
            </method>
            <method name="(anonymous_97)" hits="2" signature="()V">
              <lines>
                <line number="486" hits="2"/>
              </lines>
            </method>
          </methods>
          <lines>
            <line number="1" hits="2" branch="false"/>
            <line number="2" hits="2" branch="false"/>
            <line number="3" hits="2" branch="false"/>
            <line number="7" hits="2" branch="false"/>
            <line number="8" hits="2" branch="false"/>
            <line number="9" hits="2" branch="false"/>
            <line number="10" hits="2" branch="false"/>
            <line number="11" hits="2" branch="false"/>
            <line number="21" hits="2" branch="false"/>
            <line number="32" hits="2" branch="false"/>
            <line number="34" hits="2" branch="false"/>
            <line number="35" hits="2" branch="false"/>
            <line number="36" hits="2" branch="false"/>
            <line number="38" hits="4" branch="false"/>
            <line number="39" hits="4" branch="true" condition-coverage="100% (1/1)"/>
            <line number="40" hits="3" branch="false"/>
            <line number="41" hits="3" branch="false"/>
            <line number="42" hits="2" branch="false"/>
            <line number="43" hits="2" branch="false"/>
            <line number="45" hits="1" branch="false"/>
            <line number="51" hits="2" branch="false"/>
            <line number="52" hits="2" branch="false"/>
            <line number="53" hits="40" branch="false"/>
            <line number="54" hits="2" branch="false"/>
            <line number="57" hits="2" branch="false"/>
            <line number="58" hits="2" branch="false"/>
            <line number="59" hits="2" branch="false"/>
            <line number="60" hits="2" branch="false"/>
            <line number="61" hits="2" branch="false"/>
            <line number="64" hits="4" branch="false"/>
            <line number="65" hits="10" branch="true" condition-coverage="0% (0/1)"/>
            <line number="66" hits="10" branch="true" condition-coverage="100% (3/3)"/>
            <line number="67" hits="8" branch="false"/>
            <line number="71" hits="6" branch="true" condition-coverage="0% (0/1)"/>
            <line number="72" hits="6" branch="false"/>
            <line number="73" hits="6" branch="false"/>
            <line number="83" hits="6" branch="false"/>
            <line number="84" hits="6" branch="true" condition-coverage="100% (1/1)"/>
            <line number="85" hits="5" branch="false"/>
            <line number="96" hits="4" branch="true" condition-coverage="50% (1/2)"/>
            <line number="97" hits="9" branch="true" condition-coverage="0% (0/1)"/>
            <line number="99" hits="9" branch="true" condition-coverage="75% (3/4)"/>
            <line number="100" hits="9" branch="false"/>
            <line number="101" hits="9" branch="false"/>
            <line number="103" hits="9" branch="true" condition-coverage="100% (2/2)"/>
            <line number="106" hits="2" branch="false"/>
            <line number="107" hits="1" branch="true" condition-coverage="0% (0/1)"/>
            <line number="108" hits="1" branch="false"/>
            <line number="110" hits="1" branch="false"/>
            <line number="115" hits="2" branch="false"/>
            <line number="116" hits="2" branch="false"/>
            <line number="124" hits="2" branch="false"/>
            <line number="125" hits="2" branch="true" condition-coverage="100% (2/2)"/>
            <line number="134" hits="2" branch="false"/>
            <line number="135" hits="1" branch="true" condition-coverage="50% (1/2)"/>
            <line number="140" hits="2" branch="false"/>
            <line number="141" hits="0" branch="false"/>
            <line number="144" hits="2" branch="false"/>
            <line number="145" hits="0" branch="false"/>
            <line number="146" hits="0" branch="false"/>
            <line number="158" hits="2" branch="false"/>
            <line number="162" hits="0" branch="false"/>
            <line number="163" hits="0" branch="true" condition-coverage="0% (0/2)"/>
            <line number="164" hits="0" branch="false"/>
            <line number="165" hits="0" branch="false"/>
            <line number="167" hits="0" branch="false"/>
            <line number="171" hits="2" branch="false"/>
            <line number="172" hits="1" branch="false"/>
            <line number="175" hits="7" branch="false"/>
            <line number="181" hits="7" branch="false"/>
            <line number="190" hits="4" branch="false"/>
            <line number="191" hits="4" branch="true" condition-coverage="100% (1/1)"/>
            <line number="192" hits="2" branch="false"/>
            <line number="197" hits="2" branch="false"/>
            <line number="200" hits="3" branch="false"/>
            <line number="201" hits="3" branch="false"/>
            <line number="202" hits="3" branch="false"/>
            <line number="203" hits="3" branch="true" condition-coverage="100% (1/1)"/>
            <line number="205" hits="3" branch="true" condition-coverage="100% (1/1)"/>
            <line number="206" hits="2" branch="false"/>
            <line number="207" hits="2" branch="false"/>
            <line number="211" hits="2" branch="false"/>
            <line number="222" hits="5" branch="false"/>
            <line number="223" hits="5" branch="false"/>
            <line number="225" hits="102" branch="true" condition-coverage="100% (4/4)"/>
            <line number="232" hits="136" branch="false"/>
            <line number="233" hits="136" branch="true" condition-coverage="100% (1/1)"/>
            <line number="234" hits="64" branch="false"/>
            <line number="237" hits="2" branch="false"/>
            <line number="241" hits="103" branch="true" condition-coverage="100% (2/2)"/>
            <line number="244" hits="6" branch="false"/>
            <line number="245" hits="6" branch="false"/>
            <line number="246" hits="46" branch="true" condition-coverage="100% (4/4)"/>
            <line number="250" hits="4" branch="false"/>
            <line number="251" hits="4" branch="true" condition-coverage="100% (1/1)"/>
            <line number="252" hits="2" branch="false"/>
            <line number="255" hits="3" branch="false"/>
            <line number="256" hits="3" branch="false"/>
            <line number="257" hits="3" branch="false"/>
            <line number="258" hits="1" branch="false"/>
            <line number="260" hits="2" branch="false"/>
            <line number="264" hits="2" branch="false"/>
            <line number="265" hits="0" branch="false"/>
            <line number="267" hits="0" branch="false"/>
            <line number="274" hits="2" branch="false"/>
            <line number="275" hits="0" branch="true" condition-coverage="0% (0/1)"/>
            <line number="276" hits="0" branch="false"/>
            <line number="277" hits="0" branch="true" condition-coverage="0% (0/1)"/>
            <line number="278" hits="0" branch="false"/>
            <line number="279" hits="0" branch="false"/>
            <line number="280" hits="0" branch="false"/>
            <line number="281" hits="0" branch="true" condition-coverage="0% (0/1)"/>
            <line number="282" hits="0" branch="false"/>
            <line number="284" hits="0" branch="false"/>
            <line number="287" hits="0" branch="false"/>
            <line number="290" hits="2" branch="false"/>
            <line number="291" hits="2" branch="true" condition-coverage="100% (1/1)"/>
            <line number="292" hits="1" branch="false"/>
            <line number="294" hits="1" branch="false"/>
            <line number="297" hits="0" branch="false"/>
            <line number="301" hits="0" branch="true" condition-coverage="0% (0/2)"/>
            <line number="305" hits="2" branch="false"/>
            <line number="313" hits="2" branch="false"/>
            <line number="324" hits="0" branch="true" condition-coverage="0% (0/3)"/>
            <line number="326" hits="0" branch="true" condition-coverage="0% (0/1)"/>
            <line number="328" hits="0" branch="false"/>
            <line number="331" hits="2" branch="false"/>
            <line number="332" hits="0" branch="true" condition-coverage="0% (0/1)"/>
            <line number="334" hits="0" branch="false"/>
            <line number="341" hits="2" branch="false"/>
            <line number="352" hits="0" branch="true" condition-coverage="0% (0/1)"/>
            <line number="354" hits="0" branch="false"/>
            <line number="356" hits="0" branch="false"/>
            <line number="358" hits="0" branch="true" condition-coverage="0% (0/1)"/>
            <line number="359" hits="0" branch="false"/>
            <line number="361" hits="0" branch="true" condition-coverage="0% (0/2)"/>
            <line number="362" hits="0" branch="true" condition-coverage="0% (0/2)"/>
            <line number="364" hits="0" branch="false"/>
            <line number="371" hits="0" branch="false"/>
            <line number="374" hits="2" branch="false"/>
            <line number="375" hits="0" branch="false"/>
            <line number="376" hits="0" branch="false"/>
            <line number="377" hits="0" branch="false"/>
            <line number="378" hits="0" branch="true" condition-coverage="0% (0/1)"/>
            <line number="379" hits="0" branch="false"/>
            <line number="380" hits="0" branch="true" condition-coverage="0% (0/2)"/>
            <line number="382" hits="0" branch="false"/>
            <line number="385" hits="2" branch="false"/>
            <line number="386" hits="0" branch="false"/>
            <line number="387" hits="0" branch="false"/>
            <line number="390" hits="2" branch="false"/>
            <line number="391" hits="0" branch="false"/>
            <line number="392" hits="0" branch="false"/>
            <line number="395" hits="2" branch="false"/>
            <line number="397" hits="0" branch="false"/>
            <line number="399" hits="0" branch="false"/>
            <line number="401" hits="0" branch="false"/>
            <line number="402" hits="0" branch="true" condition-coverage="0% (0/1)"/>
            <line number="403" hits="0" branch="false"/>
            <line number="405" hits="0" branch="false"/>
            <line number="414" hits="2" branch="true" condition-coverage="0% (0/1)"/>
            <line number="415" hits="0" branch="true" condition-coverage="0% (0/2)"/>
            <line number="416" hits="0" branch="true" condition-coverage="0% (0/1)"/>
            <line number="417" hits="0" branch="false"/>
            <line number="418" hits="0" branch="false"/>
            <line number="419" hits="0" branch="false"/>
            <line number="420" hits="0" branch="false"/>
            <line number="422" hits="0" branch="false"/>
            <line number="423" hits="0" branch="false"/>
            <line number="424" hits="0" branch="true" condition-coverage="0% (0/1)"/>
            <line number="425" hits="0" branch="false"/>
            <line number="434" hits="0" branch="false"/>
            <line number="435" hits="0" branch="true" condition-coverage="0% (0/1)"/>
            <line number="436" hits="0" branch="false"/>
            <line number="439" hits="6" branch="false"/>
            <line number="440" hits="18" branch="true" condition-coverage="100% (1/1)"/>
            <line number="442" hits="17" branch="true" condition-coverage="100% (2/2)"/>
            <line number="443" hits="17" branch="true" condition-coverage="100% (1/1)"/>
            <line number="444" hits="4" branch="false"/>
            <line number="445" hits="4" branch="false"/>
            <line number="447" hits="4" branch="false"/>
            <line number="450" hits="13" branch="false"/>
            <line number="451" hits="422" branch="true" condition-coverage="100% (1/1)"/>
            <line number="452" hits="11" branch="false"/>
            <line number="453" hits="11" branch="false"/>
            <line number="456" hits="422" branch="true" condition-coverage="100% (1/1)"/>
            <line number="458" hits="13" branch="true" condition-coverage="100% (1/1)"/>
            <line number="459" hits="13" branch="false"/>
            <line number="462" hits="4" branch="false"/>
            <line number="463" hits="16" branch="false"/>
            <line number="464" hits="6" branch="false"/>
            <line number="465" hits="6" branch="false"/>
            <line number="467" hits="8" branch="false"/>
            <line number="468" hits="386" branch="true" condition-coverage="100% (1/1)"/>
            <line number="469" hits="36" branch="true" condition-coverage="100% (1/1)"/>
            <line number="470" hits="36" branch="false"/>
            <line number="472" hits="386" branch="false"/>
            <line number="474" hits="8" branch="false"/>
            <line number="476" hits="6" branch="false"/>
            <line number="479" hits="2" branch="false"/>
            <line number="480" hits="2" branch="true" condition-coverage="100% (1/1)"/>
            <line number="481" hits="1" branch="false"/>
            <line number="482" hits="1" branch="false"/>
            <line number="483" hits="1" branch="false"/>
            <line number="484" hits="1" branch="false"/>
            <line number="486" hits="1" branch="false"/>
            <line number="487" hits="2" branch="true" condition-coverage="100% (2/2)"/>
            <line number="488" hits="2" branch="true" condition-coverage="50% (1/2)"/>
            <line number="489" hits="2" branch="false"/>
          </lines>
        </class>
        <class name="network.ts" filename="packages/oraidex-common/src/network.ts" line-rate="1" branch-rate="1">
          <methods>
            <method name="(anonymous_16)" hits="16" signature="()V">
              <lines>
                <line number="173" hits="16"/>
              </lines>
            </method>
            <method name="(anonymous_17)" hits="24" signature="()V">
              <lines>
                <line number="1107" hits="24"/>
              </lines>
            </method>
            <method name="(anonymous_18)" hits="24" signature="()V">
              <lines>
                <line number="1108" hits="24"/>
              </lines>
            </method>
            <method name="(anonymous_19)" hits="2" signature="()V">
              <lines>
                <line number="1111" hits="2"/>
              </lines>
            </method>
          </methods>
          <lines>
            <line number="55" hits="2" branch="false"/>
            <line number="173" hits="2" branch="false"/>
            <line number="180" hits="16" branch="false"/>
            <line number="190" hits="2" branch="false"/>
            <line number="204" hits="2" branch="false"/>
            <line number="215" hits="2" branch="false"/>
            <line number="227" hits="2" branch="false"/>
            <line number="239" hits="2" branch="false"/>
            <line number="252" hits="2" branch="false"/>
            <line number="265" hits="2" branch="false"/>
            <line number="278" hits="2" branch="false"/>
            <line number="291" hits="2" branch="false"/>
            <line number="494" hits="2" branch="false"/>
            <line number="1087" hits="2" branch="false"/>
            <line number="1107" hits="24" branch="false"/>
            <line number="1108" hits="24" branch="false"/>
            <line number="1111" hits="2" branch="true" condition-coverage="100% (2/2)"/>
          </lines>
        </class>
        <class name="pairs.ts" filename="packages/oraidex-common/src/pairs.ts" line-rate="0.9259000000000001" branch-rate="0.8887999999999999">
          <methods>
            <method name="(anonymous_8)" hits="2" signature="()V">
              <lines>
                <line number="112" hits="2"/>
              </lines>
            </method>
            <method name="(anonymous_9)" hits="3" signature="()V">
              <lines>
                <line number="133" hits="3"/>
              </lines>
            </method>
            <method name="(anonymous_10)" hits="29" signature="()V">
              <lines>
                <line number="134" hits="29"/>
              </lines>
            </method>
            <method name="(anonymous_11)" hits="58" signature="()V">
              <lines>
                <line number="135" hits="58"/>
              </lines>
            </method>
            <method name="(anonymous_12)" hits="4" signature="()V">
              <lines>
                <line number="144" hits="4"/>
              </lines>
            </method>
            <method name="(anonymous_13)" hits="20" signature="()V">
              <lines>
                <line number="146" hits="20"/>
              </lines>
            </method>
            <method name="(anonymous_14)" hits="32" signature="()V">
              <lines>
                <line number="147" hits="32"/>
              </lines>
            </method>
            <method name="(anonymous_15)" hits="34" signature="()V">
              <lines>
                <line number="148" hits="34"/>
              </lines>
            </method>
            <method name="(anonymous_16)" hits="0" signature="()V">
              <lines>
                <line number="156" hits="0"/>
              </lines>
            </method>
            <method name="(anonymous_17)" hits="0" signature="()V">
              <lines>
                <line number="157" hits="0"/>
              </lines>
            </method>
            <method name="(anonymous_18)" hits="0" signature="()V">
              <lines>
                <line number="157" hits="0"/>
              </lines>
            </method>
            <method name="(anonymous_19)" hits="34" signature="()V">
              <lines>
                <line number="160" hits="34"/>
              </lines>
            </method>
            <method name="(anonymous_20)" hits="68" signature="()V">
              <lines>
                <line number="161" hits="68"/>
              </lines>
            </method>
          </methods>
          <lines>
            <line number="20" hits="2" branch="false"/>
            <line number="21" hits="2" branch="false"/>
            <line number="22" hits="2" branch="false"/>
            <line number="23" hits="2" branch="false"/>
            <line number="24" hits="2" branch="false"/>
            <line number="32" hits="2" branch="false"/>
            <line number="112" hits="2" branch="true" condition-coverage="100% (2/2)"/>
            <line number="133" hits="3" branch="false"/>
            <line number="134" hits="3" branch="false"/>
            <line number="135" hits="29" branch="false"/>
            <line number="136" hits="58" branch="true" condition-coverage="100% (1/1)"/>
            <line number="137" hits="32" branch="false"/>
            <line number="139" hits="26" branch="false"/>
            <line number="144" hits="4" branch="false"/>
            <line number="145" hits="4" branch="false"/>
            <line number="147" hits="32" branch="true" condition-coverage="100% (2/2)"/>
            <line number="148" hits="34" branch="false"/>
            <line number="150" hits="4" branch="true" condition-coverage="0% (0/1)"/>
            <line number="151" hits="0" branch="false"/>
            <line number="153" hits="4" branch="true" condition-coverage="100% (2/2)"/>
            <line number="156" hits="2" branch="false"/>
            <line number="157" hits="0" branch="false"/>
            <line number="160" hits="2" branch="false"/>
            <line number="161" hits="34" branch="false"/>
            <line number="162" hits="68" branch="true" condition-coverage="100% (1/1)"/>
            <line number="163" hits="34" branch="false"/>
            <line number="166" hits="34" branch="false"/>
          </lines>
        </class>
        <class name="token.ts" filename="packages/oraidex-common/src/token.ts" line-rate="1" branch-rate="1">
          <methods>
            <method name="(anonymous_12)" hits="24" signature="()V">
              <lines>
                <line number="81" hits="24"/>
              </lines>
            </method>
            <method name="(anonymous_13)" hits="126" signature="()V">
              <lines>
                <line number="82" hits="126"/>
              </lines>
            </method>
            <method name="(anonymous_14)" hits="24" signature="()V">
              <lines>
                <line number="109" hits="24"/>
              </lines>
            </method>
            <method name="(anonymous_15)" hits="126" signature="()V">
              <lines>
                <line number="115" hits="126"/>
              </lines>
            </method>
            <method name="(anonymous_16)" hits="126" signature="()V">
              <lines>
                <line number="116" hits="126"/>
              </lines>
            </method>
            <method name="(anonymous_17)" hits="126" signature="()V">
              <lines>
                <line number="119" hits="126"/>
              </lines>
            </method>
            <method name="(anonymous_18)" hits="88" signature="()V">
              <lines>
                <line number="123" hits="88"/>
              </lines>
            </method>
            <method name="(anonymous_19)" hits="88" signature="()V">
              <lines>
                <line number="129" hits="88"/>
              </lines>
            </method>
            <method name="(anonymous_20)" hits="30" signature="()V">
              <lines>
                <line number="133" hits="30"/>
              </lines>
            </method>
            <method name="(anonymous_21)" hits="30" signature="()V">
              <lines>
                <line number="136" hits="30"/>
              </lines>
            </method>
            <method name="(anonymous_22)" hits="126" signature="()V">
              <lines>
                <line number="140" hits="126"/>
              </lines>
            </method>
            <method name="(anonymous_23)" hits="36" signature="()V">
              <lines>
                <line number="144" hits="36"/>
              </lines>
            </method>
            <method name="(anonymous_24)" hits="88" signature="()V">
              <lines>
                <line number="148" hits="88"/>
              </lines>
            </method>
            <method name="(anonymous_25)" hits="10" signature="()V">
              <lines>
                <line number="149" hits="10"/>
              </lines>
            </method>
          </methods>
          <lines>
            <line number="3" hits="2" branch="false"/>
            <line number="4" hits="2" branch="false"/>
            <line number="13" hits="2" branch="false"/>
            <line number="72" hits="2" branch="false"/>
            <line number="77" hits="2" branch="false"/>
            <line number="81" hits="2" branch="false"/>
            <line number="82" hits="126" branch="false"/>
            <line number="108" hits="2" branch="false"/>
            <line number="109" hits="24" branch="false"/>
            <line number="111" hits="12" branch="false"/>
            <line number="113" hits="2" branch="false"/>
            <line number="114" hits="11" branch="false"/>
            <line number="115" hits="126" branch="false"/>
            <line number="116" hits="126" branch="true" condition-coverage="100% (2/2)"/>
            <line number="117" hits="11" branch="false"/>
            <line number="121" hits="126" branch="true" condition-coverage="100% (3/3)"/>
            <line number="123" hits="88" branch="false"/>
            <line number="126" hits="2" branch="false"/>
            <line number="131" hits="88" branch="false"/>
            <line number="133" hits="30" branch="false"/>
            <line number="136" hits="30" branch="false"/>
            <line number="138" hits="2" branch="false"/>
            <line number="142" hits="126" branch="true" condition-coverage="100% (4/4)"/>
            <line number="144" hits="36" branch="false"/>
            <line number="147" hits="2" branch="false"/>
            <line number="148" hits="88" branch="false"/>
            <line number="149" hits="10" branch="false"/>
          </lines>
        </class>
      </classes>
    </package>
    <package name="universal-swap.src" line-rate="0.6435" branch-rate="0.6082">
      <classes>
        <class name="handler.ts" filename="packages/universal-swap/src/handler.ts" line-rate="0.4307" branch-rate="0.4105">
          <methods>
            <method name="(anonymous_1)" hits="24" signature="()V">
              <lines>
                <line number="62" hits="24"/>
              </lines>
            </method>
            <method name="(anonymous_2)" hits="0" signature="()V">
              <lines>
                <line number="389" hits="0"/>
              </lines>
            </method>
            <method name="(anonymous_3)" hits="4" signature="()V">
              <lines>
                <line number="64" hits="4"/>
              </lines>
            </method>
            <method name="(anonymous_4)" hits="0" signature="()V">
              <lines>
                <line number="70" hits="0"/>
              </lines>
            </method>
            <method name="(anonymous_5)" hits="7" signature="()V">
              <lines>
                <line number="74" hits="7"/>
              </lines>
            </method>
            <method name="(anonymous_6)" hits="9" signature="()V">
              <lines>
                <line number="80" hits="9"/>
              </lines>
            </method>
            <method name="(anonymous_7)" hits="3" signature="()V">
              <lines>
                <line number="102" hits="3"/>
              </lines>
            </method>
            <method name="(anonymous_8)" hits="5" signature="()V">
              <lines>
                <line number="181" hits="5"/>
              </lines>
            </method>
            <method name="(anonymous_9)" hits="4" signature="()V">
              <lines>
                <line number="195" hits="4"/>
              </lines>
            </method>
            <method name="(anonymous_10)" hits="3" signature="()V">
              <lines>
                <line number="209" hits="3"/>
              </lines>
            </method>
            <method name="(anonymous_11)" hits="0" signature="()V">
              <lines>
                <line number="271" hits="0"/>
              </lines>
            </method>
            <method name="(anonymous_12)" hits="0" signature="()V">
              <lines>
                <line number="282" hits="0"/>
              </lines>
            </method>
            <method name="(anonymous_13)" hits="0" signature="()V">
              <lines>
                <line number="354" hits="0"/>
              </lines>
            </method>
            <method name="(anonymous_14)" hits="0" signature="()V">
              <lines>
                <line number="411" hits="0"/>
              </lines>
            </method>
            <method name="(anonymous_15)" hits="0" signature="()V">
              <lines>
                <line number="432" hits="0"/>
              </lines>
            </method>
            <method name="(anonymous_16)" hits="0" signature="()V">
              <lines>
                <line number="488" hits="0"/>
              </lines>
            </method>
            <method name="(anonymous_17)" hits="0" signature="()V">
              <lines>
                <line number="573" hits="0"/>
              </lines>
            </method>
            <method name="(anonymous_18)" hits="4" signature="()V">
              <lines>
                <line number="636" hits="4"/>
              </lines>
            </method>
            <method name="(anonymous_19)" hits="4" signature="()V">
              <lines>
                <line number="658" hits="4"/>
              </lines>
            </method>
            <method name="(anonymous_20)" hits="7" signature="()V">
              <lines>
                <line number="721" hits="7"/>
              </lines>
            </method>
          </methods>
          <lines>
            <line number="1" hits="1" branch="false"/>
            <line number="2" hits="1" branch="false"/>
            <line number="3" hits="1" branch="false"/>
            <line number="39" hits="1" branch="false"/>
            <line number="40" hits="1" branch="false"/>
            <line number="55" hits="1" branch="false"/>
            <line number="57" hits="1" branch="false"/>
            <line number="60" hits="1" branch="false"/>
            <line number="61" hits="1" branch="false"/>
            <line number="62" hits="24" branch="false"/>
            <line number="65" hits="4" branch="false"/>
            <line number="66" hits="4" branch="true" condition-coverage="0% (0/1)"/>
            <line number="67" hits="4" branch="false"/>
            <line number="71" hits="0" branch="true" condition-coverage="0% (0/2)"/>
            <line number="75" hits="7" branch="false"/>
            <line number="76" hits="7" branch="true" condition-coverage="100% (3/3)"/>
            <line number="77" hits="1" branch="false"/>
            <line number="85" hits="9" branch="true" condition-coverage="100% (4/4)"/>
            <line number="86" hits="2" branch="true" condition-coverage="100% (2/2)"/>
            <line number="89" hits="7" branch="true" condition-coverage="100% (1/1)"/>
            <line number="90" hits="6" branch="true" condition-coverage="100% (1/1)"/>
            <line number="91" hits="1" branch="false"/>
            <line number="92" hits="1" branch="true" condition-coverage="100% (3/3)"/>
            <line number="93" hits="0" branch="false"/>
            <line number="95" hits="1" branch="false"/>
            <line number="104" hits="3" branch="false"/>
            <line number="105" hits="3" branch="false"/>
            <line number="106" hits="3" branch="false"/>
            <line number="107" hits="3" branch="true" condition-coverage="0% (0/1)"/>
            <line number="108" hits="0" branch="false"/>
            <line number="109" hits="0" branch="false"/>
            <line number="111" hits="3" branch="false"/>
            <line number="112" hits="3" branch="false"/>
            <line number="113" hits="3" branch="true" condition-coverage="0% (0/1)"/>
            <line number="114" hits="3" branch="false"/>
            <line number="115" hits="3" branch="false"/>
            <line number="116" hits="3" branch="false"/>
            <line number="117" hits="3" branch="true" condition-coverage="33.33333333333333% (1/3)"/>
            <line number="118" hits="0" branch="false"/>
            <line number="119" hits="0" branch="false"/>
            <line number="124" hits="3" branch="true" condition-coverage="100% (2/2)"/>
            <line number="125" hits="1" branch="false"/>
            <line number="130" hits="2" branch="false"/>
            <line number="145" hits="3" branch="false"/>
            <line number="146" hits="3" branch="false"/>
            <line number="147" hits="3" branch="true" condition-coverage="0% (0/1)"/>
            <line number="149" hits="0" branch="true" condition-coverage="0% (0/3)"/>
            <line number="150" hits="0" branch="false"/>
            <line number="151" hits="0" branch="false"/>
            <line number="152" hits="0" branch="false"/>
            <line number="158" hits="0" branch="false"/>
            <line number="159" hits="0" branch="false"/>
            <line number="164" hits="0" branch="true" condition-coverage="0% (0/1)"/>
            <line number="165" hits="0" branch="false"/>
            <line number="166" hits="0" branch="false"/>
            <line number="167" hits="0" branch="false"/>
            <line number="169" hits="0" branch="false"/>
            <line number="173" hits="3" branch="true" condition-coverage="100% (1/1)"/>
            <line number="174" hits="1" branch="false"/>
            <line number="175" hits="1" branch="false"/>
            <line number="176" hits="1" branch="false"/>
            <line number="178" hits="2" branch="false"/>
            <line number="182" hits="5" branch="false"/>
            <line number="184" hits="5" branch="true" condition-coverage="100% (1/1)"/>
            <line number="185" hits="1" branch="false"/>
            <line number="187" hits="5" branch="false"/>
            <line number="189" hits="5" branch="true" condition-coverage="100% (4/4)"/>
            <line number="190" hits="1" branch="false"/>
            <line number="192" hits="4" branch="false"/>
            <line number="201" hits="4" branch="false"/>
            <line number="202" hits="4" branch="true" condition-coverage="100% (2/2)"/>
            <line number="210" hits="3" branch="false"/>
            <line number="211" hits="3" branch="false"/>
            <line number="213" hits="3" branch="true" condition-coverage="100% (1/1)"/>
            <line number="214" hits="1" branch="false"/>
            <line number="215" hits="1" branch="false"/>
            <line number="219" hits="3" branch="false"/>
            <line number="220" hits="3" branch="false"/>
            <line number="221" hits="3" branch="true" condition-coverage="100% (1/1)"/>
            <line number="223" hits="2" branch="false"/>
            <line number="224" hits="2" branch="false"/>
            <line number="229" hits="2" branch="false"/>
            <line number="230" hits="2" branch="false"/>
            <line number="231" hits="2" branch="true" condition-coverage="0% (0/1)"/>
            <line number="232" hits="0" branch="false"/>
            <line number="233" hits="0" branch="false"/>
            <line number="234" hits="0" branch="false"/>
            <line number="235" hits="0" branch="false"/>
            <line number="236" hits="0" branch="false"/>
            <line number="243" hits="0" branch="false"/>
            <line number="244" hits="0" branch="false"/>
            <line number="245" hits="0" branch="false"/>
            <line number="247" hits="0" branch="false"/>
            <line number="248" hits="0" branch="false"/>
            <line number="249" hits="0" branch="false"/>
            <line number="261" hits="0" branch="false"/>
            <line number="265" hits="2" branch="false"/>
            <line number="266" hits="2" branch="false"/>
            <line number="267" hits="2" branch="false"/>
            <line number="272" hits="0" branch="false"/>
            <line number="273" hits="0" branch="false"/>
            <line number="277" hits="0" branch="false"/>
            <line number="278" hits="0" branch="false"/>
            <line number="294" hits="0" branch="false"/>
            <line number="295" hits="0" branch="false"/>
            <line number="296" hits="0" branch="false"/>
            <line number="297" hits="0" branch="false"/>
            <line number="301" hits="0" branch="false"/>
            <line number="302" hits="0" branch="false"/>
            <line number="303" hits="0" branch="false"/>
            <line number="304" hits="0" branch="false"/>
            <line number="305" hits="0" branch="false"/>
            <line number="306" hits="0" branch="false"/>
            <line number="308" hits="0" branch="false"/>
            <line number="311" hits="0" branch="true" condition-coverage="0% (0/1)"/>
            <line number="320" hits="0" branch="true" condition-coverage="0% (0/2)"/>
            <line number="321" hits="0" branch="false"/>
            <line number="327" hits="0" branch="true" condition-coverage="0% (0/2)"/>
            <line number="329" hits="0" branch="false"/>
            <line number="330" hits="0" branch="false"/>
            <line number="332" hits="0" branch="false"/>
            <line number="341" hits="0" branch="false"/>
            <line number="349" hits="0" branch="false"/>
            <line number="350" hits="0" branch="false"/>
            <line number="355" hits="0" branch="false"/>
            <line number="356" hits="0" branch="false"/>
            <line number="357" hits="0" branch="false"/>
            <line number="358" hits="0" branch="false"/>
            <line number="359" hits="0" branch="false"/>
            <line number="360" hits="0" branch="false"/>
            <line number="362" hits="0" branch="true" condition-coverage="0% (0/2)"/>
            <line number="363" hits="0" branch="false"/>
            <line number="364" hits="0" branch="true" condition-coverage="0% (0/1)"/>
            <line number="377" hits="0" branch="true" condition-coverage="0% (0/1)"/>
            <line number="379" hits="0" branch="true" condition-coverage="0% (0/4)"/>
            <line number="380" hits="0" branch="false"/>
            <line number="381" hits="0" branch="false"/>
            <line number="382" hits="0" branch="false"/>
            <line number="383" hits="0" branch="false"/>
            <line number="384" hits="0" branch="false"/>
            <line number="388" hits="24" branch="false"/>
            <line number="390" hits="0" branch="false"/>
            <line number="391" hits="0" branch="false"/>
            <line number="392" hits="0" branch="false"/>
            <line number="396" hits="0" branch="false"/>
            <line number="397" hits="0" branch="true" condition-coverage="0% (0/3)"/>
            <line number="398" hits="0" branch="false"/>
            <line number="401" hits="0" branch="false"/>
            <line number="402" hits="0" branch="false"/>
            <line number="408" hits="0" branch="false"/>
            <line number="412" hits="0" branch="true" condition-coverage="0% (0/1)"/>
            <line number="413" hits="0" branch="false"/>
            <line number="418" hits="0" branch="true" condition-coverage="0% (0/1)"/>
            <line number="419" hits="0" branch="false"/>
            <line number="424" hits="0" branch="false"/>
            <line number="434" hits="0" branch="false"/>
            <line number="435" hits="0" branch="true" condition-coverage="0% (0/1)"/>
            <line number="436" hits="0" branch="false"/>
            <line number="438" hits="0" branch="false"/>
            <line number="444" hits="0" branch="false"/>
            <line number="445" hits="0" branch="true" condition-coverage="0% (0/1)"/>
            <line number="446" hits="0" branch="false"/>
            <line number="450" hits="0" branch="true" condition-coverage="0% (0/3)"/>
            <line number="452" hits="0" branch="false"/>
            <line number="453" hits="0" branch="false"/>
            <line number="455" hits="0" branch="false"/>
            <line number="456" hits="0" branch="false"/>
            <line number="457" hits="0" branch="false"/>
            <line number="463" hits="0" branch="true" condition-coverage="0% (0/1)"/>
            <line number="464" hits="0" branch="false"/>
            <line number="467" hits="0" branch="false"/>
            <line number="468" hits="0" branch="false"/>
            <line number="470" hits="0" branch="false"/>
            <line number="472" hits="0" branch="false"/>
            <line number="473" hits="0" branch="false"/>
            <line number="483" hits="0" branch="false"/>
            <line number="498" hits="0" branch="false"/>
            <line number="499" hits="0" branch="false"/>
            <line number="500" hits="0" branch="true" condition-coverage="0% (0/3)"/>
            <line number="501" hits="0" branch="true" condition-coverage="0% (0/1)"/>
            <line number="503" hits="0" branch="false"/>
            <line number="512" hits="0" branch="false"/>
            <line number="518" hits="0" branch="false"/>
            <line number="528" hits="0" branch="true" condition-coverage="0% (0/1)"/>
            <line number="529" hits="0" branch="false"/>
            <line number="530" hits="0" branch="true" condition-coverage="0% (0/1)"/>
            <line number="532" hits="0" branch="false"/>
            <line number="533" hits="0" branch="true" condition-coverage="0% (0/1)"/>
            <line number="534" hits="0" branch="false"/>
            <line number="535" hits="0" branch="false"/>
            <line number="536" hits="0" branch="false"/>
            <line number="538" hits="0" branch="true" condition-coverage="0% (0/2)"/>
            <line number="542" hits="0" branch="true" condition-coverage="0% (0/3)"/>
            <line number="543" hits="0" branch="false"/>
            <line number="546" hits="0" branch="false"/>
            <line number="555" hits="0" branch="false"/>
            <line number="556" hits="0" branch="false"/>
            <line number="562" hits="0" branch="true" condition-coverage="0% (0/1)"/>
            <line number="563" hits="0" branch="false"/>
            <line number="567" hits="0" branch="false"/>
            <line number="574" hits="0" branch="false"/>
            <line number="577" hits="0" branch="false"/>
            <line number="586" hits="0" branch="false"/>
            <line number="588" hits="0" branch="false"/>
            <line number="589" hits="0" branch="true" condition-coverage="0% (0/1)"/>
            <line number="590" hits="0" branch="false"/>
            <line number="595" hits="0" branch="false"/>
            <line number="596" hits="0" branch="false"/>
            <line number="603" hits="0" branch="false"/>
            <line number="624" hits="0" branch="true" condition-coverage="0% (0/1)"/>
            <line number="625" hits="0" branch="false"/>
            <line number="626" hits="0" branch="false"/>
            <line number="629" hits="0" branch="false"/>
            <line number="633" hits="0" branch="false"/>
            <line number="637" hits="4" branch="false"/>
            <line number="638" hits="4" branch="false"/>
            <line number="643" hits="4" branch="false"/>
            <line number="651" hits="4" branch="true" condition-coverage="100% (1/1)"/>
            <line number="652" hits="3" branch="true" condition-coverage="100% (3/3)"/>
            <line number="653" hits="2" branch="false"/>
            <line number="654" hits="1" branch="true" condition-coverage="100% (1/1)"/>
            <line number="655" hits="0" branch="false"/>
            <line number="660" hits="4" branch="false"/>
            <line number="661" hits="4" branch="false"/>
            <line number="663" hits="4" branch="false"/>
            <line number="664" hits="4" branch="false"/>
            <line number="665" hits="4" branch="false"/>
            <line number="666" hits="4" branch="false"/>
            <line number="667" hits="4" branch="false"/>
            <line number="668" hits="4" branch="false"/>
            <line number="669" hits="4" branch="true" condition-coverage="50% (1/2)"/>
            <line number="670" hits="4" branch="true" condition-coverage="66.66666666666666% (2/3)"/>
            <line number="671" hits="0" branch="false"/>
            <line number="674" hits="4" branch="false"/>
            <line number="680" hits="4" branch="false"/>
            <line number="681" hits="4" branch="false"/>
            <line number="682" hits="4" branch="false"/>
            <line number="683" hits="4" branch="false"/>
            <line number="690" hits="4" branch="true" condition-coverage="100% (2/2)"/>
            <line number="691" hits="2" branch="false"/>
            <line number="693" hits="2" branch="false"/>
            <line number="700" hits="2" branch="false"/>
            <line number="702" hits="4" branch="false"/>
            <line number="707" hits="4" branch="false"/>
            <line number="709" hits="0" branch="false"/>
            <line number="722" hits="7" branch="false"/>
            <line number="723" hits="7" branch="false"/>
            <line number="724" hits="7" branch="false"/>
            <line number="726" hits="7" branch="false"/>
            <line number="727" hits="7" branch="true" condition-coverage="0% (0/1)"/>
            <line number="728" hits="0" branch="false"/>
            <line number="730" hits="7" branch="false"/>
            <line number="739" hits="7" branch="true" condition-coverage="100% (1/1)"/>
            <line number="740" hits="2" branch="false"/>
            <line number="744" hits="2" branch="false"/>
            <line number="754" hits="2" branch="false"/>
            <line number="757" hits="5" branch="false"/>
            <line number="767" hits="5" branch="false"/>
            <line number="772" hits="5" branch="false"/>
            <line number="774" hits="0" branch="false"/>
          </lines>
        </class>
        <class name="helper.ts" filename="packages/universal-swap/src/helper.ts" line-rate="0.7896" branch-rate="0.6956">
          <methods>
            <method name="(anonymous_28)" hits="0" signature="()V">
              <lines>
                <line number="73" hits="0"/>
              </lines>
            </method>
            <method name="(anonymous_29)" hits="6" signature="()V">
              <lines>
                <line number="78" hits="6"/>
              </lines>
            </method>
            <method name="(anonymous_30)" hits="5" signature="()V">
              <lines>
                <line number="87" hits="5"/>
              </lines>
            </method>
            <method name="(anonymous_31)" hits="16" signature="()V">
              <lines>
                <line number="98" hits="16"/>
              </lines>
            </method>
            <method name="(anonymous_32)" hits="17" signature="()V">
              <lines>
                <line number="140" hits="17"/>
              </lines>
            </method>
            <method name="(anonymous_33)" hits="13" signature="()V">
              <lines>
                <line number="144" hits="13"/>
              </lines>
            </method>
            <method name="(anonymous_34)" hits="7" signature="()V">
              <lines>
                <line number="168" hits="7"/>
              </lines>
            </method>
            <method name="(anonymous_35)" hits="17" signature="()V">
              <lines>
                <line number="187" hits="17"/>
              </lines>
            </method>
            <method name="(anonymous_36)" hits="9" signature="()V">
              <lines>
                <line number="194" hits="9"/>
              </lines>
            </method>
            <method name="(anonymous_37)" hits="5" signature="()V">
              <lines>
                <line number="204" hits="5"/>
              </lines>
            </method>
            <method name="(anonymous_38)" hits="23" signature="()V">
              <lines>
                <line number="229" hits="23"/>
              </lines>
            </method>
            <method name="(anonymous_39)" hits="44" signature="()V">
              <lines>
                <line number="243" hits="44"/>
              </lines>
            </method>
            <method name="(anonymous_40)" hits="20" signature="()V">
              <lines>
                <line number="254" hits="20"/>
              </lines>
            </method>
            <method name="(anonymous_41)" hits="507" signature="()V">
              <lines>
                <line number="257" hits="507"/>
              </lines>
            </method>
            <method name="(anonymous_42)" hits="2" signature="()V">
              <lines>
                <line number="307" hits="2"/>
              </lines>
            </method>
            <method name="(anonymous_43)" hits="6" signature="()V">
              <lines>
                <line number="336" hits="6"/>
              </lines>
            </method>
            <method name="(anonymous_44)" hits="12" signature="()V">
              <lines>
                <line number="373" hits="12"/>
              </lines>
            </method>
            <method name="(anonymous_45)" hits="7" signature="()V">
              <lines>
                <line number="408" hits="7"/>
              </lines>
            </method>
            <method name="(anonymous_46)" hits="87" signature="()V">
              <lines>
                <line number="409" hits="87"/>
              </lines>
            </method>
            <method name="(anonymous_47)" hits="2" signature="()V">
              <lines>
                <line number="435" hits="2"/>
              </lines>
            </method>
            <method name="(anonymous_48)" hits="0" signature="()V">
              <lines>
                <line number="467" hits="0"/>
              </lines>
            </method>
            <method name="(anonymous_49)" hits="4" signature="()V">
              <lines>
                <line number="514" hits="4"/>
              </lines>
            </method>
[...]
            <line number="299" hits="5" branch="true" condition-coverage="100% (1/1)"/>
            <line number="300" hits="5" branch="false"/>
            <line number="307" hits="2" branch="false"/>
            <line number="315" hits="2" branch="true" condition-coverage="0% (0/1)"/>
            <line number="316" hits="2" branch="false"/>
            <line number="322" hits="2" branch="false"/>
            <line number="323" hits="2" branch="true" condition-coverage="100% (1/1)"/>
            <line number="324" hits="1" branch="false"/>
            <line number="336" hits="2" branch="false"/>
            <line number="337" hits="6" branch="false"/>
            <line number="344" hits="6" branch="false"/>
            <line number="345" hits="6" branch="true" condition-coverage="66.66666666666666% (2/3)"/>
            <line number="346" hits="0" branch="false"/>
            <line number="347" hits="6" branch="false"/>
            <line number="348" hits="6" branch="true" condition-coverage="100% (2/2)"/>
            <line number="349" hits="2" branch="false"/>
            <line number="350" hits="2" branch="false"/>
            <line number="351" hits="4" branch="true" condition-coverage="50% (1/2)"/>
            <line number="352" hits="4" branch="false"/>
            <line number="353" hits="0" branch="false"/>
            <line number="355" hits="6" branch="true" condition-coverage="100% (1/1)"/>
            <line number="356" hits="5" branch="false"/>
            <line number="357" hits="5" branch="true" condition-coverage="100% (2/2)"/>
            <line number="358" hits="3" branch="true" condition-coverage="50% (1/2)"/>
            <line number="359" hits="3" branch="false"/>
            <line number="360" hits="3" branch="false"/>
            <line number="361" hits="3" branch="true" condition-coverage="100% (2/2)"/>
            <line number="362" hits="2" branch="true" condition-coverage="50% (1/2)"/>
            <line number="363" hits="2" branch="false"/>
            <line number="364" hits="2" branch="false"/>
            <line number="366" hits="0" branch="false"/>
            <line number="369" hits="0" branch="false"/>
            <line number="370" hits="5" branch="false"/>
            <line number="373" hits="2" branch="false"/>
            <line number="374" hits="12" branch="false"/>
            <line number="375" hits="12" branch="true" condition-coverage="100% (2/2)"/>
            <line number="376" hits="3" branch="false"/>
            <line number="383" hits="9" branch="false"/>
            <line number="389" hits="9" branch="false"/>
            <line number="390" hits="4" branch="false"/>
            <line number="397" hits="9" branch="false"/>
            <line number="404" hits="12" branch="false"/>
            <line number="408" hits="2" branch="false"/>
            <line number="409" hits="7" branch="false"/>
            <line number="410" hits="87" branch="false"/>
            <line number="411" hits="87" branch="false"/>
            <line number="417" hits="7" branch="true" condition-coverage="100% (1/1)"/>
            <line number="419" hits="5" branch="true" condition-coverage="100% (1/1)"/>
            <line number="420" hits="1" branch="true" condition-coverage="50% (1/2)"/>
            <line number="421" hits="1" branch="false"/>
            <line number="425" hits="4" branch="true" condition-coverage="100% (1/1)"/>
            <line number="426" hits="1" branch="true" condition-coverage="50% (1/2)"/>
            <line number="427" hits="1" branch="false"/>
            <line number="431" hits="3" branch="false"/>
            <line number="435" hits="2" branch="false"/>
            <line number="441" hits="2" branch="false"/>
            <line number="444" hits="2" branch="true" condition-coverage="100% (1/1)"/>
            <line number="445" hits="1" branch="false"/>
            <line number="451" hits="1" branch="false"/>
            <line number="452" hits="1" branch="false"/>
            <line number="453" hits="1" branch="false"/>
            <line number="454" hits="1" branch="false"/>
            <line number="455" hits="1" branch="false"/>
            <line number="456" hits="1" branch="false"/>
            <line number="457" hits="1" branch="false"/>
            <line number="461" hits="1" branch="false"/>
            <line number="463" hits="0" branch="false"/>
            <line number="467" hits="2" branch="false"/>
            <line number="472" hits="0" branch="false"/>
            <line number="474" hits="0" branch="false"/>
            <line number="477" hits="0" branch="true" condition-coverage="0% (0/3)"/>
            <line number="478" hits="0" branch="false"/>
            <line number="487" hits="0" branch="false"/>
            <line number="489" hits="0" branch="false"/>
            <line number="490" hits="0" branch="false"/>
            <line number="491" hits="0" branch="false"/>
            <line number="495" hits="0" branch="false"/>
            <line number="500" hits="0" branch="false"/>
            <line number="501" hits="0" branch="true" condition-coverage="0% (0/1)"/>
            <line number="502" hits="0" branch="false"/>
            <line number="503" hits="0" branch="false"/>
            <line number="510" hits="0" branch="false"/>
            <line number="514" hits="2" branch="false"/>
            <line number="522" hits="4" branch="true" condition-coverage="100% (1/1)"/>
            <line number="532" hits="3" branch="false"/>
            <line number="537" hits="3" branch="false"/>
            <line number="538" hits="3" branch="false"/>
            <line number="540" hits="1" branch="false"/>
            <line number="541" hits="1" branch="false"/>
            <line number="542" hits="1" branch="true" condition-coverage="66.66666666666666% (2/3)"/>
            <line number="543" hits="0" branch="false"/>
            <line number="546" hits="1" branch="false"/>
            <line number="552" hits="1" branch="false"/>
            <line number="558" hits="2" branch="false"/>
            <line number="567" hits="5" branch="false"/>
            <line number="568" hits="5" branch="true" condition-coverage="100% (3/3)"/>
            <line number="569" hits="4" branch="false"/>
            <line number="572" hits="4" branch="true" condition-coverage="100% (1/1)"/>
            <line number="573" hits="2" branch="true" condition-coverage="100% (1/1)"/>
            <line number="574" hits="1" branch="false"/>
            <line number="577" hits="2" branch="false"/>
            <line number="585" hits="2" branch="false"/>
            <line number="591" hits="4" branch="false"/>
            <line number="592" hits="4" branch="true" condition-coverage="0% (0/1)"/>
            <line number="593" hits="4" branch="true" condition-coverage="0% (0/1)"/>
            <line number="594" hits="0" branch="false"/>
            <line number="598" hits="4" branch="true" condition-coverage="100% (3/3)"/>
            <line number="599" hits="4" branch="false"/>
            <line number="600" hits="4" branch="false"/>
            <line number="606" hits="4" branch="false"/>
            <line number="607" hits="4" branch="false"/>
            <line number="608" hits="4" branch="true" condition-coverage="100% (1/1)"/>
            <line number="609" hits="3" branch="false"/>
            <line number="611" hits="0" branch="false"/>
            <line number="615" hits="2" branch="false"/>
            <line number="623" hits="4" branch="false"/>
            <line number="624" hits="4" branch="false"/>
            <line number="625" hits="4" branch="true" condition-coverage="100% (3/3)"/>
            <line number="626" hits="4" branch="false"/>
            <line number="632" hits="4" branch="false"/>
            <line number="634" hits="4" branch="false"/>
            <line number="635" hits="4" branch="false"/>
            <line number="639" hits="0" branch="false"/>
            <line number="643" hits="4" branch="false"/>
            <line number="646" hits="0" branch="true" condition-coverage="0% (0/1)"/>
            <line number="647" hits="0" branch="false"/>
            <line number="648" hits="0" branch="false"/>
            <line number="649" hits="0" branch="false"/>
            <line number="650" hits="0" branch="true" condition-coverage="0% (0/1)"/>
            <line number="651" hits="0" branch="false"/>
            <line number="652" hits="0" branch="false"/>
            <line number="653" hits="0" branch="false"/>
            <line number="654" hits="0" branch="true" condition-coverage="0% (0/3)"/>
            <line number="655" hits="0" branch="false"/>
            <line number="658" hits="0" branch="false"/>
            <line number="664" hits="0" branch="false"/>
            <line number="666" hits="0" branch="true" condition-coverage="0% (0/1)"/>
            <line number="669" hits="0" branch="false"/>
            <line number="673" hits="2" branch="false"/>
            <line number="674" hits="2" branch="true" condition-coverage="0% (0/1)"/>
            <line number="675" hits="2" branch="true" condition-coverage="100% (1/1)"/>
            <line number="676" hits="1" branch="false"/>
            <line number="677" hits="1" branch="false"/>
            <line number="678" hits="1" branch="false"/>
            <line number="680" hits="1" branch="false"/>
            <line number="681" hits="1" branch="false"/>
            <line number="686" hits="2" branch="false"/>
            <line number="696" hits="3" branch="true" condition-coverage="100% (3/3)"/>
            <line number="698" hits="2" branch="false"/>
            <line number="699" hits="2" branch="true" condition-coverage="0% (0/1)"/>
            <line number="700" hits="2" branch="false"/>
            <line number="702" hits="2" branch="true" condition-coverage="33.33333333333333% (1/3)"/>
            <line number="703" hits="0" branch="false"/>
            <line number="705" hits="2" branch="false"/>
            <line number="706" hits="2" branch="true" condition-coverage="0% (0/1)"/>
            <line number="707" hits="0" branch="false"/>
            <line number="712" hits="2" branch="true" condition-coverage="50% (2/4)"/>
            <line number="713" hits="2" branch="false"/>
            <line number="714" hits="2" branch="true" condition-coverage="0% (0/1)"/>
            <line number="715" hits="2" branch="false"/>
            <line number="719" hits="2" branch="false"/>
            <line number="727" hits="0" branch="true" condition-coverage="0% (0/2)"/>
            <line number="728" hits="0" branch="false"/>
            <line number="729" hits="0" branch="true" condition-coverage="0% (0/2)"/>
            <line number="732" hits="0" branch="true" condition-coverage="0% (0/1)"/>
            <line number="733" hits="0" branch="false"/>
            <line number="734" hits="0" branch="false"/>
            <line number="737" hits="0" branch="true" condition-coverage="0% (0/1)"/>
            <line number="738" hits="0" branch="false"/>
            <line number="739" hits="0" branch="false"/>
            <line number="741" hits="0" branch="false"/>
            <line number="744" hits="0" branch="true" condition-coverage="0% (0/1)"/>
            <line number="745" hits="0" branch="false"/>
            <line number="747" hits="0" branch="false"/>
            <line number="748" hits="0" branch="true" condition-coverage="0% (0/1)"/>
            <line number="749" hits="0" branch="true" condition-coverage="0% (0/1)"/>
            <line number="751" hits="0" branch="false"/>
            <line number="752" hits="0" branch="true" condition-coverage="0% (0/1)"/>
            <line number="753" hits="0" branch="false"/>
            <line number="755" hits="0" branch="false"/>
            <line number="757" hits="0" branch="false"/>
            <line number="759" hits="0" branch="true" condition-coverage="0% (0/1)"/>
            <line number="760" hits="0" branch="false"/>
            <line number="764" hits="2" branch="false"/>
            <line number="769" hits="11" branch="true" condition-coverage="100% (1/1)"/>
            <line number="770" hits="2" branch="false"/>
            <line number="772" hits="2" branch="false"/>
            <line number="773" hits="2" branch="true" condition-coverage="100% (2/2)"/>
            <line number="775" hits="2" branch="false"/>
            <line number="776" hits="2" branch="true" condition-coverage="100% (1/1)"/>
            <line number="777" hits="1" branch="false"/>
            <line number="783" hits="1" branch="false"/>
            <line number="786" hits="1" branch="false"/>
            <line number="789" hits="2" branch="false"/>
            <line number="795" hits="3" branch="true" condition-coverage="0% (0/1)"/>
            <line number="797" hits="3" branch="false"/>
            <line number="799" hits="3" branch="true" condition-coverage="0% (0/1)"/>
            <line number="802" hits="3" branch="true" condition-coverage="100% (1/1)"/>
            <line number="804" hits="2" branch="false"/>
            <line number="805" hits="2" branch="false"/>
            <line number="807" hits="2" branch="true" condition-coverage="100% (1/1)"/>
            <line number="808" hits="1" branch="false"/>
            <line number="814" hits="1" branch="false"/>
            <line number="821" hits="1" branch="false"/>
            <line number="824" hits="2" branch="false"/>
            <line number="827" hits="2" branch="false"/>
            <line number="828" hits="2" branch="false"/>
            <line number="831" hits="2" branch="false"/>
            <line number="833" hits="2" branch="true" condition-coverage="66.66666666666666% (2/3)"/>
            <line number="836" hits="1" branch="false"/>
            <line number="838" hits="1" branch="true" condition-coverage="50% (1/2)"/>
            <line number="839" hits="1" branch="false"/>
            <line number="842" hits="1" branch="false"/>
            <line number="845" hits="0" branch="false"/>
            <line number="854" hits="0" branch="false"/>
            <line number="856" hits="1" branch="false"/>
            <line number="859" hits="1" branch="false"/>
            <line number="862" hits="1" branch="false"/>
            <line number="863" hits="1" branch="false"/>
            <line number="865" hits="1" branch="true" condition-coverage="50% (1/2)"/>
            <line number="866" hits="0" branch="false"/>
            <line number="871" hits="0" branch="false"/>
            <line number="874" hits="1" branch="false"/>
            <line number="885" hits="1" branch="false"/>
            <line number="887" hits="1" branch="false"/>
            <line number="890" hits="0" branch="false"/>
            <line number="893" hits="2" branch="false"/>
            <line number="899" hits="2" branch="false"/>
            <line number="906" hits="5" branch="false"/>
            <line number="911" hits="3" branch="false"/>
            <line number="916" hits="0" branch="false"/>
            <line number="920" hits="2" branch="false"/>
            <line number="925" hits="2" branch="false"/>
            <line number="930" hits="8" branch="false"/>
            <line number="936" hits="7" branch="false"/>
            <line number="942" hits="15" branch="false"/>
            <line number="947" hits="2" branch="false"/>
            <line number="956" hits="3" branch="false"/>
            <line number="966" hits="21" branch="false"/>
            <line number="971" hits="2" branch="false"/>
            <line number="983" hits="6" branch="false"/>
            <line number="988" hits="5" branch="false"/>
            <line number="994" hits="6" branch="false"/>
            <line number="1000" hits="2" branch="false"/>
            <line number="1005" hits="2" branch="false"/>
            <line number="1010" hits="4" branch="false"/>
            <line number="1015" hits="5" branch="false"/>
            <line number="1020" hits="2" branch="false"/>
            <line number="1026" hits="2" branch="false"/>
            <line number="1031" hits="2" branch="false"/>
            <line number="1038" hits="3" branch="false"/>
            <line number="1043" hits="2" branch="false"/>
            <line number="1048" hits="11" branch="false"/>
            <line number="1053" hits="3" branch="false"/>
            <line number="1058" hits="2" branch="false"/>
          </lines>
        </class>
        <class name="swap-filter.ts" filename="packages/universal-swap/src/swap-filter.ts" line-rate="1" branch-rate="1">
          <methods>
            <method name="(anonymous_4)" hits="126" signature="()V">
              <lines>
                <line number="27" hits="126"/>
              </lines>
            </method>
            <method name="(anonymous_5)" hits="126" signature="()V">
              <lines>
                <line number="44" hits="126"/>
              </lines>
            </method>
          </methods>
          <lines>
            <line number="8" hits="2" branch="false"/>
            <line number="10" hits="2" branch="false"/>
            <line number="15" hits="2" branch="false"/>
            <line number="17" hits="2" branch="false"/>
            <line number="25" hits="2" branch="false"/>
            <line number="26" hits="2" branch="false"/>
            <line number="27" hits="2" branch="false"/>
            <line number="28" hits="126" branch="false"/>
            <line number="36" hits="2" branch="false"/>
            <line number="44" hits="2" branch="false"/>
            <line number="45" hits="126" branch="false"/>
          </lines>
        </class>
        <class name="types.ts" filename="packages/universal-swap/src/types.ts" line-rate="1" branch-rate="1">
          <methods>
            <method name="(anonymous_3)" hits="2" signature="()V">
              <lines>
                <line number="11" hits="2"/>
              </lines>
            </method>
            <method name="(anonymous_4)" hits="2" signature="()V">
              <lines>
                <line number="77" hits="2"/>
              </lines>
            </method>
          </methods>
          <lines>
            <line number="11" hits="2" branch="true" condition-coverage="100% (2/2)"/>
            <line number="77" hits="2" branch="true" condition-coverage="100% (2/2)"/>
          </lines>
        </class>
      </classes>
    </package>
    <package name="universal-swap.src.proto" line-rate="1" branch-rate="0.5">
      <classes>
        <class name="proto-gen.ts" filename="packages/universal-swap/src/proto/proto-gen.ts" line-rate="1" branch-rate="0.5">
          <methods>
            <method name="(anonymous_4)" hits="20" signature="()V">
              <lines>
                <line number="4" hits="20"/>
              </lines>
            </method>
            <method name="(anonymous_5)" hits="6" signature="()V">
              <lines>
                <line number="35" hits="6"/>
              </lines>
            </method>
          </methods>
          <lines>
            <line number="1" hits="2" branch="false"/>
            <line number="2" hits="2" branch="false"/>
            <line number="4" hits="20" branch="false"/>
            <line number="9" hits="20" branch="false"/>
            <line number="30" hits="20" branch="false"/>
            <line number="31" hits="20" branch="false"/>
            <line number="32" hits="20" branch="false"/>
            <line number="35" hits="6" branch="false"/>
            <line number="41" hits="6" branch="false"/>
            <line number="66" hits="6" branch="true" condition-coverage="50% (1/2)"/>
            <line number="67" hits="6" branch="false"/>
            <line number="68" hits="6" branch="false"/>
            <line number="74" hits="6" branch="false"/>
          </lines>
        </class>
      </classes>
    </package>
  </packages>
</coverage>
