<?xml version="1.0" ?>
<!DOCTYPE coverage SYSTEM "http://cobertura.sourceforge.net/xml/coverage-04.dtd">
<coverage lines-valid="1260" lines-covered="912" line-rate="0.7238" branches-valid="455" branches-covered="284" branch-rate="0.6241" timestamp="1714043352939" complexity="0" version="0.1">
  <sources>
    <source>/home/runner/work/oraidex-sdk/oraidex-sdk</source>
  </sources>
  <packages>
    <package name="oraidex-common-ui.src.components.TVChartContainer.helpers" line-rate="0.9487000000000001" branch-rate="1">
      <classes>
        <class name="constants.ts" filename="packages/oraidex-common-ui/src/components/TVChartContainer/helpers/constants.ts" line-rate="1" branch-rate="1">
          <methods>
          </methods>
          <lines>
            <line number="1" hits="2" branch="false"/>
            <line number="14" hits="2" branch="false"/>
            <line number="16" hits="3" branch="false"/>
            <line number="29" hits="2" branch="false"/>
            <line number="30" hits="2" branch="false"/>
            <line number="31" hits="2" branch="false"/>
          </lines>
        </class>
        <class name="utils.ts" filename="packages/oraidex-common-ui/src/components/TVChartContainer/helpers/utils.ts" line-rate="0.9393" branch-rate="1">
          <methods>
            <method name="getObjectKeyFromValue" hits="2" signature="()V">
              <lines>
                <line number="4" hits="2"/>
              </lines>
            </method>
            <method name="(anonymous_9)" hits="2" signature="()V">
              <lines>
                <line number="5" hits="2"/>
              </lines>
            </method>
            <method name="formatTimeInBarToMs" hits="1" signature="()V">
              <lines>
                <line number="8" hits="1"/>
              </lines>
            </method>
            <method name="getCurrentCandleTime" hits="3" signature="()V">
              <lines>
                <line number="16" hits="3"/>
              </lines>
            </method>
            <method name="getCurrentBarTimestamp" hits="0" signature="()V">
              <lines>
                <line number="23" hits="0"/>
              </lines>
            </method>
            <method name="fillBarGaps" hits="2" signature="()V">
              <lines>
                <line number="28" hits="2"/>
              </lines>
            </method>
            <method name="parseFullSymbol" hits="5" signature="()V">
              <lines>
                <line number="57" hits="5"/>
              </lines>
            </method>
            <method name="roundTime" hits="7" signature="()V">
              <lines>
                <line number="80" hits="7"/>
              </lines>
            </method>
          </methods>
          <lines>
            <line number="1" hits="2" branch="false"/>
            <line number="4" hits="2" branch="false"/>
            <line number="5" hits="2" branch="false"/>
            <line number="8" hits="1" branch="false"/>
            <line number="9" hits="1" branch="false"/>
            <line number="16" hits="3" branch="false"/>
            <line number="17" hits="3" branch="false"/>
            <line number="18" hits="3" branch="false"/>
            <line number="23" hits="0" branch="false"/>
            <line number="24" hits="0" branch="false"/>
            <line number="28" hits="2" branch="false"/>
            <line number="29" hits="2" branch="true" condition-coverage="100% (1/1)"/>
            <line number="31" hits="1" branch="false"/>
            <line number="32" hits="1" branch="false"/>
            <line number="34" hits="1" branch="false"/>
            <line number="35" hits="2" branch="false"/>
            <line number="36" hits="2" branch="true" condition-coverage="100% (1/1)"/>
            <line number="37" hits="2" branch="false"/>
            <line number="38" hits="2" branch="false"/>
            <line number="39" hits="1" branch="false"/>
            <line number="46" hits="1" branch="false"/>
            <line number="49" hits="2" branch="false"/>
            <line number="50" hits="2" branch="false"/>
            <line number="53" hits="1" branch="false"/>
            <line number="57" hits="5" branch="false"/>
            <line number="58" hits="5" branch="false"/>
            <line number="59" hits="5" branch="true" condition-coverage="100% (1/1)"/>
            <line number="60" hits="4" branch="false"/>
            <line number="63" hits="1" branch="false"/>
            <line number="80" hits="7" branch="false"/>
            <line number="81" hits="7" branch="false"/>
            <line number="83" hits="7" branch="false"/>
            <line number="84" hits="7" branch="false"/>
          </lines>
        </class>
      </classes>
    </package>
    <package name="oraidex-common.src" line-rate="0.8107" branch-rate="0.6728000000000001">
      <classes>
        <class name="bigdecimal.ts" filename="packages/oraidex-common/src/bigdecimal.ts" line-rate="0.6375" branch-rate="0.6153">
          <methods>
            <method name="(anonymous_1)" hits="214" signature="()V">
              <lines>
                <line number="7" hits="214"/>
              </lines>
            </method>
            <method name="(anonymous_2)" hits="0" signature="()V">
              <lines>
                <line number="39" hits="0"/>
              </lines>
            </method>
            <method name="(anonymous_3)" hits="76" signature="()V">
              <lines>
                <line number="43" hits="76"/>
              </lines>
            </method>
            <method name="(anonymous_4)" hits="62" signature="()V">
              <lines>
                <line number="58" hits="62"/>
              </lines>
            </method>
            <method name="(anonymous_5)" hits="11" signature="()V">
              <lines>
                <line number="87" hits="11"/>
              </lines>
            </method>
            <method name="(anonymous_6)" hits="76" signature="()V">
              <lines>
                <line number="91" hits="76"/>
              </lines>
            </method>
            <method name="(anonymous_7)" hits="14" signature="()V">
              <lines>
                <line number="95" hits="14"/>
              </lines>
            </method>
            <method name="(anonymous_8)" hits="6" signature="()V">
              <lines>
                <line number="101" hits="6"/>
              </lines>
            </method>
            <method name="(anonymous_9)" hits="27" signature="()V">
              <lines>
                <line number="107" hits="27"/>
              </lines>
            </method>
            <method name="(anonymous_10)" hits="29" signature="()V">
              <lines>
                <line number="113" hits="29"/>
              </lines>
            </method>
            <method name="(anonymous_11)" hits="0" signature="()V">
              <lines>
                <line number="119" hits="0"/>
              </lines>
            </method>
            <method name="(anonymous_12)" hits="0" signature="()V">
              <lines>
                <line number="126" hits="0"/>
              </lines>
            </method>
            <method name="(anonymous_13)" hits="0" signature="()V">
              <lines>
                <line number="148" hits="0"/>
              </lines>
            </method>
            <method name="(anonymous_14)" hits="0" signature="()V">
              <lines>
                <line number="152" hits="0"/>
              </lines>
            </method>
            <method name="(anonymous_15)" hits="14" signature="()V">
              <lines>
                <line number="156" hits="14"/>
              </lines>
            </method>
            <method name="(anonymous_16)" hits="6" signature="()V">
              <lines>
                <line number="160" hits="6"/>
              </lines>
            </method>
            <method name="(anonymous_17)" hits="27" signature="()V">
              <lines>
                <line number="164" hits="27"/>
              </lines>
            </method>
            <method name="(anonymous_18)" hits="29" signature="()V">
              <lines>
                <line number="168" hits="29"/>
              </lines>
            </method>
            <method name="(anonymous_19)" hits="0" signature="()V">
              <lines>
                <line number="172" hits="0"/>
              </lines>
            </method>
            <method name="(anonymous_20)" hits="0" signature="()V">
              <lines>
                <line number="176" hits="0"/>
              </lines>
            </method>
          </methods>
          <lines>
            <line number="3" hits="66" branch="false"/>
            <line number="8" hits="214" branch="true" condition-coverage="100% (1/1)"/>
            <line number="9" hits="76" branch="false"/>
            <line number="10" hits="76" branch="false"/>
            <line number="11" hits="76" branch="false"/>
            <line number="15" hits="138" branch="true" condition-coverage="100% (2/2)"/>
            <line number="17" hits="138" branch="true" condition-coverage="100% (1/1)"/>
            <line number="18" hits="8" branch="false"/>
            <line number="19" hits="8" branch="false"/>
            <line number="22" hits="130" branch="true" condition-coverage="66.66666666666666% (2/3)"/>
            <line number="23" hits="0" branch="false"/>
            <line number="26" hits="130" branch="false"/>
            <line number="29" hits="130" branch="true" condition-coverage="100% (3/3)"/>
            <line number="30" hits="1" branch="false"/>
            <line number="31" hits="1" branch="false"/>
            <line number="32" hits="1" branch="false"/>
            <line number="35" hits="129" branch="true" condition-coverage="100% (2/2)"/>
            <line number="36" hits="129" branch="false"/>
            <line number="40" hits="0" branch="false"/>
            <line number="44" hits="76" branch="true" condition-coverage="0% (0/1)"/>
            <line number="45" hits="0" branch="true" condition-coverage="0% (0/2)"/>
            <line number="46" hits="0" branch="false"/>
            <line number="47" hits="0" branch="false"/>
            <line number="48" hits="0" branch="true" condition-coverage="0% (0/1)"/>
            <line number="49" hits="0" branch="false"/>
            <line number="50" hits="0" branch="false"/>
            <line number="53" hits="0" branch="false"/>
            <line number="55" hits="76" branch="false"/>
            <line number="59" hits="62" branch="false"/>
            <line number="60" hits="62" branch="false"/>
            <line number="62" hits="62" branch="true" condition-coverage="100% (1/1)"/>
            <line number="63" hits="16" branch="false"/>
            <line number="64" hits="16" branch="false"/>
            <line number="67" hits="62" branch="false"/>
            <line number="69" hits="62" branch="true" condition-coverage="100% (2/2)"/>
            <line number="71" hits="23" branch="true" condition-coverage="100% (1/1)"/>
            <line number="73" hits="23" branch="false"/>
            <line number="76" hits="39" branch="false"/>
            <line number="79" hits="62" branch="false"/>
            <line number="80" hits="62" branch="true" condition-coverage="100% (1/1)"/>
            <line number="81" hits="41" branch="false"/>
            <line number="84" hits="62" branch="false"/>
            <line number="88" hits="11" branch="false"/>
            <line number="92" hits="76" branch="false"/>
            <line number="96" hits="14" branch="false"/>
            <line number="97" hits="14" branch="false"/>
            <line number="98" hits="14" branch="false"/>
            <line number="102" hits="6" branch="false"/>
            <line number="103" hits="6" branch="false"/>
            <line number="104" hits="6" branch="false"/>
            <line number="108" hits="27" branch="false"/>
            <line number="109" hits="27" branch="false"/>
            <line number="110" hits="27" branch="false"/>
            <line number="114" hits="29" branch="false"/>
            <line number="115" hits="29" branch="false"/>
            <line number="116" hits="29" branch="false"/>
            <line number="120" hits="0" branch="false"/>
            <line number="121" hits="0" branch="false"/>
            <line number="122" hits="0" branch="false"/>
            <line number="123" hits="0" branch="false"/>
            <line number="127" hits="0" branch="false"/>
            <line number="130" hits="0" branch="false"/>
            <line number="131" hits="0" branch="true" condition-coverage="0% (0/1)"/>
            <line number="132" hits="0" branch="false"/>
            <line number="135" hits="0" branch="false"/>
            <line number="136" hits="0" branch="false"/>
            <line number="137" hits="0" branch="false"/>
            <line number="139" hits="0" branch="true" condition-coverage="0% (0/3)"/>
            <line number="140" hits="0" branch="false"/>
            <line number="141" hits="0" branch="false"/>
            <line number="144" hits="0" branch="false"/>
            <line number="145" hits="0" branch="false"/>
            <line number="149" hits="0" branch="false"/>
            <line number="153" hits="0" branch="false"/>
            <line number="157" hits="14" branch="false"/>
            <line number="161" hits="6" branch="false"/>
            <line number="165" hits="27" branch="false"/>
            <line number="169" hits="29" branch="false"/>
            <line number="173" hits="0" branch="false"/>
            <line number="177" hits="0" branch="false"/>
          </lines>
        </class>
        <class name="constant.ts" filename="packages/oraidex-common/src/constant.ts" line-rate="1" branch-rate="1">
          <methods>
            <method name="(anonymous_122)" hits="2" signature="()V">
              <lines>
                <line number="152" hits="2"/>
              </lines>
            </method>
            <method name="(anonymous_123)" hits="2" signature="()V">
              <lines>
                <line number="159" hits="2"/>
              </lines>
            </method>
          </methods>
          <lines>
            <line number="3" hits="24" branch="false"/>
            <line number="4" hits="14" branch="false"/>
            <line number="6" hits="40" branch="false"/>
            <line number="7" hits="2" branch="false"/>
            <line number="8" hits="2" branch="false"/>
            <line number="9" hits="2" branch="false"/>
            <line number="10" hits="2" branch="false"/>
            <line number="11" hits="2" branch="false"/>
            <line number="12" hits="2" branch="false"/>
            <line number="13" hits="2" branch="false"/>
            <line number="14" hits="2" branch="false"/>
            <line number="15" hits="2" branch="false"/>
            <line number="18" hits="2" branch="false"/>
            <line number="19" hits="2" branch="false"/>
            <line number="20" hits="2" branch="false"/>
            <line number="21" hits="2" branch="false"/>
            <line number="22" hits="2" branch="false"/>
            <line number="24" hits="2" branch="false"/>
            <line number="26" hits="2" branch="false"/>
            <line number="29" hits="2" branch="false"/>
            <line number="32" hits="2" branch="false"/>
            <line number="33" hits="2" branch="false"/>
            <line number="34" hits="2" branch="false"/>
            <line number="37" hits="2" branch="false"/>
            <line number="38" hits="2" branch="false"/>
            <line number="39" hits="2" branch="false"/>
            <line number="40" hits="2" branch="false"/>
            <line number="42" hits="2" branch="false"/>
            <line number="43" hits="12" branch="false"/>
            <line number="44" hits="36" branch="false"/>
            <line number="45" hits="12" branch="false"/>
            <line number="46" hits="2" branch="false"/>
            <line number="47" hits="2" branch="false"/>
            <line number="50" hits="4" branch="false"/>
            <line number="51" hits="4" branch="false"/>
            <line number="52" hits="4" branch="false"/>
            <line number="53" hits="4" branch="false"/>
            <line number="54" hits="2" branch="false"/>
            <line number="55" hits="2" branch="false"/>
            <line number="57" hits="4" branch="false"/>
            <line number="58" hits="4" branch="false"/>
            <line number="61" hits="4" branch="false"/>
            <line number="62" hits="4" branch="false"/>
            <line number="63" hits="4" branch="false"/>
            <line number="64" hits="6" branch="false"/>
            <line number="65" hits="4" branch="false"/>
            <line number="66" hits="2" branch="false"/>
            <line number="67" hits="2" branch="false"/>
            <line number="68" hits="4" branch="false"/>
            <line number="69" hits="4" branch="false"/>
            <line number="72" hits="2" branch="false"/>
            <line number="74" hits="2" branch="false"/>
            <line number="75" hits="2" branch="false"/>
            <line number="76" hits="2" branch="false"/>
            <line number="77" hits="2" branch="false"/>
            <line number="78" hits="2" branch="false"/>
            <line number="79" hits="2" branch="false"/>
            <line number="80" hits="2" branch="false"/>
            <line number="81" hits="2" branch="false"/>
            <line number="82" hits="2" branch="false"/>
            <line number="85" hits="6" branch="false"/>
            <line number="86" hits="4" branch="false"/>
            <line number="87" hits="5" branch="false"/>
            <line number="88" hits="2" branch="false"/>
            <line number="89" hits="2" branch="false"/>
            <line number="90" hits="4" branch="false"/>
            <line number="91" hits="6" branch="false"/>
            <line number="92" hits="2" branch="false"/>
            <line number="93" hits="2" branch="false"/>
            <line number="94" hits="4" branch="false"/>
            <line number="95" hits="2" branch="false"/>
            <line number="98" hits="7" branch="false"/>
            <line number="99" hits="6" branch="false"/>
            <line number="100" hits="7" branch="false"/>
            <line number="101" hits="8" branch="false"/>
            <line number="102" hits="4" branch="false"/>
            <line number="103" hits="4" branch="false"/>
            <line number="104" hits="4" branch="false"/>
            <line number="105" hits="4" branch="false"/>
            <line number="106" hits="4" branch="false"/>
            <line number="107" hits="2" branch="false"/>
            <line number="108" hits="4" branch="false"/>
            <line number="109" hits="4" branch="false"/>
            <line number="110" hits="6" branch="false"/>
            <line number="111" hits="4" branch="false"/>
            <line number="114" hits="2" branch="false"/>
            <line number="115" hits="2" branch="false"/>
            <line number="116" hits="2" branch="false"/>
            <line number="117" hits="2" branch="false"/>
            <line number="118" hits="2" branch="false"/>
            <line number="119" hits="2" branch="false"/>
            <line number="120" hits="2" branch="false"/>
            <line number="121" hits="2" branch="false"/>
            <line number="122" hits="2" branch="false"/>
            <line number="123" hits="2" branch="false"/>
            <line number="126" hits="2" branch="false"/>
            <line number="127" hits="2" branch="false"/>
            <line number="128" hits="2" branch="false"/>
            <line number="131" hits="2" branch="false"/>
            <line number="133" hits="2" branch="false"/>
            <line number="136" hits="2" branch="false"/>
            <line number="137" hits="2" branch="false"/>
            <line number="140" hits="2" branch="false"/>
            <line number="142" hits="2" branch="false"/>
            <line number="145" hits="2" branch="false"/>
            <line number="146" hits="2" branch="false"/>
            <line number="148" hits="2" branch="false"/>
            <line number="149" hits="2" branch="false"/>
            <line number="152" hits="2" branch="true" condition-coverage="100% (2/2)"/>
            <line number="159" hits="2" branch="true" condition-coverage="100% (2/2)"/>
            <line number="170" hits="2" branch="false"/>
            <line number="176" hits="2" branch="false"/>
            <line number="182" hits="2" branch="false"/>
            <line number="188" hits="2" branch="false"/>
            <line number="194" hits="2" branch="false"/>
            <line number="201" hits="2" branch="false"/>
            <line number="202" hits="2" branch="false"/>
            <line number="203" hits="2" branch="false"/>
            <line number="206" hits="2" branch="false"/>
            <line number="207" hits="6" branch="false"/>
            <line number="212" hits="2" branch="false"/>
          </lines>
        </class>
        <class name="helper.ts" filename="packages/oraidex-common/src/helper.ts" line-rate="0.7290000000000001" branch-rate="0.5961">
          <methods>
            <method name="(anonymous_49)" hits="4" signature="()V">
              <lines>
                <line number="39" hits="4"/>
              </lines>
            </method>
            <method name="(anonymous_50)" hits="2" signature="()V">
              <lines>
                <line number="52" hits="2"/>
              </lines>
            </method>
            <method name="(anonymous_51)" hits="40" signature="()V">
              <lines>
                <line number="54" hits="40"/>
              </lines>
            </method>
            <method name="(anonymous_52)" hits="2" signature="()V">
              <lines>
                <line number="58" hits="2"/>
              </lines>
            </method>
            <method name="(anonymous_53)" hits="10" signature="()V">
              <lines>
                <line number="65" hits="10"/>
              </lines>
            </method>
            <method name="(anonymous_54)" hits="6" signature="()V">
              <lines>
                <line number="72" hits="6"/>
              </lines>
            </method>
            <method name="(anonymous_55)" hits="6" signature="()V">
              <lines>
                <line number="84" hits="6"/>
              </lines>
            </method>
            <method name="(anonymous_56)" hits="9" signature="()V">
              <lines>
                <line number="97" hits="9"/>
              </lines>
            </method>
            <method name="(anonymous_57)" hits="1" signature="()V">
              <lines>
                <line number="107" hits="1"/>
              </lines>
            </method>
            <method name="(anonymous_58)" hits="1" signature="()V">
              <lines>
                <line number="110" hits="1"/>
              </lines>
            </method>
            <method name="(anonymous_59)" hits="2" signature="()V">
              <lines>
                <line number="116" hits="2"/>
              </lines>
            </method>
            <method name="(anonymous_60)" hits="2" signature="()V">
              <lines>
                <line number="125" hits="2"/>
              </lines>
            </method>
            <method name="(anonymous_61)" hits="1" signature="()V">
              <lines>
                <line number="135" hits="1"/>
              </lines>
            </method>
            <method name="(anonymous_62)" hits="0" signature="()V">
              <lines>
                <line number="141" hits="0"/>
              </lines>
            </method>
            <method name="(anonymous_63)" hits="0" signature="()V">
              <lines>
                <line number="145" hits="0"/>
              </lines>
            </method>
            <method name="(anonymous_64)" hits="0" signature="()V">
              <lines>
                <line number="146" hits="0"/>
              </lines>
            </method>
            <method name="(anonymous_65)" hits="0" signature="()V">
              <lines>
                <line number="159" hits="0"/>
              </lines>
            </method>
            <method name="(anonymous_66)" hits="1" signature="()V">
              <lines>
                <line number="172" hits="1"/>
              </lines>
            </method>
            <method name="(anonymous_67)" hits="1" signature="()V">
              <lines>
                <line number="173" hits="1"/>
              </lines>
            </method>
            <method name="(anonymous_68)" hits="7" signature="()V">
              <lines>
                <line number="176" hits="7"/>
              </lines>
            </method>
            <method name="(anonymous_69)" hits="4" signature="()V">
              <lines>
                <line number="191" hits="4"/>
              </lines>
            </method>
            <method name="(anonymous_70)" hits="112" signature="()V">
              <lines>
                <line number="194" hits="112"/>
              </lines>
            </method>
            <method name="(anonymous_71)" hits="6" signature="()V">
              <lines>
                <line number="202" hits="6"/>
              </lines>
            </method>
            <method name="(anonymous_72)" hits="3" signature="()V">
              <lines>
                <line number="212" hits="3"/>
              </lines>
            </method>
            <method name="(anonymous_73)" hits="1" signature="()V">
              <lines>
                <line number="218" hits="1"/>
              </lines>
            </method>
            <method name="(anonymous_74)" hits="5" signature="()V">
              <lines>
                <line number="234" hits="5"/>
              </lines>
            </method>
            <method name="(anonymous_75)" hits="102" signature="()V">
              <lines>
                <line number="236" hits="102"/>
              </lines>
            </method>
            <method name="(anonymous_76)" hits="136" signature="()V">
              <lines>
                <line number="244" hits="136"/>
              </lines>
            </method>
            <method name="(anonymous_77)" hits="2" signature="()V">
              <lines>
                <line number="249" hits="2"/>
              </lines>
            </method>
            <method name="(anonymous_78)" hits="103" signature="()V">
              <lines>
                <line number="253" hits="103"/>
              </lines>
            </method>
            <method name="(anonymous_79)" hits="6" signature="()V">
              <lines>
                <line number="256" hits="6"/>
              </lines>
            </method>
            <method name="(anonymous_80)" hits="46" signature="()V">
              <lines>
                <line number="258" hits="46"/>
              </lines>
            </method>
            <method name="(anonymous_81)" hits="4" signature="()V">
              <lines>
                <line number="262" hits="4"/>
              </lines>
            </method>
            <method name="(anonymous_82)" hits="3" signature="()V">
              <lines>
                <line number="267" hits="3"/>
              </lines>
            </method>
            <method name="(anonymous_83)" hits="0" signature="()V">
              <lines>
                <line number="276" hits="0"/>
              </lines>
            </method>
            <method name="(anonymous_84)" hits="0" signature="()V">
              <lines>
                <line number="277" hits="0"/>
              </lines>
            </method>
            <method name="(anonymous_85)" hits="0" signature="()V">
              <lines>
                <line number="279" hits="0"/>
              </lines>
            </method>
            <method name="(anonymous_86)" hits="0" signature="()V">
              <lines>
                <line number="286" hits="0"/>
              </lines>
            </method>
            <method name="(anonymous_87)" hits="2" signature="()V">
              <lines>
                <line number="302" hits="2"/>
              </lines>
            </method>
            <method name="toObject" hits="0" signature="()V">
              <lines>
                <line number="309" hits="0"/>
              </lines>
            </method>
            <method name="(anonymous_89)" hits="0" signature="()V">
              <lines>
                <line number="313" hits="0"/>
              </lines>
            </method>
            <method name="(anonymous_90)" hits="0" signature="()V">
              <lines>
                <line number="325" hits="0"/>
              </lines>
            </method>
            <method name="(anonymous_91)" hits="0" signature="()V">
              <lines>
                <line number="343" hits="0"/>
              </lines>
            </method>
            <method name="(anonymous_92)" hits="0" signature="()V">
              <lines>
                <line number="353" hits="0"/>
              </lines>
            </method>
            <method name="(anonymous_93)" hits="0" signature="()V">
              <lines>
                <line number="368" hits="0"/>
              </lines>
            </method>
            <method name="(anonymous_94)" hits="0" signature="()V">
              <lines>
                <line number="386" hits="0"/>
              </lines>
            </method>
            <method name="(anonymous_95)" hits="0" signature="()V">
              <lines>
                <line number="397" hits="0"/>
              </lines>
            </method>
            <method name="(anonymous_96)" hits="0" signature="()V">
              <lines>
                <line number="402" hits="0"/>
              </lines>
            </method>
            <method name="(anonymous_97)" hits="0" signature="()V">
              <lines>
                <line number="407" hits="0"/>
              </lines>
            </method>
            <method name="(anonymous_98)" hits="0" signature="()V">
              <lines>
                <line number="426" hits="0"/>
              </lines>
            </method>
            <method name="parseAssetInfoOnlyDenom" hits="0" signature="()V">
              <lines>
                <line number="446" hits="0"/>
              </lines>
            </method>
            <method name="(anonymous_100)" hits="18" signature="()V">
              <lines>
                <line number="451" hits="18"/>
              </lines>
            </method>
            <method name="(anonymous_101)" hits="6" signature="()V">
              <lines>
                <line number="474" hits="6"/>
              </lines>
            </method>
            <method name="(anonymous_102)" hits="16" signature="()V">
              <lines>
                <line number="475" hits="16"/>
              </lines>
            </method>
            <method name="(anonymous_103)" hits="2" signature="()V">
              <lines>
                <line number="491" hits="2"/>
              </lines>
            </method>
            <method name="(anonymous_104)" hits="2" signature="()V">
              <lines>
                <line number="498" hits="2"/>
              </lines>
            </method>
            <method name="(anonymous_105)" hits="9" signature="()V">
              <lines>
                <line number="505" hits="9"/>
              </lines>
            </method>
            <method name="(anonymous_106)" hits="32" signature="()V">
              <lines>
                <line number="516" hits="32"/>
              </lines>
            </method>
            <method name="(anonymous_107)" hits="8" signature="()V">
              <lines>
                <line number="545" hits="8"/>
              </lines>
            </method>
            <method name="(anonymous_108)" hits="6" signature="()V">
              <lines>
                <line number="566" hits="6"/>
              </lines>
            </method>
            <method name="(anonymous_109)" hits="7" signature="()V">
              <lines>
                <line number="603" hits="7"/>
              </lines>
            </method>
          </methods>
          <lines>
            <line number="1" hits="2" branch="false"/>
            <line number="2" hits="2" branch="false"/>
            <line number="3" hits="2" branch="false"/>
            <line number="7" hits="2" branch="false"/>
            <line number="8" hits="2" branch="false"/>
            <line number="9" hits="2" branch="false"/>
            <line number="10" hits="2" branch="false"/>
            <line number="11" hits="2" branch="false"/>
            <line number="21" hits="2" branch="false"/>
            <line number="22" hits="2" branch="false"/>
            <line number="32" hits="2" branch="false"/>
            <line number="34" hits="2" branch="false"/>
            <line number="35" hits="2" branch="false"/>
            <line number="36" hits="2" branch="false"/>
            <line number="39" hits="4" branch="false"/>
            <line number="40" hits="4" branch="true" condition-coverage="100% (1/1)"/>
            <line number="41" hits="3" branch="false"/>
            <line number="42" hits="3" branch="false"/>
            <line number="43" hits="2" branch="false"/>
            <line number="44" hits="2" branch="false"/>
            <line number="46" hits="1" branch="false"/>
            <line number="52" hits="2" branch="false"/>
            <line number="53" hits="2" branch="false"/>
            <line number="54" hits="40" branch="false"/>
            <line number="55" hits="2" branch="false"/>
            <line number="58" hits="2" branch="false"/>
            <line number="59" hits="2" branch="false"/>
            <line number="60" hits="2" branch="false"/>
            <line number="61" hits="2" branch="false"/>
            <line number="62" hits="2" branch="false"/>
            <line number="65" hits="4" branch="false"/>
            <line number="66" hits="10" branch="true" condition-coverage="0% (0/1)"/>
            <line number="67" hits="10" branch="true" condition-coverage="100% (3/3)"/>
            <line number="68" hits="8" branch="false"/>
            <line number="72" hits="6" branch="true" condition-coverage="0% (0/1)"/>
            <line number="73" hits="6" branch="false"/>
            <line number="74" hits="6" branch="false"/>
            <line number="84" hits="6" branch="false"/>
            <line number="85" hits="6" branch="true" condition-coverage="100% (1/1)"/>
            <line number="86" hits="5" branch="false"/>
            <line number="97" hits="4" branch="true" condition-coverage="50% (1/2)"/>
            <line number="98" hits="9" branch="true" condition-coverage="0% (0/1)"/>
            <line number="100" hits="9" branch="true" condition-coverage="75% (3/4)"/>
            <line number="101" hits="9" branch="false"/>
            <line number="102" hits="9" branch="false"/>
            <line number="104" hits="9" branch="true" condition-coverage="100% (2/2)"/>
            <line number="107" hits="2" branch="false"/>
            <line number="108" hits="1" branch="true" condition-coverage="0% (0/1)"/>
            <line number="109" hits="1" branch="false"/>
            <line number="111" hits="1" branch="false"/>
            <line number="116" hits="2" branch="false"/>
            <line number="117" hits="2" branch="false"/>
            <line number="125" hits="2" branch="false"/>
            <line number="126" hits="2" branch="true" condition-coverage="100% (2/2)"/>
            <line number="135" hits="2" branch="false"/>
            <line number="136" hits="1" branch="true" condition-coverage="50% (1/2)"/>
            <line number="141" hits="2" branch="false"/>
            <line number="142" hits="0" branch="false"/>
            <line number="145" hits="2" branch="false"/>
            <line number="146" hits="0" branch="false"/>
            <line number="147" hits="0" branch="false"/>
            <line number="159" hits="2" branch="false"/>
            <line number="163" hits="0" branch="false"/>
            <line number="164" hits="0" branch="true" condition-coverage="0% (0/2)"/>
            <line number="165" hits="0" branch="false"/>
            <line number="166" hits="0" branch="false"/>
            <line number="168" hits="0" branch="false"/>
            <line number="172" hits="2" branch="false"/>
            <line number="173" hits="1" branch="false"/>
            <line number="176" hits="7" branch="false"/>
            <line number="182" hits="7" branch="false"/>
            <line number="191" hits="4" branch="false"/>
            <line number="192" hits="4" branch="true" condition-coverage="100% (1/1)"/>
            <line number="193" hits="3" branch="false"/>
            <line number="194" hits="3" branch="false"/>
            <line number="195" hits="112" branch="true" condition-coverage="100% (2/2)"/>
            <line number="199" hits="3" branch="true" condition-coverage="100% (2/2)"/>
            <line number="202" hits="4" branch="false"/>
            <line number="203" hits="6" branch="true" condition-coverage="100% (1/1)"/>
            <line number="204" hits="3" branch="false"/>
            <line number="209" hits="3" branch="false"/>
            <line number="212" hits="3" branch="false"/>
            <line number="213" hits="3" branch="false"/>
            <line number="214" hits="3" branch="false"/>
            <line number="215" hits="3" branch="true" condition-coverage="100% (1/1)"/>
            <line number="217" hits="3" branch="true" condition-coverage="100% (1/1)"/>
            <line number="218" hits="2" branch="false"/>
            <line number="219" hits="2" branch="false"/>
            <line number="223" hits="2" branch="false"/>
            <line number="234" hits="5" branch="false"/>
            <line number="235" hits="5" branch="false"/>
            <line number="237" hits="102" branch="true" condition-coverage="100% (4/4)"/>
            <line number="244" hits="136" branch="false"/>
            <line number="245" hits="136" branch="true" condition-coverage="100% (1/1)"/>
            <line number="246" hits="64" branch="false"/>
            <line number="249" hits="2" branch="false"/>
            <line number="253" hits="103" branch="true" condition-coverage="100% (2/2)"/>
            <line number="256" hits="6" branch="false"/>
            <line number="257" hits="6" branch="false"/>
            <line number="258" hits="46" branch="true" condition-coverage="100% (4/4)"/>
            <line number="262" hits="4" branch="false"/>
            <line number="263" hits="4" branch="true" condition-coverage="100% (1/1)"/>
            <line number="264" hits="2" branch="false"/>
            <line number="267" hits="3" branch="false"/>
            <line number="268" hits="3" branch="false"/>
            <line number="269" hits="3" branch="false"/>
            <line number="270" hits="1" branch="false"/>
            <line number="272" hits="2" branch="false"/>
            <line number="276" hits="2" branch="false"/>
            <line number="277" hits="0" branch="false"/>
            <line number="279" hits="0" branch="false"/>
            <line number="286" hits="2" branch="false"/>
            <line number="287" hits="0" branch="true" condition-coverage="0% (0/1)"/>
            <line number="288" hits="0" branch="false"/>
            <line number="289" hits="0" branch="true" condition-coverage="0% (0/1)"/>
            <line number="290" hits="0" branch="false"/>
            <line number="291" hits="0" branch="false"/>
            <line number="292" hits="0" branch="false"/>
            <line number="293" hits="0" branch="true" condition-coverage="0% (0/1)"/>
            <line number="294" hits="0" branch="false"/>
            <line number="296" hits="0" branch="false"/>
            <line number="299" hits="0" branch="false"/>
            <line number="302" hits="2" branch="false"/>
            <line number="303" hits="2" branch="true" condition-coverage="100% (1/1)"/>
            <line number="304" hits="1" branch="false"/>
            <line number="306" hits="1" branch="false"/>
            <line number="309" hits="0" branch="false"/>
            <line number="313" hits="0" branch="true" condition-coverage="0% (0/2)"/>
            <line number="317" hits="2" branch="false"/>
            <line number="325" hits="2" branch="false"/>
            <line number="336" hits="0" branch="true" condition-coverage="0% (0/3)"/>
            <line number="338" hits="0" branch="true" condition-coverage="0% (0/1)"/>
            <line number="340" hits="0" branch="false"/>
            <line number="343" hits="2" branch="false"/>
            <line number="344" hits="0" branch="true" condition-coverage="0% (0/1)"/>
            <line number="346" hits="0" branch="false"/>
            <line number="353" hits="2" branch="false"/>
            <line number="364" hits="0" branch="true" condition-coverage="0% (0/1)"/>
            <line number="366" hits="0" branch="false"/>
            <line number="368" hits="0" branch="false"/>
            <line number="370" hits="0" branch="true" condition-coverage="0% (0/1)"/>
            <line number="371" hits="0" branch="false"/>
            <line number="373" hits="0" branch="true" condition-coverage="0% (0/2)"/>
            <line number="374" hits="0" branch="true" condition-coverage="0% (0/2)"/>
            <line number="376" hits="0" branch="false"/>
            <line number="383" hits="0" branch="false"/>
            <line number="386" hits="2" branch="false"/>
            <line number="387" hits="0" branch="false"/>
            <line number="388" hits="0" branch="false"/>
            <line number="389" hits="0" branch="false"/>
            <line number="390" hits="0" branch="true" condition-coverage="0% (0/1)"/>
            <line number="391" hits="0" branch="false"/>
            <line number="392" hits="0" branch="true" condition-coverage="0% (0/2)"/>
            <line number="394" hits="0" branch="false"/>
            <line number="397" hits="2" branch="false"/>
            <line number="398" hits="0" branch="false"/>
            <line number="399" hits="0" branch="false"/>
            <line number="402" hits="2" branch="false"/>
            <line number="403" hits="0" branch="false"/>
            <line number="404" hits="0" branch="false"/>
            <line number="407" hits="2" branch="false"/>
            <line number="409" hits="0" branch="false"/>
            <line number="411" hits="0" branch="false"/>
            <line number="413" hits="0" branch="false"/>
            <line number="414" hits="0" branch="true" condition-coverage="0% (0/1)"/>
            <line number="415" hits="0" branch="false"/>
            <line number="417" hits="0" branch="false"/>
            <line number="426" hits="2" branch="true" condition-coverage="0% (0/1)"/>
            <line number="427" hits="0" branch="true" condition-coverage="0% (0/2)"/>
            <line number="428" hits="0" branch="true" condition-coverage="0% (0/1)"/>
            <line number="429" hits="0" branch="false"/>
            <line number="430" hits="0" branch="false"/>
            <line number="431" hits="0" branch="false"/>
            <line number="432" hits="0" branch="false"/>
            <line number="434" hits="0" branch="false"/>
            <line number="435" hits="0" branch="false"/>
            <line number="436" hits="0" branch="true" condition-coverage="0% (0/1)"/>
            <line number="437" hits="0" branch="false"/>
            <line number="446" hits="0" branch="false"/>
            <line number="447" hits="0" branch="true" condition-coverage="0% (0/1)"/>
            <line number="448" hits="0" branch="false"/>
            <line number="451" hits="6" branch="false"/>
            <line number="452" hits="18" branch="true" condition-coverage="100% (1/1)"/>
            <line number="454" hits="17" branch="true" condition-coverage="100% (2/2)"/>
            <line number="455" hits="17" branch="true" condition-coverage="100% (1/1)"/>
            <line number="456" hits="4" branch="false"/>
            <line number="457" hits="4" branch="false"/>
            <line number="459" hits="4" branch="false"/>
            <line number="462" hits="13" branch="false"/>
            <line number="463" hits="422" branch="true" condition-coverage="100% (1/1)"/>
            <line number="464" hits="11" branch="false"/>
            <line number="465" hits="11" branch="false"/>
            <line number="468" hits="422" branch="true" condition-coverage="100% (1/1)"/>
            <line number="470" hits="13" branch="true" condition-coverage="100% (1/1)"/>
            <line number="471" hits="13" branch="false"/>
            <line number="474" hits="4" branch="false"/>
            <line number="475" hits="16" branch="false"/>
            <line number="476" hits="6" branch="false"/>
            <line number="477" hits="6" branch="false"/>
            <line number="479" hits="8" branch="false"/>
            <line number="480" hits="386" branch="true" condition-coverage="100% (1/1)"/>
            <line number="481" hits="36" branch="true" condition-coverage="100% (1/1)"/>
            <line number="482" hits="36" branch="false"/>
            <line number="484" hits="386" branch="false"/>
            <line number="486" hits="8" branch="false"/>
            <line number="488" hits="6" branch="false"/>
            <line number="491" hits="2" branch="false"/>
            <line number="492" hits="2" branch="true" condition-coverage="100% (1/1)"/>
            <line number="493" hits="1" branch="false"/>
            <line number="494" hits="1" branch="false"/>
            <line number="495" hits="1" branch="false"/>
            <line number="496" hits="1" branch="false"/>
            <line number="498" hits="1" branch="false"/>
            <line number="499" hits="2" branch="true" condition-coverage="100% (2/2)"/>
            <line number="500" hits="2" branch="true" condition-coverage="50% (1/2)"/>
            <line number="501" hits="2" branch="false"/>
            <line number="505" hits="6" branch="false"/>
            <line number="506" hits="9" branch="false"/>
            <line number="507" hits="9" branch="false"/>
            <line number="508" hits="9" branch="true" condition-coverage="100% (1/1)"/>
            <line number="509" hits="3" branch="false"/>
            <line number="512" hits="6" branch="false"/>
            <line number="513" hits="4" branch="false"/>
            <line number="516" hits="4" branch="false"/>
            <line number="517" hits="32" branch="true" condition-coverage="100% (1/1)"/>
            <line number="518" hits="32" branch="false"/>
            <line number="524" hits="4" branch="true" condition-coverage="100% (3/3)"/>
            <line number="525" hits="1" branch="false"/>
            <line number="528" hits="3" branch="true" condition-coverage="50% (1/2)"/>
            <line number="529" hits="3" branch="false"/>
            <line number="534" hits="0" branch="false"/>
            <line number="537" hits="6" branch="false"/>
            <line number="538" hits="6" branch="false"/>
            <line number="545" hits="5" branch="false"/>
            <line number="546" hits="8" branch="false"/>
            <line number="547" hits="8" branch="false"/>
            <line number="549" hits="8" branch="true" condition-coverage="100% (1/1)"/>
            <line number="550" hits="3" branch="false"/>
            <line number="556" hits="5" branch="false"/>
            <line number="560" hits="0" branch="false"/>
            <line number="566" hits="5" branch="false"/>
            <line number="567" hits="6" branch="false"/>
            <line number="568" hits="6" branch="true" condition-coverage="100% (1/1)"/>
            <line number="569" hits="3" branch="false"/>
            <line number="572" hits="3" branch="false"/>
            <line number="597" hits="3" branch="false"/>
            <line number="603" hits="7" branch="false"/>
            <line number="604" hits="7" branch="true" condition-coverage="100% (4/4)"/>
            <line number="607" hits="3" branch="false"/>
            <line number="611" hits="1" branch="false"/>
            <line number="614" hits="3" branch="false"/>
          </lines>
        </class>
        <class name="network.ts" filename="packages/oraidex-common/src/network.ts" line-rate="1" branch-rate="1">
          <methods>
            <method name="(anonymous_16)" hits="16" signature="()V">
              <lines>
                <line number="173" hits="16"/>
              </lines>
            </method>
            <method name="(anonymous_17)" hits="24" signature="()V">
              <lines>
                <line number="1107" hits="24"/>
              </lines>
            </method>
            <method name="(anonymous_18)" hits="24" signature="()V">
              <lines>
                <line number="1108" hits="24"/>
              </lines>
            </method>
            <method name="(anonymous_19)" hits="2" signature="()V">
              <lines>
                <line number="1111" hits="2"/>
              </lines>
            </method>
          </methods>
          <lines>
            <line number="55" hits="2" branch="false"/>
            <line number="173" hits="2" branch="false"/>
            <line number="180" hits="16" branch="false"/>
            <line number="190" hits="2" branch="false"/>
            <line number="204" hits="2" branch="false"/>
            <line number="215" hits="2" branch="false"/>
            <line number="227" hits="2" branch="false"/>
            <line number="239" hits="2" branch="false"/>
            <line number="252" hits="2" branch="false"/>
            <line number="265" hits="2" branch="false"/>
            <line number="278" hits="2" branch="false"/>
            <line number="291" hits="2" branch="false"/>
            <line number="494" hits="2" branch="false"/>
            <line number="1087" hits="2" branch="false"/>
            <line number="1107" hits="24" branch="false"/>
            <line number="1108" hits="24" branch="false"/>
            <line number="1111" hits="2" branch="true" condition-coverage="100% (2/2)"/>
          </lines>
        </class>
        <class name="pairs.ts" filename="packages/oraidex-common/src/pairs.ts" line-rate="0.9259000000000001" branch-rate="0.8887999999999999">
          <methods>
            <method name="(anonymous_8)" hits="2" signature="()V">
              <lines>
                <line number="112" hits="2"/>
              </lines>
            </method>
            <method name="(anonymous_9)" hits="3" signature="()V">
              <lines>
                <line number="133" hits="3"/>
              </lines>
            </method>
            <method name="(anonymous_10)" hits="29" signature="()V">
              <lines>
                <line number="134" hits="29"/>
              </lines>
            </method>
            <method name="(anonymous_11)" hits="58" signature="()V">
              <lines>
                <line number="135" hits="58"/>
              </lines>
            </method>
            <method name="(anonymous_12)" hits="4" signature="()V">
              <lines>
                <line number="144" hits="4"/>
              </lines>
            </method>
            <method name="(anonymous_13)" hits="20" signature="()V">
              <lines>
                <line number="146" hits="20"/>
              </lines>
            </method>
            <method name="(anonymous_14)" hits="32" signature="()V">
              <lines>
                <line number="147" hits="32"/>
              </lines>
            </method>
            <method name="(anonymous_15)" hits="34" signature="()V">
              <lines>
                <line number="148" hits="34"/>
              </lines>
            </method>
            <method name="(anonymous_16)" hits="0" signature="()V">
              <lines>
                <line number="156" hits="0"/>
              </lines>
            </method>
            <method name="(anonymous_17)" hits="0" signature="()V">
              <lines>
                <line number="157" hits="0"/>
              </lines>
            </method>
            <method name="(anonymous_18)" hits="0" signature="()V">
              <lines>
                <line number="157" hits="0"/>
              </lines>
            </method>
            <method name="(anonymous_19)" hits="34" signature="()V">
              <lines>
                <line number="160" hits="34"/>
              </lines>
            </method>
            <method name="(anonymous_20)" hits="68" signature="()V">
              <lines>
                <line number="161" hits="68"/>
              </lines>
            </method>
          </methods>
          <lines>
            <line number="20" hits="2" branch="false"/>
            <line number="21" hits="2" branch="false"/>
            <line number="22" hits="2" branch="false"/>
            <line number="23" hits="2" branch="false"/>
            <line number="24" hits="2" branch="false"/>
            <line number="32" hits="2" branch="false"/>
            <line number="112" hits="2" branch="true" condition-coverage="100% (2/2)"/>
            <line number="133" hits="3" branch="false"/>
            <line number="134" hits="3" branch="false"/>
            <line number="135" hits="29" branch="false"/>
            <line number="136" hits="58" branch="true" condition-coverage="100% (1/1)"/>
            <line number="137" hits="32" branch="false"/>
            <line number="139" hits="26" branch="false"/>
            <line number="144" hits="4" branch="false"/>
            <line number="145" hits="4" branch="false"/>
            <line number="147" hits="32" branch="true" condition-coverage="100% (2/2)"/>
            <line number="148" hits="34" branch="false"/>
            <line number="150" hits="4" branch="true" condition-coverage="0% (0/1)"/>
            <line number="151" hits="0" branch="false"/>
            <line number="153" hits="4" branch="true" condition-coverage="100% (2/2)"/>
            <line number="156" hits="2" branch="false"/>
            <line number="157" hits="0" branch="false"/>
            <line number="160" hits="2" branch="false"/>
            <line number="161" hits="34" branch="false"/>
            <line number="162" hits="68" branch="true" condition-coverage="100% (1/1)"/>
            <line number="163" hits="34" branch="false"/>
            <line number="166" hits="34" branch="false"/>
          </lines>
        </class>
        <class name="token.ts" filename="packages/oraidex-common/src/token.ts" line-rate="1" branch-rate="1">
          <methods>
            <method name="(anonymous_12)" hits="24" signature="()V">
              <lines>
                <line number="81" hits="24"/>
              </lines>
            </method>
            <method name="(anonymous_13)" hits="126" signature="()V">
              <lines>
                <line number="82" hits="126"/>
              </lines>
            </method>
            <method name="(anonymous_14)" hits="24" signature="()V">
              <lines>
                <line number="109" hits="24"/>
              </lines>
            </method>
            <method name="(anonymous_15)" hits="126" signature="()V">
              <lines>
                <line number="115" hits="126"/>
              </lines>
            </method>
            <method name="(anonymous_16)" hits="126" signature="()V">
              <lines>
                <line number="116" hits="126"/>
              </lines>
            </method>
            <method name="(anonymous_17)" hits="126" signature="()V">
              <lines>
                <line number="119" hits="126"/>
              </lines>
            </method>
            <method name="(anonymous_18)" hits="88" signature="()V">
              <lines>
                <line number="123" hits="88"/>
              </lines>
            </method>
            <method name="(anonymous_19)" hits="88" signature="()V">
              <lines>
                <line number="129" hits="88"/>
              </lines>
            </method>
            <method name="(anonymous_20)" hits="30" signature="()V">
              <lines>
                <line number="133" hits="30"/>
              </lines>
            </method>
            <method name="(anonymous_21)" hits="30" signature="()V">
              <lines>
                <line number="136" hits="30"/>
              </lines>
            </method>
            <method name="(anonymous_22)" hits="126" signature="()V">
              <lines>
                <line number="140" hits="126"/>
              </lines>
            </method>
            <method name="(anonymous_23)" hits="36" signature="()V">
              <lines>
                <line number="144" hits="36"/>
              </lines>
            </method>
            <method name="(anonymous_24)" hits="88" signature="()V">
              <lines>
                <line number="148" hits="88"/>
              </lines>
            </method>
            <method name="(anonymous_25)" hits="10" signature="()V">
              <lines>
                <line number="149" hits="10"/>
              </lines>
            </method>
          </methods>
          <lines>
            <line number="3" hits="2" branch="false"/>
            <line number="4" hits="2" branch="false"/>
            <line number="13" hits="2" branch="false"/>
            <line number="72" hits="2" branch="false"/>
            <line number="77" hits="2" branch="false"/>
            <line number="81" hits="2" branch="false"/>
            <line number="82" hits="126" branch="false"/>
            <line number="108" hits="2" branch="false"/>
            <line number="109" hits="24" branch="false"/>
            <line number="111" hits="12" branch="false"/>
            <line number="113" hits="2" branch="false"/>
            <line number="114" hits="11" branch="false"/>
            <line number="115" hits="126" branch="false"/>
            <line number="116" hits="126" branch="true" condition-coverage="100% (2/2)"/>
            <line number="117" hits="14" branch="false"/>
            <line number="121" hits="126" branch="true" condition-coverage="100% (3/3)"/>
            <line number="123" hits="88" branch="false"/>
            <line number="126" hits="2" branch="false"/>
            <line number="131" hits="88" branch="false"/>
            <line number="133" hits="30" branch="false"/>
            <line number="136" hits="30" branch="false"/>
            <line number="138" hits="2" branch="false"/>
            <line number="142" hits="126" branch="true" condition-coverage="100% (4/4)"/>
            <line number="144" hits="36" branch="false"/>
            <line number="147" hits="2" branch="false"/>
            <line number="148" hits="88" branch="false"/>
            <line number="149" hits="10" branch="false"/>
          </lines>
        </class>
      </classes>
    </package>
    <package name="universal-swap.src" line-rate="0.6394" branch-rate="0.5937">
      <classes>
        <class name="handler.ts" filename="packages/universal-swap/src/handler.ts" line-rate="0.42219999999999996" branch-rate="0.3826">
          <methods>
            <method name="(anonymous_1)" hits="25" signature="()V">
              <lines>
                <line number="58" hits="25"/>
              </lines>
            </method>
            <method name="(anonymous_2)" hits="0" signature="()V">
              <lines>
                <line number="414" hits="0"/>
              </lines>
            </method>
            <method name="(anonymous_3)" hits="4" signature="()V">
              <lines>
                <line number="60" hits="4"/>
              </lines>
            </method>
            <method name="(anonymous_4)" hits="0" signature="()V">
              <lines>
                <line number="66" hits="0"/>
              </lines>
            </method>
            <method name="(anonymous_5)" hits="7" signature="()V">
              <lines>
                <line number="70" hits="7"/>
              </lines>
            </method>
            <method name="(anonymous_6)" hits="9" signature="()V">
              <lines>
                <line number="76" hits="9"/>
              </lines>
            </method>
            <method name="(anonymous_7)" hits="3" signature="()V">
              <lines>
                <line number="98" hits="3"/>
              </lines>
            </method>
            <method name="(anonymous_8)" hits="5" signature="()V">
              <lines>
                <line number="189" hits="5"/>
              </lines>
            </method>
            <method name="(anonymous_9)" hits="5" signature="()V">
              <lines>
                <line number="203" hits="5"/>
              </lines>
            </method>
            <method name="(anonymous_10)" hits="3" signature="()V">
              <lines>
                <line number="226" hits="3"/>
              </lines>
            </method>
            <method name="(anonymous_11)" hits="0" signature="()V">
              <lines>
                <line number="296" hits="0"/>
              </lines>
            </method>
            <method name="(anonymous_12)" hits="0" signature="()V">
              <lines>
                <line number="307" hits="0"/>
              </lines>
            </method>
            <method name="(anonymous_13)" hits="0" signature="()V">
              <lines>
                <line number="379" hits="0"/>
              </lines>
            </method>
            <method name="(anonymous_14)" hits="0" signature="()V">
              <lines>
                <line number="436" hits="0"/>
              </lines>
            </method>
            <method name="(anonymous_15)" hits="0" signature="()V">
              <lines>
                <line number="457" hits="0"/>
              </lines>
            </method>
            <method name="(anonymous_16)" hits="0" signature="()V">
              <lines>
                <line number="513" hits="0"/>
              </lines>
            </method>
            <method name="(anonymous_17)" hits="0" signature="()V">
              <lines>
                <line number="601" hits="0"/>
              </lines>
            </method>
            <method name="(anonymous_18)" hits="4" signature="()V">
              <lines>
                <line number="675" hits="4"/>
              </lines>
            </method>
            <method name="(anonymous_19)" hits="4" signature="()V">
              <lines>
                <line number="709" hits="4"/>
              </lines>
            </method>
            <method name="(anonymous_20)" hits="0" signature="()V">
              <lines>
                <line number="792" hits="0"/>
              </lines>
            </method>
            <method name="(anonymous_21)" hits="0" signature="()V">
              <lines>
                <line number="798" hits="0"/>
              </lines>
            </method>
            <method name="(anonymous_22)" hits="7" signature="()V">
              <lines>
                <line number="844" hits="7"/>
              </lines>
            </method>
          </methods>
          <lines>
            <line number="1" hits="1" branch="false"/>
            <line number="2" hits="1" branch="false"/>
            <line number="3" hits="1" branch="false"/>
            <line number="41" hits="1" branch="false"/>
            <line number="42" hits="1" branch="false"/>
            <line number="43" hits="1" branch="false"/>
            <line number="53" hits="1" branch="false"/>
            <line number="56" hits="1" branch="false"/>
            <line number="57" hits="1" branch="false"/>
            <line number="58" hits="25" branch="false"/>
            <line number="61" hits="4" branch="false"/>
            <line number="62" hits="4" branch="true" condition-coverage="0% (0/1)"/>
            <line number="63" hits="4" branch="false"/>
            <line number="67" hits="0" branch="true" condition-coverage="0% (0/2)"/>
            <line number="71" hits="7" branch="false"/>
            <line number="72" hits="7" branch="true" condition-coverage="100% (3/3)"/>
            <line number="73" hits="1" branch="false"/>
            <line number="81" hits="9" branch="true" condition-coverage="100% (4/4)"/>
            <line number="82" hits="2" branch="true" condition-coverage="100% (2/2)"/>
            <line number="85" hits="7" branch="true" condition-coverage="100% (1/1)"/>
            <line number="86" hits="6" branch="true" condition-coverage="100% (1/1)"/>
            <line number="87" hits="1" branch="false"/>
            <line number="88" hits="1" branch="true" condition-coverage="100% (3/3)"/>
            <line number="89" hits="0" branch="false"/>
            <line number="91" hits="1" branch="false"/>
            <line number="100" hits="3" branch="false"/>
            <line number="101" hits="3" branch="false"/>
            <line number="102" hits="3" branch="false"/>
            <line number="103" hits="3" branch="true" condition-coverage="0% (0/1)"/>
            <line number="104" hits="0" branch="false"/>
            <line number="105" hits="0" branch="false"/>
            <line number="107" hits="3" branch="false"/>
            <line number="109" hits="3" branch="false"/>
            <line number="111" hits="3" branch="true" condition-coverage="50% (1/2)"/>
            <line number="112" hits="0" branch="false"/>
            <line number="114" hits="0" branch="true" condition-coverage="0% (0/1)"/>
            <line number="115" hits="0" branch="false"/>
            <line number="117" hits="3" branch="false"/>
            <line number="120" hits="3" branch="true" condition-coverage="0% (0/1)"/>
            <line number="122" hits="3" branch="false"/>
            <line number="123" hits="3" branch="false"/>
            <line number="124" hits="3" branch="false"/>
            <line number="125" hits="3" branch="true" condition-coverage="33.33333333333333% (1/3)"/>
            <line number="126" hits="0" branch="false"/>
            <line number="127" hits="0" branch="false"/>
            <line number="132" hits="3" branch="true" condition-coverage="100% (2/2)"/>
            <line number="133" hits="1" branch="false"/>
            <line number="138" hits="2" branch="false"/>
            <line number="153" hits="3" branch="false"/>
            <line number="154" hits="3" branch="false"/>
            <line number="155" hits="3" branch="true" condition-coverage="0% (0/1)"/>
            <line number="157" hits="0" branch="true" condition-coverage="0% (0/3)"/>
            <line number="158" hits="0" branch="false"/>
            <line number="159" hits="0" branch="false"/>
            <line number="160" hits="0" branch="false"/>
            <line number="166" hits="0" branch="false"/>
            <line number="167" hits="0" branch="false"/>
            <line number="172" hits="0" branch="true" condition-coverage="0% (0/1)"/>
            <line number="173" hits="0" branch="false"/>
            <line number="174" hits="0" branch="false"/>
            <line number="175" hits="0" branch="false"/>
            <line number="177" hits="0" branch="false"/>
            <line number="181" hits="3" branch="true" condition-coverage="100% (1/1)"/>
            <line number="182" hits="1" branch="false"/>
            <line number="183" hits="1" branch="false"/>
            <line number="184" hits="1" branch="false"/>
            <line number="186" hits="2" branch="false"/>
            <line number="190" hits="5" branch="false"/>
            <line number="192" hits="5" branch="true" condition-coverage="100% (1/1)"/>
            <line number="193" hits="1" branch="false"/>
            <line number="195" hits="5" branch="false"/>
            <line number="197" hits="5" branch="true" condition-coverage="100% (4/4)"/>
            <line number="198" hits="1" branch="false"/>
            <line number="200" hits="4" branch="false"/>
            <line number="211" hits="5" branch="true" condition-coverage="100% (2/2)"/>
            <line number="212" hits="1" branch="false"/>
            <line number="213" hits="1" branch="true" condition-coverage="0% (0/1)"/>
            <line number="214" hits="1" branch="false"/>
            <line number="216" hits="4" branch="false"/>
            <line number="219" hits="5" branch="true" condition-coverage="100% (2/2)"/>
            <line number="227" hits="3" branch="false"/>
            <line number="228" hits="3" branch="false"/>
            <line number="230" hits="3" branch="true" condition-coverage="100% (1/1)"/>
            <line number="231" hits="1" branch="false"/>
            <line number="232" hits="1" branch="false"/>
            <line number="236" hits="3" branch="false"/>
            <line number="238" hits="3" branch="false"/>
            <line number="239" hits="3" branch="true" condition-coverage="100% (1/1)"/>
            <line number="241" hits="2" branch="false"/>
            <line number="242" hits="2" branch="false"/>
            <line number="254" hits="2" branch="false"/>
            <line number="255" hits="2" branch="false"/>
            <line number="256" hits="2" branch="true" condition-coverage="0% (0/1)"/>
            <line number="257" hits="0" branch="false"/>
            <line number="258" hits="0" branch="false"/>
            <line number="259" hits="0" branch="false"/>
            <line number="260" hits="0" branch="false"/>
            <line number="261" hits="0" branch="false"/>
            <line number="268" hits="0" branch="false"/>
            <line number="269" hits="0" branch="false"/>
            <line number="270" hits="0" branch="false"/>
            <line number="272" hits="0" branch="false"/>
            <line number="273" hits="0" branch="false"/>
            <line number="274" hits="0" branch="false"/>
            <line number="286" hits="0" branch="false"/>
            <line number="290" hits="2" branch="false"/>
            <line number="291" hits="2" branch="false"/>
            <line number="292" hits="2" branch="false"/>
            <line number="297" hits="0" branch="false"/>
            <line number="298" hits="0" branch="false"/>
            <line number="302" hits="0" branch="false"/>
            <line number="303" hits="0" branch="false"/>
            <line number="319" hits="0" branch="false"/>
            <line number="320" hits="0" branch="false"/>
            <line number="321" hits="0" branch="false"/>
            <line number="322" hits="0" branch="false"/>
            <line number="326" hits="0" branch="false"/>
            <line number="327" hits="0" branch="false"/>
            <line number="328" hits="0" branch="false"/>
            <line number="329" hits="0" branch="false"/>
            <line number="330" hits="0" branch="false"/>
            <line number="331" hits="0" branch="false"/>
            <line number="333" hits="0" branch="false"/>
            <line number="336" hits="0" branch="true" condition-coverage="0% (0/1)"/>
            <line number="345" hits="0" branch="true" condition-coverage="0% (0/2)"/>
            <line number="346" hits="0" branch="false"/>
            <line number="352" hits="0" branch="true" condition-coverage="0% (0/2)"/>
            <line number="354" hits="0" branch="false"/>
            <line number="355" hits="0" branch="false"/>
            <line number="357" hits="0" branch="false"/>
            <line number="366" hits="0" branch="false"/>
            <line number="374" hits="0" branch="false"/>
            <line number="375" hits="0" branch="false"/>
            <line number="380" hits="0" branch="false"/>
            <line number="381" hits="0" branch="false"/>
            <line number="382" hits="0" branch="false"/>
            <line number="383" hits="0" branch="false"/>
            <line number="384" hits="0" branch="false"/>
            <line number="385" hits="0" branch="false"/>
            <line number="387" hits="0" branch="true" condition-coverage="0% (0/2)"/>
            <line number="388" hits="0" branch="false"/>
            <line number="389" hits="0" branch="true" condition-coverage="0% (0/1)"/>
            <line number="402" hits="0" branch="true" condition-coverage="0% (0/1)"/>
            <line number="404" hits="0" branch="true" condition-coverage="0% (0/4)"/>
            <line number="405" hits="0" branch="false"/>
            <line number="406" hits="0" branch="false"/>
            <line number="407" hits="0" branch="false"/>
            <line number="408" hits="0" branch="false"/>
            <line number="409" hits="0" branch="false"/>
            <line number="413" hits="25" branch="false"/>
            <line number="415" hits="0" branch="false"/>
            <line number="416" hits="0" branch="false"/>
            <line number="417" hits="0" branch="false"/>
            <line number="421" hits="0" branch="false"/>
            <line number="422" hits="0" branch="true" condition-coverage="0% (0/3)"/>
            <line number="423" hits="0" branch="false"/>
            <line number="426" hits="0" branch="false"/>
            <line number="427" hits="0" branch="false"/>
            <line number="433" hits="0" branch="false"/>
            <line number="437" hits="0" branch="true" condition-coverage="0% (0/1)"/>
            <line number="438" hits="0" branch="false"/>
            <line number="443" hits="0" branch="true" condition-coverage="0% (0/1)"/>
            <line number="444" hits="0" branch="false"/>
            <line number="449" hits="0" branch="false"/>
            <line number="459" hits="0" branch="false"/>
            <line number="460" hits="0" branch="true" condition-coverage="0% (0/1)"/>
            <line number="461" hits="0" branch="false"/>
            <line number="463" hits="0" branch="false"/>
            <line number="469" hits="0" branch="false"/>
            <line number="470" hits="0" branch="true" condition-coverage="0% (0/1)"/>
            <line number="471" hits="0" branch="false"/>
            <line number="475" hits="0" branch="true" condition-coverage="0% (0/3)"/>
            <line number="477" hits="0" branch="false"/>
            <line number="478" hits="0" branch="false"/>
            <line number="480" hits="0" branch="false"/>
            <line number="481" hits="0" branch="false"/>
            <line number="482" hits="0" branch="false"/>
            <line number="488" hits="0" branch="true" condition-coverage="0% (0/1)"/>
            <line number="489" hits="0" branch="false"/>
            <line number="492" hits="0" branch="false"/>
            <line number="493" hits="0" branch="false"/>
            <line number="495" hits="0" branch="false"/>
            <line number="497" hits="0" branch="false"/>
            <line number="498" hits="0" branch="false"/>
            <line number="508" hits="0" branch="false"/>
            <line number="523" hits="0" branch="false"/>
            <line number="524" hits="0" branch="false"/>
            <line number="525" hits="0" branch="true" condition-coverage="0% (0/3)"/>
            <line number="526" hits="0" branch="true" condition-coverage="0% (0/1)"/>
            <line number="528" hits="0" branch="false"/>
            <line number="537" hits="0" branch="false"/>
            <line number="543" hits="0" branch="false"/>
            <line number="553" hits="0" branch="true" condition-coverage="0% (0/1)"/>
            <line number="554" hits="0" branch="false"/>
            <line number="555" hits="0" branch="true" condition-coverage="0% (0/1)"/>
            <line number="557" hits="0" branch="false"/>
            <line number="558" hits="0" branch="true" condition-coverage="0% (0/1)"/>
            <line number="559" hits="0" branch="false"/>
            <line number="560" hits="0" branch="false"/>
            <line number="561" hits="0" branch="false"/>
            <line number="563" hits="0" branch="true" condition-coverage="0% (0/2)"/>
            <line number="567" hits="0" branch="true" condition-coverage="0% (0/1)"/>
            <line number="571" hits="0" branch="false"/>
            <line number="574" hits="0" branch="false"/>
            <line number="583" hits="0" branch="false"/>
            <line number="584" hits="0" branch="false"/>
            <line number="590" hits="0" branch="true" condition-coverage="0% (0/1)"/>
            <line number="591" hits="0" branch="false"/>
            <line number="595" hits="0" branch="false"/>
            <line number="602" hits="0" branch="false"/>
            <line number="605" hits="0" branch="false"/>
            <line number="614" hits="0" branch="false"/>
            <line number="616" hits="0" branch="false"/>
            <line number="617" hits="0" branch="true" condition-coverage="0% (0/1)"/>
            <line number="618" hits="0" branch="false"/>
            <line number="623" hits="0" branch="false"/>
            <line number="625" hits="0" branch="false"/>
            <line number="632" hits="0" branch="false"/>
            <line number="653" hits="0" branch="true" condition-coverage="0% (0/1)"/>
            <line number="654" hits="0" branch="true" condition-coverage="0% (0/2)"/>
            <line number="655" hits="0" branch="false"/>
            <line number="657" hits="0" branch="true" condition-coverage="0% (0/3)"/>
            <line number="658" hits="0" branch="false"/>
            <line number="660" hits="0" branch="false"/>
            <line number="662" hits="0" branch="false"/>
            <line number="665" hits="0" branch="false"/>
            <line number="668" hits="0" branch="false"/>
            <line number="672" hits="0" branch="false"/>
            <line number="676" hits="4" branch="false"/>
            <line number="677" hits="4" branch="false"/>
            <line number="678" hits="4" branch="false"/>
            <line number="680" hits="4" branch="true" condition-coverage="50% (1/2)"/>
            <line number="681" hits="0" branch="false"/>
            <line number="683" hits="0" branch="true" condition-coverage="0% (0/1)"/>
            <line number="684" hits="0" branch="false"/>
            <line number="686" hits="0" branch="false"/>
            <line number="688" hits="4" branch="false"/>
            <line number="694" hits="4" branch="false"/>
            <line number="702" hits="4" branch="true" condition-coverage="100% (1/1)"/>
            <line number="703" hits="3" branch="true" condition-coverage="100% (3/3)"/>
            <line number="704" hits="2" branch="false"/>
            <line number="705" hits="1" branch="true" condition-coverage="100% (1/1)"/>
            <line number="706" hits="0" branch="false"/>
            <line number="711" hits="4" branch="false"/>
            <line number="712" hits="4" branch="false"/>
            <line number="714" hits="4" branch="false"/>
            <line number="715" hits="4" branch="false"/>
            <line number="716" hits="4" branch="false"/>
            <line number="717" hits="4" branch="false"/>
            <line number="718" hits="4" branch="false"/>
            <line number="722" hits="4" branch="false"/>
            <line number="723" hits="4" branch="true" condition-coverage="50% (1/2)"/>
            <line number="724" hits="4" branch="true" condition-coverage="66.66666666666666% (2/3)"/>
            <line number="725" hits="0" branch="false"/>
            <line number="730" hits="4" branch="false"/>
[...]
            <line number="369" hits="2" branch="true" condition-coverage="50% (1/2)"/>
            <line number="370" hits="2" branch="false"/>
            <line number="371" hits="2" branch="false"/>
            <line number="373" hits="0" branch="false"/>
            <line number="376" hits="0" branch="false"/>
            <line number="377" hits="5" branch="false"/>
            <line number="380" hits="2" branch="false"/>
            <line number="381" hits="12" branch="false"/>
            <line number="382" hits="12" branch="true" condition-coverage="100% (2/2)"/>
            <line number="383" hits="3" branch="false"/>
            <line number="390" hits="9" branch="false"/>
            <line number="396" hits="9" branch="false"/>
            <line number="397" hits="4" branch="false"/>
            <line number="404" hits="9" branch="false"/>
            <line number="411" hits="12" branch="false"/>
            <line number="415" hits="2" branch="false"/>
            <line number="416" hits="7" branch="false"/>
            <line number="417" hits="87" branch="false"/>
            <line number="418" hits="87" branch="false"/>
            <line number="424" hits="7" branch="true" condition-coverage="100% (1/1)"/>
            <line number="426" hits="5" branch="true" condition-coverage="100% (1/1)"/>
            <line number="427" hits="1" branch="true" condition-coverage="50% (1/2)"/>
            <line number="428" hits="1" branch="false"/>
            <line number="432" hits="4" branch="true" condition-coverage="100% (1/1)"/>
            <line number="433" hits="1" branch="true" condition-coverage="50% (1/2)"/>
            <line number="434" hits="1" branch="false"/>
            <line number="438" hits="3" branch="false"/>
            <line number="441" hits="2" branch="false"/>
            <line number="448" hits="0" branch="false"/>
            <line number="449" hits="0" branch="false"/>
            <line number="450" hits="0" branch="false"/>
            <line number="459" hits="0" branch="false"/>
            <line number="460" hits="0" branch="false"/>
            <line number="467" hits="2" branch="false"/>
            <line number="474" hits="4" branch="false"/>
            <line number="482" hits="4" branch="false"/>
            <line number="483" hits="2" branch="false"/>
            <line number="484" hits="2" branch="false"/>
            <line number="485" hits="2" branch="false"/>
            <line number="486" hits="6" branch="false"/>
            <line number="487" hits="6" branch="false"/>
            <line number="494" hits="6" branch="false"/>
            <line number="497" hits="2" branch="false"/>
            <line number="503" hits="4" branch="false"/>
            <line number="511" hits="2" branch="false"/>
            <line number="517" hits="2" branch="false"/>
            <line number="520" hits="2" branch="true" condition-coverage="100% (1/1)"/>
            <line number="521" hits="1" branch="false"/>
            <line number="527" hits="1" branch="false"/>
            <line number="528" hits="1" branch="false"/>
            <line number="529" hits="1" branch="false"/>
            <line number="530" hits="1" branch="false"/>
            <line number="531" hits="1" branch="false"/>
            <line number="532" hits="1" branch="false"/>
            <line number="533" hits="1" branch="false"/>
            <line number="537" hits="1" branch="false"/>
            <line number="539" hits="0" branch="false"/>
            <line number="544" hits="2" branch="false"/>
            <line number="549" hits="3" branch="false"/>
            <line number="552" hits="3" branch="true" condition-coverage="100% (1/1)"/>
            <line number="553" hits="1" branch="false"/>
            <line number="561" hits="2" branch="false"/>
            <line number="562" hits="2" branch="false"/>
            <line number="563" hits="2" branch="false"/>
            <line number="564" hits="2" branch="false"/>
            <line number="572" hits="0" branch="false"/>
            <line number="576" hits="2" branch="false"/>
            <line number="581" hits="0" branch="false"/>
            <line number="583" hits="0" branch="false"/>
            <line number="586" hits="0" branch="true" condition-coverage="0% (0/3)"/>
            <line number="587" hits="0" branch="false"/>
            <line number="596" hits="0" branch="false"/>
            <line number="598" hits="0" branch="false"/>
            <line number="599" hits="0" branch="false"/>
            <line number="600" hits="0" branch="false"/>
            <line number="604" hits="0" branch="false"/>
            <line number="609" hits="0" branch="false"/>
            <line number="610" hits="0" branch="true" condition-coverage="0% (0/1)"/>
            <line number="611" hits="0" branch="false"/>
            <line number="612" hits="0" branch="false"/>
            <line number="619" hits="0" branch="false"/>
            <line number="623" hits="2" branch="false"/>
            <line number="632" hits="5" branch="true" condition-coverage="100% (1/1)"/>
            <line number="642" hits="3" branch="false"/>
            <line number="647" hits="3" branch="false"/>
            <line number="648" hits="3" branch="false"/>
            <line number="650" hits="2" branch="false"/>
            <line number="651" hits="2" branch="false"/>
            <line number="652" hits="2" branch="true" condition-coverage="66.66666666666666% (2/3)"/>
            <line number="653" hits="0" branch="false"/>
            <line number="657" hits="2" branch="false"/>
            <line number="658" hits="2" branch="true" condition-coverage="100% (2/2)"/>
            <line number="660" hits="1" branch="false"/>
            <line number="665" hits="1" branch="false"/>
            <line number="666" hits="1" branch="false"/>
            <line number="668" hits="1" branch="false"/>
            <line number="677" hits="2" branch="false"/>
            <line number="684" hits="2" branch="false"/>
            <line number="693" hits="5" branch="false"/>
            <line number="694" hits="5" branch="true" condition-coverage="100% (3/3)"/>
            <line number="695" hits="4" branch="false"/>
            <line number="698" hits="4" branch="true" condition-coverage="100% (1/1)"/>
            <line number="699" hits="2" branch="true" condition-coverage="100% (1/1)"/>
            <line number="700" hits="1" branch="false"/>
            <line number="703" hits="2" branch="false"/>
            <line number="711" hits="2" branch="false"/>
            <line number="717" hits="4" branch="false"/>
            <line number="718" hits="4" branch="true" condition-coverage="0% (0/1)"/>
            <line number="719" hits="4" branch="true" condition-coverage="0% (0/1)"/>
            <line number="720" hits="0" branch="false"/>
            <line number="724" hits="4" branch="true" condition-coverage="100% (3/3)"/>
            <line number="725" hits="4" branch="false"/>
            <line number="726" hits="4" branch="false"/>
            <line number="732" hits="4" branch="false"/>
            <line number="733" hits="4" branch="false"/>
            <line number="734" hits="4" branch="true" condition-coverage="100% (1/1)"/>
            <line number="735" hits="3" branch="false"/>
            <line number="737" hits="0" branch="false"/>
            <line number="741" hits="2" branch="false"/>
            <line number="749" hits="4" branch="false"/>
            <line number="750" hits="4" branch="false"/>
            <line number="751" hits="4" branch="true" condition-coverage="100% (3/3)"/>
            <line number="752" hits="4" branch="false"/>
            <line number="758" hits="4" branch="false"/>
            <line number="760" hits="4" branch="false"/>
            <line number="761" hits="4" branch="false"/>
            <line number="765" hits="0" branch="false"/>
            <line number="769" hits="4" branch="false"/>
            <line number="772" hits="0" branch="true" condition-coverage="0% (0/1)"/>
            <line number="773" hits="0" branch="false"/>
            <line number="774" hits="0" branch="false"/>
            <line number="775" hits="0" branch="false"/>
            <line number="776" hits="0" branch="true" condition-coverage="0% (0/1)"/>
            <line number="777" hits="0" branch="false"/>
            <line number="778" hits="0" branch="false"/>
            <line number="779" hits="0" branch="false"/>
            <line number="780" hits="0" branch="true" condition-coverage="0% (0/3)"/>
            <line number="781" hits="0" branch="false"/>
            <line number="784" hits="0" branch="false"/>
            <line number="790" hits="0" branch="false"/>
            <line number="792" hits="0" branch="true" condition-coverage="0% (0/1)"/>
            <line number="795" hits="0" branch="false"/>
            <line number="799" hits="2" branch="false"/>
            <line number="800" hits="2" branch="true" condition-coverage="0% (0/1)"/>
            <line number="801" hits="2" branch="true" condition-coverage="100% (1/1)"/>
            <line number="802" hits="1" branch="false"/>
            <line number="803" hits="1" branch="false"/>
            <line number="804" hits="1" branch="false"/>
            <line number="806" hits="1" branch="false"/>
            <line number="807" hits="1" branch="false"/>
            <line number="812" hits="2" branch="false"/>
            <line number="822" hits="3" branch="true" condition-coverage="100% (3/3)"/>
            <line number="824" hits="2" branch="false"/>
            <line number="825" hits="2" branch="true" condition-coverage="0% (0/1)"/>
            <line number="826" hits="2" branch="false"/>
            <line number="828" hits="2" branch="true" condition-coverage="33.33333333333333% (1/3)"/>
            <line number="829" hits="0" branch="false"/>
            <line number="831" hits="2" branch="false"/>
            <line number="832" hits="2" branch="true" condition-coverage="0% (0/1)"/>
            <line number="833" hits="0" branch="false"/>
            <line number="838" hits="2" branch="true" condition-coverage="50% (2/4)"/>
            <line number="839" hits="2" branch="false"/>
            <line number="840" hits="2" branch="true" condition-coverage="0% (0/1)"/>
            <line number="841" hits="2" branch="false"/>
            <line number="845" hits="2" branch="false"/>
            <line number="853" hits="0" branch="true" condition-coverage="0% (0/2)"/>
            <line number="854" hits="0" branch="false"/>
            <line number="855" hits="0" branch="true" condition-coverage="0% (0/2)"/>
            <line number="858" hits="0" branch="true" condition-coverage="0% (0/1)"/>
            <line number="859" hits="0" branch="false"/>
            <line number="860" hits="0" branch="false"/>
            <line number="863" hits="0" branch="true" condition-coverage="0% (0/1)"/>
            <line number="864" hits="0" branch="false"/>
            <line number="865" hits="0" branch="false"/>
            <line number="867" hits="0" branch="false"/>
            <line number="870" hits="0" branch="true" condition-coverage="0% (0/1)"/>
            <line number="871" hits="0" branch="false"/>
            <line number="873" hits="0" branch="false"/>
            <line number="874" hits="0" branch="true" condition-coverage="0% (0/1)"/>
            <line number="875" hits="0" branch="true" condition-coverage="0% (0/1)"/>
            <line number="877" hits="0" branch="false"/>
            <line number="878" hits="0" branch="true" condition-coverage="0% (0/1)"/>
            <line number="879" hits="0" branch="false"/>
            <line number="881" hits="0" branch="false"/>
            <line number="883" hits="0" branch="false"/>
            <line number="885" hits="0" branch="true" condition-coverage="0% (0/1)"/>
            <line number="886" hits="0" branch="false"/>
            <line number="890" hits="2" branch="false"/>
            <line number="895" hits="11" branch="true" condition-coverage="100% (1/1)"/>
            <line number="896" hits="2" branch="false"/>
            <line number="898" hits="2" branch="false"/>
            <line number="899" hits="2" branch="true" condition-coverage="100% (2/2)"/>
            <line number="901" hits="2" branch="false"/>
            <line number="902" hits="2" branch="true" condition-coverage="100% (1/1)"/>
            <line number="903" hits="1" branch="false"/>
            <line number="909" hits="1" branch="false"/>
            <line number="912" hits="1" branch="false"/>
            <line number="915" hits="2" branch="false"/>
            <line number="921" hits="3" branch="true" condition-coverage="0% (0/1)"/>
            <line number="923" hits="3" branch="false"/>
            <line number="925" hits="3" branch="true" condition-coverage="0% (0/1)"/>
            <line number="928" hits="3" branch="true" condition-coverage="100% (1/1)"/>
            <line number="930" hits="2" branch="false"/>
            <line number="931" hits="2" branch="false"/>
            <line number="933" hits="2" branch="true" condition-coverage="100% (1/1)"/>
            <line number="934" hits="1" branch="false"/>
            <line number="940" hits="1" branch="false"/>
            <line number="947" hits="1" branch="false"/>
            <line number="950" hits="2" branch="false"/>
            <line number="953" hits="2" branch="false"/>
            <line number="954" hits="2" branch="false"/>
            <line number="957" hits="2" branch="false"/>
            <line number="959" hits="2" branch="true" condition-coverage="66.66666666666666% (2/3)"/>
            <line number="962" hits="1" branch="false"/>
            <line number="964" hits="1" branch="true" condition-coverage="50% (1/2)"/>
            <line number="965" hits="1" branch="false"/>
            <line number="968" hits="1" branch="false"/>
            <line number="971" hits="0" branch="false"/>
            <line number="980" hits="0" branch="false"/>
            <line number="982" hits="1" branch="false"/>
            <line number="985" hits="1" branch="false"/>
            <line number="988" hits="1" branch="false"/>
            <line number="989" hits="1" branch="false"/>
            <line number="991" hits="1" branch="true" condition-coverage="50% (1/2)"/>
            <line number="992" hits="0" branch="false"/>
            <line number="997" hits="0" branch="false"/>
            <line number="1000" hits="1" branch="false"/>
            <line number="1011" hits="1" branch="false"/>
            <line number="1013" hits="1" branch="false"/>
            <line number="1016" hits="0" branch="false"/>
            <line number="1019" hits="2" branch="false"/>
            <line number="1025" hits="2" branch="false"/>
            <line number="1033" hits="5" branch="false"/>
            <line number="1038" hits="3" branch="false"/>
            <line number="1043" hits="0" branch="false"/>
            <line number="1047" hits="2" branch="false"/>
            <line number="1052" hits="2" branch="false"/>
            <line number="1057" hits="8" branch="false"/>
            <line number="1063" hits="7" branch="false"/>
            <line number="1069" hits="8" branch="false"/>
            <line number="1074" hits="2" branch="false"/>
            <line number="1083" hits="3" branch="false"/>
            <line number="1093" hits="29" branch="false"/>
            <line number="1098" hits="3" branch="false"/>
            <line number="1110" hits="6" branch="false"/>
            <line number="1115" hits="5" branch="false"/>
            <line number="1121" hits="2" branch="false"/>
            <line number="1127" hits="2" branch="false"/>
            <line number="1132" hits="2" branch="false"/>
            <line number="1137" hits="5" branch="false"/>
            <line number="1142" hits="5" branch="false"/>
            <line number="1147" hits="2" branch="false"/>
            <line number="1153" hits="2" branch="false"/>
            <line number="1158" hits="2" branch="false"/>
            <line number="1165" hits="3" branch="false"/>
            <line number="1170" hits="2" branch="false"/>
            <line number="1175" hits="3" branch="false"/>
            <line number="1180" hits="3" branch="false"/>
            <line number="1185" hits="2" branch="false"/>
          </lines>
        </class>
        <class name="swap-filter.ts" filename="packages/universal-swap/src/swap-filter.ts" line-rate="1" branch-rate="1">
          <methods>
            <method name="(anonymous_4)" hits="126" signature="()V">
              <lines>
                <line number="27" hits="126"/>
              </lines>
            </method>
            <method name="(anonymous_5)" hits="126" signature="()V">
              <lines>
                <line number="44" hits="126"/>
              </lines>
            </method>
          </methods>
          <lines>
            <line number="8" hits="2" branch="false"/>
            <line number="10" hits="2" branch="false"/>
            <line number="15" hits="2" branch="false"/>
            <line number="17" hits="2" branch="false"/>
            <line number="25" hits="2" branch="false"/>
            <line number="26" hits="2" branch="false"/>
            <line number="27" hits="2" branch="false"/>
            <line number="28" hits="126" branch="false"/>
            <line number="36" hits="2" branch="false"/>
            <line number="44" hits="2" branch="false"/>
            <line number="45" hits="126" branch="false"/>
          </lines>
        </class>
        <class name="types.ts" filename="packages/universal-swap/src/types.ts" line-rate="1" branch-rate="1">
          <methods>
            <method name="(anonymous_3)" hits="2" signature="()V">
              <lines>
                <line number="11" hits="2"/>
              </lines>
            </method>
            <method name="(anonymous_4)" hits="2" signature="()V">
              <lines>
                <line number="85" hits="2"/>
              </lines>
            </method>
          </methods>
          <lines>
            <line number="11" hits="2" branch="true" condition-coverage="100% (2/2)"/>
            <line number="85" hits="2" branch="true" condition-coverage="100% (2/2)"/>
          </lines>
        </class>
      </classes>
    </package>
    <package name="universal-swap.src.proto" line-rate="1" branch-rate="0.5">
      <classes>
        <class name="proto-gen.ts" filename="packages/universal-swap/src/proto/proto-gen.ts" line-rate="1" branch-rate="0.5">
          <methods>
            <method name="(anonymous_4)" hits="20" signature="()V">
              <lines>
                <line number="4" hits="20"/>
              </lines>
            </method>
            <method name="(anonymous_5)" hits="12" signature="()V">
              <lines>
                <line number="35" hits="12"/>
              </lines>
            </method>
          </methods>
          <lines>
            <line number="1" hits="2" branch="false"/>
            <line number="2" hits="2" branch="false"/>
            <line number="4" hits="20" branch="false"/>
            <line number="9" hits="20" branch="false"/>
            <line number="30" hits="20" branch="false"/>
            <line number="31" hits="20" branch="false"/>
            <line number="32" hits="20" branch="false"/>
            <line number="35" hits="12" branch="false"/>
            <line number="41" hits="12" branch="false"/>
            <line number="66" hits="12" branch="true" condition-coverage="50% (1/2)"/>
            <line number="67" hits="12" branch="false"/>
            <line number="68" hits="12" branch="false"/>
            <line number="74" hits="12" branch="false"/>
          </lines>
        </class>
      </classes>
    </package>
  </packages>
</coverage>
