<?xml version="1.0" ?>
<!DOCTYPE coverage SYSTEM "http://cobertura.sourceforge.net/xml/coverage-04.dtd">
<coverage lines-valid="1596" lines-covered="1180" line-rate="0.7393000000000001" branches-valid="565" branches-covered="349" branch-rate="0.6175999999999999" timestamp="1721015064349" complexity="0" version="0.1">
  <sources>
    <source>/home/runner/work/oraidex-sdk/oraidex-sdk</source>
  </sources>
  <packages>
    <package name="oraidex-common-ui.src.components.TVChartContainer.helpers" line-rate="0.9487000000000001" branch-rate="1">
      <classes>
        <class name="constants.ts" filename="packages/oraidex-common-ui/src/components/TVChartContainer/helpers/constants.ts" line-rate="1" branch-rate="1">
          <methods>
          </methods>
          <lines>
            <line number="1" hits="2" branch="false"/>
            <line number="14" hits="2" branch="false"/>
            <line number="16" hits="3" branch="false"/>
            <line number="29" hits="2" branch="false"/>
            <line number="30" hits="2" branch="false"/>
            <line number="31" hits="2" branch="false"/>
          </lines>
        </class>
        <class name="utils.ts" filename="packages/oraidex-common-ui/src/components/TVChartContainer/helpers/utils.ts" line-rate="0.9393" branch-rate="1">
          <methods>
            <method name="getObjectKeyFromValue" hits="2" signature="()V">
              <lines>
                <line number="4" hits="2"/>
              </lines>
            </method>
            <method name="(anonymous_9)" hits="2" signature="()V">
              <lines>
                <line number="5" hits="2"/>
              </lines>
            </method>
            <method name="formatTimeInBarToMs" hits="1" signature="()V">
              <lines>
                <line number="8" hits="1"/>
              </lines>
            </method>
            <method name="getCurrentCandleTime" hits="3" signature="()V">
              <lines>
                <line number="16" hits="3"/>
              </lines>
            </method>
            <method name="getCurrentBarTimestamp" hits="0" signature="()V">
              <lines>
                <line number="23" hits="0"/>
              </lines>
            </method>
            <method name="fillBarGaps" hits="2" signature="()V">
              <lines>
                <line number="28" hits="2"/>
              </lines>
            </method>
            <method name="parseFullSymbol" hits="5" signature="()V">
              <lines>
                <line number="57" hits="5"/>
              </lines>
            </method>
            <method name="roundTime" hits="7" signature="()V">
              <lines>
                <line number="80" hits="7"/>
              </lines>
            </method>
          </methods>
          <lines>
            <line number="1" hits="2" branch="false"/>
            <line number="4" hits="2" branch="false"/>
            <line number="5" hits="2" branch="false"/>
            <line number="8" hits="1" branch="false"/>
            <line number="9" hits="1" branch="false"/>
            <line number="16" hits="3" branch="false"/>
            <line number="17" hits="3" branch="false"/>
            <line number="18" hits="3" branch="false"/>
            <line number="23" hits="0" branch="false"/>
            <line number="24" hits="0" branch="false"/>
            <line number="28" hits="2" branch="false"/>
            <line number="29" hits="2" branch="true" condition-coverage="100% (1/1)"/>
            <line number="31" hits="1" branch="false"/>
            <line number="32" hits="1" branch="false"/>
            <line number="34" hits="1" branch="false"/>
            <line number="35" hits="2" branch="false"/>
            <line number="36" hits="2" branch="true" condition-coverage="100% (1/1)"/>
            <line number="37" hits="2" branch="false"/>
            <line number="38" hits="2" branch="false"/>
            <line number="39" hits="1" branch="false"/>
            <line number="46" hits="1" branch="false"/>
            <line number="49" hits="2" branch="false"/>
            <line number="50" hits="2" branch="false"/>
            <line number="53" hits="1" branch="false"/>
            <line number="57" hits="5" branch="false"/>
            <line number="58" hits="5" branch="false"/>
            <line number="59" hits="5" branch="true" condition-coverage="100% (1/1)"/>
            <line number="60" hits="4" branch="false"/>
            <line number="63" hits="1" branch="false"/>
            <line number="80" hits="7" branch="false"/>
            <line number="81" hits="7" branch="false"/>
            <line number="83" hits="7" branch="false"/>
            <line number="84" hits="7" branch="false"/>
          </lines>
        </class>
      </classes>
    </package>
    <package name="oraidex-common.src" line-rate="0.8139" branch-rate="0.6768000000000001">
      <classes>
        <class name="alpha-network.ts" filename="packages/oraidex-common/src/alpha-network.ts" line-rate="1" branch-rate="1">
          <methods>
          </methods>
          <lines>
            <line number="3" hits="2" branch="false"/>
            <line number="16" hits="2" branch="false"/>
            <line number="29" hits="2" branch="false"/>
            <line number="42" hits="2" branch="false"/>
            <line number="55" hits="2" branch="false"/>
            <line number="68" hits="2" branch="false"/>
          </lines>
        </class>
        <class name="bigdecimal.ts" filename="packages/oraidex-common/src/bigdecimal.ts" line-rate="0.6375" branch-rate="0.6153">
          <methods>
            <method name="(anonymous_1)" hits="214" signature="()V">
              <lines>
                <line number="7" hits="214"/>
              </lines>
            </method>
            <method name="(anonymous_2)" hits="0" signature="()V">
              <lines>
                <line number="39" hits="0"/>
              </lines>
            </method>
            <method name="(anonymous_3)" hits="76" signature="()V">
              <lines>
                <line number="43" hits="76"/>
              </lines>
            </method>
            <method name="(anonymous_4)" hits="62" signature="()V">
              <lines>
                <line number="58" hits="62"/>
              </lines>
            </method>
            <method name="(anonymous_5)" hits="11" signature="()V">
              <lines>
                <line number="87" hits="11"/>
              </lines>
            </method>
            <method name="(anonymous_6)" hits="76" signature="()V">
              <lines>
                <line number="91" hits="76"/>
              </lines>
            </method>
            <method name="(anonymous_7)" hits="14" signature="()V">
              <lines>
                <line number="95" hits="14"/>
              </lines>
            </method>
            <method name="(anonymous_8)" hits="6" signature="()V">
              <lines>
                <line number="101" hits="6"/>
              </lines>
            </method>
            <method name="(anonymous_9)" hits="27" signature="()V">
              <lines>
                <line number="107" hits="27"/>
              </lines>
            </method>
            <method name="(anonymous_10)" hits="29" signature="()V">
              <lines>
                <line number="113" hits="29"/>
              </lines>
            </method>
            <method name="(anonymous_11)" hits="0" signature="()V">
              <lines>
                <line number="119" hits="0"/>
              </lines>
            </method>
            <method name="(anonymous_12)" hits="0" signature="()V">
              <lines>
                <line number="126" hits="0"/>
              </lines>
            </method>
            <method name="(anonymous_13)" hits="0" signature="()V">
              <lines>
                <line number="148" hits="0"/>
              </lines>
            </method>
            <method name="(anonymous_14)" hits="0" signature="()V">
              <lines>
                <line number="152" hits="0"/>
              </lines>
            </method>
            <method name="(anonymous_15)" hits="14" signature="()V">
              <lines>
                <line number="156" hits="14"/>
              </lines>
            </method>
            <method name="(anonymous_16)" hits="6" signature="()V">
              <lines>
                <line number="160" hits="6"/>
              </lines>
            </method>
            <method name="(anonymous_17)" hits="27" signature="()V">
              <lines>
                <line number="164" hits="27"/>
              </lines>
            </method>
            <method name="(anonymous_18)" hits="29" signature="()V">
              <lines>
                <line number="168" hits="29"/>
              </lines>
            </method>
            <method name="(anonymous_19)" hits="0" signature="()V">
              <lines>
                <line number="172" hits="0"/>
              </lines>
            </method>
            <method name="(anonymous_20)" hits="0" signature="()V">
              <lines>
                <line number="176" hits="0"/>
              </lines>
            </method>
          </methods>
          <lines>
            <line number="3" hits="66" branch="false"/>
            <line number="8" hits="214" branch="true" condition-coverage="100% (1/1)"/>
            <line number="9" hits="76" branch="false"/>
            <line number="10" hits="76" branch="false"/>
            <line number="11" hits="76" branch="false"/>
            <line number="15" hits="138" branch="true" condition-coverage="100% (2/2)"/>
            <line number="17" hits="138" branch="true" condition-coverage="100% (1/1)"/>
            <line number="18" hits="8" branch="false"/>
            <line number="19" hits="8" branch="false"/>
            <line number="22" hits="130" branch="true" condition-coverage="66.66666666666666% (2/3)"/>
            <line number="23" hits="0" branch="false"/>
            <line number="26" hits="130" branch="false"/>
            <line number="29" hits="130" branch="true" condition-coverage="100% (3/3)"/>
            <line number="30" hits="1" branch="false"/>
            <line number="31" hits="1" branch="false"/>
            <line number="32" hits="1" branch="false"/>
            <line number="35" hits="129" branch="true" condition-coverage="100% (2/2)"/>
            <line number="36" hits="129" branch="false"/>
            <line number="40" hits="0" branch="false"/>
            <line number="44" hits="76" branch="true" condition-coverage="0% (0/1)"/>
            <line number="45" hits="0" branch="true" condition-coverage="0% (0/2)"/>
            <line number="46" hits="0" branch="false"/>
            <line number="47" hits="0" branch="false"/>
            <line number="48" hits="0" branch="true" condition-coverage="0% (0/1)"/>
            <line number="49" hits="0" branch="false"/>
            <line number="50" hits="0" branch="false"/>
            <line number="53" hits="0" branch="false"/>
            <line number="55" hits="76" branch="false"/>
            <line number="59" hits="62" branch="false"/>
            <line number="60" hits="62" branch="false"/>
            <line number="62" hits="62" branch="true" condition-coverage="100% (1/1)"/>
            <line number="63" hits="16" branch="false"/>
            <line number="64" hits="16" branch="false"/>
            <line number="67" hits="62" branch="false"/>
            <line number="69" hits="62" branch="true" condition-coverage="100% (2/2)"/>
            <line number="71" hits="23" branch="true" condition-coverage="100% (1/1)"/>
            <line number="73" hits="23" branch="false"/>
            <line number="76" hits="39" branch="false"/>
            <line number="79" hits="62" branch="false"/>
            <line number="80" hits="62" branch="true" condition-coverage="100% (1/1)"/>
            <line number="81" hits="41" branch="false"/>
            <line number="84" hits="62" branch="false"/>
            <line number="88" hits="11" branch="false"/>
            <line number="92" hits="76" branch="false"/>
            <line number="96" hits="14" branch="false"/>
            <line number="97" hits="14" branch="false"/>
            <line number="98" hits="14" branch="false"/>
            <line number="102" hits="6" branch="false"/>
            <line number="103" hits="6" branch="false"/>
            <line number="104" hits="6" branch="false"/>
            <line number="108" hits="27" branch="false"/>
            <line number="109" hits="27" branch="false"/>
            <line number="110" hits="27" branch="false"/>
            <line number="114" hits="29" branch="false"/>
            <line number="115" hits="29" branch="false"/>
            <line number="116" hits="29" branch="false"/>
            <line number="120" hits="0" branch="false"/>
            <line number="121" hits="0" branch="false"/>
            <line number="122" hits="0" branch="false"/>
            <line number="123" hits="0" branch="false"/>
            <line number="127" hits="0" branch="false"/>
            <line number="130" hits="0" branch="false"/>
            <line number="131" hits="0" branch="true" condition-coverage="0% (0/1)"/>
            <line number="132" hits="0" branch="false"/>
            <line number="135" hits="0" branch="false"/>
            <line number="136" hits="0" branch="false"/>
            <line number="137" hits="0" branch="false"/>
            <line number="139" hits="0" branch="true" condition-coverage="0% (0/3)"/>
            <line number="140" hits="0" branch="false"/>
            <line number="141" hits="0" branch="false"/>
            <line number="144" hits="0" branch="false"/>
            <line number="145" hits="0" branch="false"/>
            <line number="149" hits="0" branch="false"/>
            <line number="153" hits="0" branch="false"/>
            <line number="157" hits="14" branch="false"/>
            <line number="161" hits="6" branch="false"/>
            <line number="165" hits="27" branch="false"/>
            <line number="169" hits="29" branch="false"/>
            <line number="173" hits="0" branch="false"/>
            <line number="177" hits="0" branch="false"/>
          </lines>
        </class>
        <class name="constant.ts" filename="packages/oraidex-common/src/constant.ts" line-rate="1" branch-rate="1">
          <methods>
            <method name="(anonymous_123)" hits="2" signature="()V">
              <lines>
                <line number="155" hits="2"/>
              </lines>
            </method>
            <method name="(anonymous_124)" hits="2" signature="()V">
              <lines>
                <line number="162" hits="2"/>
              </lines>
            </method>
          </methods>
          <lines>
            <line number="3" hits="24" branch="false"/>
            <line number="4" hits="14" branch="false"/>
            <line number="6" hits="40" branch="false"/>
            <line number="7" hits="2" branch="false"/>
            <line number="8" hits="2" branch="false"/>
            <line number="9" hits="2" branch="false"/>
            <line number="10" hits="2" branch="false"/>
            <line number="11" hits="2" branch="false"/>
            <line number="12" hits="2" branch="false"/>
            <line number="13" hits="2" branch="false"/>
            <line number="14" hits="2" branch="false"/>
            <line number="15" hits="2" branch="false"/>
            <line number="18" hits="2" branch="false"/>
            <line number="19" hits="2" branch="false"/>
            <line number="20" hits="2" branch="false"/>
            <line number="21" hits="2" branch="false"/>
            <line number="22" hits="2" branch="false"/>
            <line number="24" hits="2" branch="false"/>
            <line number="26" hits="2" branch="false"/>
            <line number="29" hits="2" branch="false"/>
            <line number="32" hits="2" branch="false"/>
            <line number="33" hits="2" branch="false"/>
            <line number="34" hits="2" branch="false"/>
            <line number="37" hits="2" branch="false"/>
            <line number="38" hits="2" branch="false"/>
            <line number="39" hits="2" branch="false"/>
            <line number="40" hits="2" branch="false"/>
            <line number="42" hits="2" branch="false"/>
            <line number="43" hits="12" branch="false"/>
            <line number="44" hits="36" branch="false"/>
            <line number="45" hits="12" branch="false"/>
            <line number="46" hits="2" branch="false"/>
            <line number="47" hits="2" branch="false"/>
            <line number="50" hits="4" branch="false"/>
            <line number="51" hits="4" branch="false"/>
            <line number="52" hits="4" branch="false"/>
            <line number="53" hits="4" branch="false"/>
            <line number="54" hits="2" branch="false"/>
            <line number="55" hits="2" branch="false"/>
            <line number="57" hits="4" branch="false"/>
            <line number="58" hits="4" branch="false"/>
            <line number="61" hits="4" branch="false"/>
            <line number="62" hits="4" branch="false"/>
            <line number="63" hits="4" branch="false"/>
            <line number="64" hits="6" branch="false"/>
            <line number="65" hits="4" branch="false"/>
            <line number="66" hits="2" branch="false"/>
            <line number="67" hits="2" branch="false"/>
            <line number="68" hits="4" branch="false"/>
            <line number="69" hits="4" branch="false"/>
            <line number="72" hits="2" branch="false"/>
            <line number="74" hits="2" branch="false"/>
            <line number="75" hits="2" branch="false"/>
            <line number="76" hits="2" branch="false"/>
            <line number="77" hits="2" branch="false"/>
            <line number="78" hits="2" branch="false"/>
            <line number="79" hits="2" branch="false"/>
            <line number="80" hits="2" branch="false"/>
            <line number="81" hits="2" branch="false"/>
            <line number="82" hits="2" branch="false"/>
            <line number="85" hits="6" branch="false"/>
            <line number="86" hits="4" branch="false"/>
            <line number="87" hits="5" branch="false"/>
            <line number="88" hits="2" branch="false"/>
            <line number="89" hits="2" branch="false"/>
            <line number="90" hits="4" branch="false"/>
            <line number="91" hits="6" branch="false"/>
            <line number="92" hits="2" branch="false"/>
            <line number="93" hits="2" branch="false"/>
            <line number="94" hits="4" branch="false"/>
            <line number="95" hits="2" branch="false"/>
            <line number="98" hits="7" branch="false"/>
            <line number="99" hits="6" branch="false"/>
            <line number="100" hits="7" branch="false"/>
            <line number="101" hits="8" branch="false"/>
            <line number="102" hits="4" branch="false"/>
            <line number="103" hits="4" branch="false"/>
            <line number="104" hits="4" branch="false"/>
            <line number="105" hits="4" branch="false"/>
            <line number="106" hits="4" branch="false"/>
            <line number="107" hits="2" branch="false"/>
            <line number="108" hits="4" branch="false"/>
            <line number="109" hits="4" branch="false"/>
            <line number="110" hits="6" branch="false"/>
            <line number="111" hits="4" branch="false"/>
            <line number="114" hits="2" branch="false"/>
            <line number="115" hits="2" branch="false"/>
            <line number="116" hits="2" branch="false"/>
            <line number="117" hits="2" branch="false"/>
            <line number="118" hits="2" branch="false"/>
            <line number="119" hits="2" branch="false"/>
            <line number="120" hits="2" branch="false"/>
            <line number="121" hits="2" branch="false"/>
            <line number="122" hits="2" branch="false"/>
            <line number="123" hits="2" branch="false"/>
            <line number="126" hits="2" branch="false"/>
            <line number="127" hits="2" branch="false"/>
            <line number="128" hits="2" branch="false"/>
            <line number="131" hits="2" branch="false"/>
            <line number="133" hits="2" branch="false"/>
            <line number="136" hits="2" branch="false"/>
            <line number="137" hits="2" branch="false"/>
            <line number="140" hits="2" branch="false"/>
            <line number="142" hits="2" branch="false"/>
            <line number="145" hits="2" branch="false"/>
            <line number="148" hits="2" branch="false"/>
            <line number="149" hits="2" branch="false"/>
            <line number="151" hits="2" branch="false"/>
            <line number="152" hits="2" branch="false"/>
            <line number="155" hits="2" branch="true" condition-coverage="100% (2/2)"/>
            <line number="162" hits="2" branch="true" condition-coverage="100% (2/2)"/>
            <line number="173" hits="2" branch="false"/>
            <line number="179" hits="2" branch="false"/>
            <line number="185" hits="2" branch="false"/>
            <line number="191" hits="2" branch="false"/>
            <line number="197" hits="2" branch="false"/>
            <line number="204" hits="2" branch="false"/>
            <line number="205" hits="2" branch="false"/>
            <line number="206" hits="2" branch="false"/>
            <line number="209" hits="2" branch="false"/>
            <line number="210" hits="6" branch="false"/>
            <line number="215" hits="2" branch="false"/>
          </lines>
        </class>
        <class name="helper.ts" filename="packages/oraidex-common/src/helper.ts" line-rate="0.7290000000000001" branch-rate="0.5961">
          <methods>
            <method name="(anonymous_49)" hits="4" signature="()V">
              <lines>
                <line number="39" hits="4"/>
              </lines>
            </method>
            <method name="(anonymous_50)" hits="2" signature="()V">
              <lines>
                <line number="52" hits="2"/>
              </lines>
            </method>
            <method name="(anonymous_51)" hits="40" signature="()V">
              <lines>
                <line number="54" hits="40"/>
              </lines>
            </method>
            <method name="(anonymous_52)" hits="2" signature="()V">
              <lines>
                <line number="58" hits="2"/>
              </lines>
            </method>
            <method name="(anonymous_53)" hits="10" signature="()V">
              <lines>
                <line number="65" hits="10"/>
              </lines>
            </method>
            <method name="(anonymous_54)" hits="6" signature="()V">
              <lines>
                <line number="72" hits="6"/>
              </lines>
            </method>
            <method name="(anonymous_55)" hits="6" signature="()V">
              <lines>
                <line number="84" hits="6"/>
              </lines>
            </method>
            <method name="(anonymous_56)" hits="9" signature="()V">
              <lines>
                <line number="97" hits="9"/>
              </lines>
            </method>
            <method name="(anonymous_57)" hits="1" signature="()V">
              <lines>
                <line number="107" hits="1"/>
              </lines>
            </method>
            <method name="(anonymous_58)" hits="1" signature="()V">
              <lines>
                <line number="110" hits="1"/>
              </lines>
            </method>
            <method name="(anonymous_59)" hits="2" signature="()V">
              <lines>
                <line number="116" hits="2"/>
              </lines>
            </method>
            <method name="(anonymous_60)" hits="2" signature="()V">
              <lines>
                <line number="125" hits="2"/>
              </lines>
            </method>
            <method name="(anonymous_61)" hits="1" signature="()V">
              <lines>
                <line number="135" hits="1"/>
              </lines>
            </method>
            <method name="(anonymous_62)" hits="0" signature="()V">
              <lines>
                <line number="141" hits="0"/>
              </lines>
            </method>
            <method name="(anonymous_63)" hits="0" signature="()V">
              <lines>
                <line number="145" hits="0"/>
              </lines>
            </method>
            <method name="(anonymous_64)" hits="0" signature="()V">
              <lines>
                <line number="146" hits="0"/>
              </lines>
            </method>
            <method name="(anonymous_65)" hits="0" signature="()V">
              <lines>
                <line number="159" hits="0"/>
              </lines>
            </method>
            <method name="(anonymous_66)" hits="1" signature="()V">
              <lines>
                <line number="172" hits="1"/>
              </lines>
            </method>
            <method name="(anonymous_67)" hits="1" signature="()V">
              <lines>
                <line number="173" hits="1"/>
              </lines>
            </method>
            <method name="(anonymous_68)" hits="7" signature="()V">
              <lines>
                <line number="176" hits="7"/>
              </lines>
            </method>
            <method name="(anonymous_69)" hits="4" signature="()V">
              <lines>
                <line number="191" hits="4"/>
              </lines>
            </method>
            <method name="(anonymous_70)" hits="124" signature="()V">
              <lines>
                <line number="194" hits="124"/>
              </lines>
            </method>
            <method name="(anonymous_71)" hits="6" signature="()V">
              <lines>
                <line number="202" hits="6"/>
              </lines>
            </method>
            <method name="(anonymous_72)" hits="3" signature="()V">
              <lines>
                <line number="212" hits="3"/>
              </lines>
            </method>
            <method name="(anonymous_73)" hits="1" signature="()V">
              <lines>
                <line number="218" hits="1"/>
              </lines>
            </method>
            <method name="(anonymous_74)" hits="5" signature="()V">
              <lines>
                <line number="234" hits="5"/>
              </lines>
            </method>
            <method name="(anonymous_75)" hits="110" signature="()V">
              <lines>
                <line number="236" hits="110"/>
              </lines>
            </method>
            <method name="(anonymous_76)" hits="136" signature="()V">
              <lines>
                <line number="244" hits="136"/>
              </lines>
            </method>
            <method name="(anonymous_77)" hits="2" signature="()V">
              <lines>
                <line number="249" hits="2"/>
              </lines>
            </method>
            <method name="(anonymous_78)" hits="111" signature="()V">
              <lines>
                <line number="253" hits="111"/>
              </lines>
            </method>
            <method name="(anonymous_79)" hits="6" signature="()V">
              <lines>
                <line number="256" hits="6"/>
              </lines>
            </method>
            <method name="(anonymous_80)" hits="46" signature="()V">
              <lines>
                <line number="258" hits="46"/>
              </lines>
            </method>
            <method name="(anonymous_81)" hits="4" signature="()V">
              <lines>
                <line number="262" hits="4"/>
              </lines>
            </method>
            <method name="(anonymous_82)" hits="3" signature="()V">
              <lines>
                <line number="267" hits="3"/>
              </lines>
            </method>
            <method name="(anonymous_83)" hits="0" signature="()V">
              <lines>
                <line number="276" hits="0"/>
              </lines>
            </method>
            <method name="(anonymous_84)" hits="0" signature="()V">
              <lines>
                <line number="277" hits="0"/>
              </lines>
            </method>
            <method name="(anonymous_85)" hits="0" signature="()V">
              <lines>
                <line number="279" hits="0"/>
              </lines>
            </method>
            <method name="(anonymous_86)" hits="0" signature="()V">
              <lines>
                <line number="286" hits="0"/>
              </lines>
            </method>
            <method name="(anonymous_87)" hits="2" signature="()V">
              <lines>
                <line number="302" hits="2"/>
              </lines>
            </method>
            <method name="toObject" hits="0" signature="()V">
              <lines>
                <line number="309" hits="0"/>
              </lines>
            </method>
            <method name="(anonymous_89)" hits="0" signature="()V">
              <lines>
                <line number="313" hits="0"/>
              </lines>
            </method>
            <method name="(anonymous_90)" hits="0" signature="()V">
              <lines>
                <line number="325" hits="0"/>
              </lines>
            </method>
            <method name="(anonymous_91)" hits="0" signature="()V">
              <lines>
                <line number="343" hits="0"/>
              </lines>
            </method>
            <method name="(anonymous_92)" hits="0" signature="()V">
              <lines>
                <line number="353" hits="0"/>
              </lines>
            </method>
            <method name="(anonymous_93)" hits="0" signature="()V">
              <lines>
                <line number="368" hits="0"/>
              </lines>
            </method>
            <method name="(anonymous_94)" hits="0" signature="()V">
              <lines>
                <line number="386" hits="0"/>
              </lines>
            </method>
            <method name="(anonymous_95)" hits="0" signature="()V">
              <lines>
                <line number="397" hits="0"/>
              </lines>
            </method>
            <method name="(anonymous_96)" hits="0" signature="()V">
              <lines>
                <line number="402" hits="0"/>
              </lines>
            </method>
            <method name="(anonymous_97)" hits="0" signature="()V">
              <lines>
                <line number="407" hits="0"/>
              </lines>
            </method>
            <method name="(anonymous_98)" hits="0" signature="()V">
              <lines>
                <line number="426" hits="0"/>
              </lines>
            </method>
            <method name="parseAssetInfoOnlyDenom" hits="0" signature="()V">
              <lines>
                <line number="446" hits="0"/>
              </lines>
            </method>
            <method name="(anonymous_100)" hits="18" signature="()V">
              <lines>
                <line number="451" hits="18"/>
              </lines>
            </method>
            <method name="(anonymous_101)" hits="6" signature="()V">
              <lines>
                <line number="474" hits="6"/>
              </lines>
            </method>
            <method name="(anonymous_102)" hits="16" signature="()V">
              <lines>
                <line number="475" hits="16"/>
              </lines>
            </method>
            <method name="(anonymous_103)" hits="2" signature="()V">
              <lines>
                <line number="491" hits="2"/>
              </lines>
            </method>
            <method name="(anonymous_104)" hits="2" signature="()V">
              <lines>
                <line number="498" hits="2"/>
              </lines>
            </method>
            <method name="(anonymous_105)" hits="9" signature="()V">
              <lines>
                <line number="505" hits="9"/>
              </lines>
            </method>
            <method name="(anonymous_106)" hits="32" signature="()V">
              <lines>
                <line number="516" hits="32"/>
              </lines>
            </method>
            <method name="(anonymous_107)" hits="8" signature="()V">
              <lines>
                <line number="545" hits="8"/>
              </lines>
            </method>
            <method name="(anonymous_108)" hits="6" signature="()V">
              <lines>
                <line number="566" hits="6"/>
              </lines>
            </method>
            <method name="(anonymous_109)" hits="7" signature="()V">
              <lines>
                <line number="603" hits="7"/>
              </lines>
            </method>
          </methods>
          <lines>
            <line number="1" hits="2" branch="false"/>
            <line number="2" hits="2" branch="false"/>
            <line number="3" hits="2" branch="false"/>
            <line number="7" hits="2" branch="false"/>
            <line number="8" hits="2" branch="false"/>
            <line number="9" hits="2" branch="false"/>
            <line number="10" hits="2" branch="false"/>
            <line number="11" hits="2" branch="false"/>
            <line number="21" hits="2" branch="false"/>
            <line number="22" hits="2" branch="false"/>
            <line number="32" hits="2" branch="false"/>
            <line number="34" hits="2" branch="false"/>
            <line number="35" hits="2" branch="false"/>
            <line number="36" hits="2" branch="false"/>
            <line number="39" hits="4" branch="false"/>
            <line number="40" hits="4" branch="true" condition-coverage="100% (1/1)"/>
            <line number="41" hits="3" branch="false"/>
            <line number="42" hits="3" branch="false"/>
            <line number="43" hits="2" branch="false"/>
            <line number="44" hits="2" branch="false"/>
            <line number="46" hits="1" branch="false"/>
            <line number="52" hits="2" branch="false"/>
            <line number="53" hits="2" branch="false"/>
            <line number="54" hits="40" branch="false"/>
            <line number="55" hits="2" branch="false"/>
            <line number="58" hits="2" branch="false"/>
            <line number="59" hits="2" branch="false"/>
            <line number="60" hits="2" branch="false"/>
            <line number="61" hits="2" branch="false"/>
            <line number="62" hits="2" branch="false"/>
            <line number="65" hits="4" branch="false"/>
            <line number="66" hits="10" branch="true" condition-coverage="0% (0/1)"/>
            <line number="67" hits="10" branch="true" condition-coverage="100% (3/3)"/>
            <line number="68" hits="8" branch="false"/>
            <line number="72" hits="6" branch="true" condition-coverage="0% (0/1)"/>
            <line number="73" hits="6" branch="false"/>
            <line number="74" hits="6" branch="false"/>
            <line number="84" hits="6" branch="false"/>
            <line number="85" hits="6" branch="true" condition-coverage="100% (1/1)"/>
            <line number="86" hits="5" branch="false"/>
            <line number="97" hits="4" branch="true" condition-coverage="50% (1/2)"/>
            <line number="98" hits="9" branch="true" condition-coverage="0% (0/1)"/>
            <line number="100" hits="9" branch="true" condition-coverage="75% (3/4)"/>
            <line number="101" hits="9" branch="false"/>
            <line number="102" hits="9" branch="false"/>
            <line number="104" hits="9" branch="true" condition-coverage="100% (2/2)"/>
            <line number="107" hits="2" branch="false"/>
            <line number="108" hits="1" branch="true" condition-coverage="0% (0/1)"/>
            <line number="109" hits="1" branch="false"/>
            <line number="111" hits="1" branch="false"/>
            <line number="116" hits="2" branch="false"/>
            <line number="117" hits="2" branch="false"/>
            <line number="125" hits="2" branch="false"/>
            <line number="126" hits="2" branch="true" condition-coverage="100% (2/2)"/>
            <line number="135" hits="2" branch="false"/>
            <line number="136" hits="1" branch="true" condition-coverage="50% (1/2)"/>
            <line number="141" hits="2" branch="false"/>
            <line number="142" hits="0" branch="false"/>
            <line number="145" hits="2" branch="false"/>
            <line number="146" hits="0" branch="false"/>
            <line number="147" hits="0" branch="false"/>
            <line number="159" hits="2" branch="false"/>
            <line number="163" hits="0" branch="false"/>
            <line number="164" hits="0" branch="true" condition-coverage="0% (0/2)"/>
            <line number="165" hits="0" branch="false"/>
            <line number="166" hits="0" branch="false"/>
            <line number="168" hits="0" branch="false"/>
            <line number="172" hits="2" branch="false"/>
            <line number="173" hits="1" branch="false"/>
            <line number="176" hits="7" branch="false"/>
            <line number="182" hits="7" branch="false"/>
            <line number="191" hits="4" branch="false"/>
            <line number="192" hits="4" branch="true" condition-coverage="100% (1/1)"/>
            <line number="193" hits="3" branch="false"/>
            <line number="194" hits="3" branch="false"/>
            <line number="195" hits="124" branch="true" condition-coverage="100% (2/2)"/>
            <line number="199" hits="3" branch="true" condition-coverage="100% (2/2)"/>
            <line number="202" hits="4" branch="false"/>
            <line number="203" hits="6" branch="true" condition-coverage="100% (1/1)"/>
            <line number="204" hits="3" branch="false"/>
            <line number="209" hits="3" branch="false"/>
            <line number="212" hits="3" branch="false"/>
            <line number="213" hits="3" branch="false"/>
            <line number="214" hits="3" branch="false"/>
            <line number="215" hits="3" branch="true" condition-coverage="100% (1/1)"/>
            <line number="217" hits="3" branch="true" condition-coverage="100% (1/1)"/>
            <line number="218" hits="2" branch="false"/>
            <line number="219" hits="2" branch="false"/>
            <line number="223" hits="2" branch="false"/>
            <line number="234" hits="5" branch="false"/>
            <line number="235" hits="5" branch="false"/>
            <line number="237" hits="110" branch="true" condition-coverage="100% (4/4)"/>
            <line number="244" hits="136" branch="false"/>
            <line number="245" hits="136" branch="true" condition-coverage="100% (1/1)"/>
            <line number="246" hits="64" branch="false"/>
            <line number="249" hits="2" branch="false"/>
            <line number="253" hits="111" branch="true" condition-coverage="100% (2/2)"/>
            <line number="256" hits="6" branch="false"/>
            <line number="257" hits="6" branch="false"/>
            <line number="258" hits="46" branch="true" condition-coverage="100% (4/4)"/>
            <line number="262" hits="4" branch="false"/>
            <line number="263" hits="4" branch="true" condition-coverage="100% (1/1)"/>
            <line number="264" hits="2" branch="false"/>
            <line number="267" hits="3" branch="false"/>
            <line number="268" hits="3" branch="false"/>
            <line number="269" hits="3" branch="false"/>
            <line number="270" hits="1" branch="false"/>
            <line number="272" hits="2" branch="false"/>
            <line number="276" hits="2" branch="false"/>
            <line number="277" hits="0" branch="false"/>
            <line number="279" hits="0" branch="false"/>
            <line number="286" hits="2" branch="false"/>
            <line number="287" hits="0" branch="true" condition-coverage="0% (0/1)"/>
            <line number="288" hits="0" branch="false"/>
            <line number="289" hits="0" branch="true" condition-coverage="0% (0/1)"/>
            <line number="290" hits="0" branch="false"/>
            <line number="291" hits="0" branch="false"/>
            <line number="292" hits="0" branch="false"/>
            <line number="293" hits="0" branch="true" condition-coverage="0% (0/1)"/>
            <line number="294" hits="0" branch="false"/>
            <line number="296" hits="0" branch="false"/>
            <line number="299" hits="0" branch="false"/>
            <line number="302" hits="2" branch="false"/>
            <line number="303" hits="2" branch="true" condition-coverage="100% (1/1)"/>
            <line number="304" hits="1" branch="false"/>
            <line number="306" hits="1" branch="false"/>
            <line number="309" hits="0" branch="false"/>
            <line number="313" hits="0" branch="true" condition-coverage="0% (0/2)"/>
            <line number="317" hits="2" branch="false"/>
            <line number="325" hits="2" branch="false"/>
            <line number="336" hits="0" branch="true" condition-coverage="0% (0/3)"/>
            <line number="338" hits="0" branch="true" condition-coverage="0% (0/1)"/>
            <line number="340" hits="0" branch="false"/>
            <line number="343" hits="2" branch="false"/>
            <line number="344" hits="0" branch="true" condition-coverage="0% (0/1)"/>
            <line number="346" hits="0" branch="false"/>
            <line number="353" hits="2" branch="false"/>
            <line number="364" hits="0" branch="true" condition-coverage="0% (0/1)"/>
            <line number="366" hits="0" branch="false"/>
            <line number="368" hits="0" branch="false"/>
            <line number="370" hits="0" branch="true" condition-coverage="0% (0/1)"/>
            <line number="371" hits="0" branch="false"/>
            <line number="373" hits="0" branch="true" condition-coverage="0% (0/2)"/>
            <line number="374" hits="0" branch="true" condition-coverage="0% (0/2)"/>
            <line number="376" hits="0" branch="false"/>
            <line number="383" hits="0" branch="false"/>
            <line number="386" hits="2" branch="false"/>
            <line number="387" hits="0" branch="false"/>
            <line number="388" hits="0" branch="false"/>
            <line number="389" hits="0" branch="false"/>
            <line number="390" hits="0" branch="true" condition-coverage="0% (0/1)"/>
            <line number="391" hits="0" branch="false"/>
            <line number="392" hits="0" branch="true" condition-coverage="0% (0/2)"/>
            <line number="394" hits="0" branch="false"/>
            <line number="397" hits="2" branch="false"/>
            <line number="398" hits="0" branch="false"/>
            <line number="399" hits="0" branch="false"/>
            <line number="402" hits="2" branch="false"/>
            <line number="403" hits="0" branch="false"/>
            <line number="404" hits="0" branch="false"/>
            <line number="407" hits="2" branch="false"/>
            <line number="409" hits="0" branch="false"/>
            <line number="411" hits="0" branch="false"/>
            <line number="413" hits="0" branch="false"/>
            <line number="414" hits="0" branch="true" condition-coverage="0% (0/1)"/>
            <line number="415" hits="0" branch="false"/>
            <line number="417" hits="0" branch="false"/>
            <line number="426" hits="2" branch="true" condition-coverage="0% (0/1)"/>
            <line number="427" hits="0" branch="true" condition-coverage="0% (0/2)"/>
            <line number="428" hits="0" branch="true" condition-coverage="0% (0/1)"/>
            <line number="429" hits="0" branch="false"/>
            <line number="430" hits="0" branch="false"/>
            <line number="431" hits="0" branch="false"/>
            <line number="432" hits="0" branch="false"/>
            <line number="434" hits="0" branch="false"/>
            <line number="435" hits="0" branch="false"/>
            <line number="436" hits="0" branch="true" condition-coverage="0% (0/1)"/>
            <line number="437" hits="0" branch="false"/>
            <line number="446" hits="0" branch="false"/>
            <line number="447" hits="0" branch="true" condition-coverage="0% (0/1)"/>
            <line number="448" hits="0" branch="false"/>
            <line number="451" hits="6" branch="false"/>
            <line number="452" hits="18" branch="true" condition-coverage="100% (1/1)"/>
            <line number="454" hits="17" branch="true" condition-coverage="100% (2/2)"/>
            <line number="455" hits="17" branch="true" condition-coverage="100% (1/1)"/>
            <line number="456" hits="4" branch="false"/>
            <line number="457" hits="4" branch="false"/>
            <line number="459" hits="4" branch="false"/>
            <line number="462" hits="13" branch="false"/>
            <line number="463" hits="422" branch="true" condition-coverage="100% (1/1)"/>
            <line number="464" hits="11" branch="false"/>
            <line number="465" hits="11" branch="false"/>
            <line number="468" hits="422" branch="true" condition-coverage="100% (1/1)"/>
            <line number="470" hits="13" branch="true" condition-coverage="100% (1/1)"/>
            <line number="471" hits="13" branch="false"/>
            <line number="474" hits="4" branch="false"/>
            <line number="475" hits="16" branch="false"/>
            <line number="476" hits="6" branch="false"/>
            <line number="477" hits="6" branch="false"/>
            <line number="479" hits="8" branch="false"/>
            <line number="480" hits="386" branch="true" condition-coverage="100% (1/1)"/>
            <line number="481" hits="36" branch="true" condition-coverage="100% (1/1)"/>
            <line number="482" hits="36" branch="false"/>
            <line number="484" hits="386" branch="false"/>
            <line number="486" hits="8" branch="false"/>
            <line number="488" hits="6" branch="false"/>
            <line number="491" hits="2" branch="false"/>
            <line number="492" hits="2" branch="true" condition-coverage="100% (1/1)"/>
            <line number="493" hits="1" branch="false"/>
            <line number="494" hits="1" branch="false"/>
            <line number="495" hits="1" branch="false"/>
            <line number="496" hits="1" branch="false"/>
            <line number="498" hits="1" branch="false"/>
            <line number="499" hits="2" branch="true" condition-coverage="100% (2/2)"/>
            <line number="500" hits="2" branch="true" condition-coverage="50% (1/2)"/>
            <line number="501" hits="2" branch="false"/>
            <line number="505" hits="6" branch="false"/>
            <line number="506" hits="9" branch="false"/>
            <line number="507" hits="9" branch="false"/>
            <line number="508" hits="9" branch="true" condition-coverage="100% (1/1)"/>
            <line number="509" hits="3" branch="false"/>
            <line number="512" hits="6" branch="false"/>
            <line number="513" hits="4" branch="false"/>
            <line number="516" hits="4" branch="false"/>
            <line number="517" hits="32" branch="true" condition-coverage="100% (1/1)"/>
            <line number="518" hits="32" branch="false"/>
            <line number="524" hits="4" branch="true" condition-coverage="100% (3/3)"/>
            <line number="525" hits="1" branch="false"/>
            <line number="528" hits="3" branch="true" condition-coverage="50% (1/2)"/>
            <line number="529" hits="3" branch="false"/>
            <line number="534" hits="0" branch="false"/>
            <line number="537" hits="6" branch="false"/>
            <line number="538" hits="6" branch="false"/>
            <line number="545" hits="5" branch="false"/>
            <line number="546" hits="8" branch="false"/>
            <line number="547" hits="8" branch="false"/>
            <line number="549" hits="8" branch="true" condition-coverage="100% (1/1)"/>
            <line number="550" hits="3" branch="false"/>
            <line number="556" hits="5" branch="false"/>
            <line number="560" hits="0" branch="false"/>
            <line number="566" hits="5" branch="false"/>
            <line number="567" hits="6" branch="false"/>
            <line number="568" hits="6" branch="true" condition-coverage="100% (1/1)"/>
            <line number="569" hits="3" branch="false"/>
            <line number="572" hits="3" branch="false"/>
            <line number="597" hits="3" branch="false"/>
            <line number="603" hits="7" branch="false"/>
            <line number="604" hits="7" branch="true" condition-coverage="100% (4/4)"/>
            <line number="607" hits="3" branch="false"/>
            <line number="611" hits="1" branch="false"/>
            <line number="614" hits="3" branch="false"/>
          </lines>
        </class>
        <class name="network.ts" filename="packages/oraidex-common/src/network.ts" line-rate="1" branch-rate="1">
          <methods>
            <method name="(anonymous_16)" hits="16" signature="()V">
              <lines>
                <line number="175" hits="16"/>
              </lines>
            </method>
            <method name="(anonymous_17)" hits="24" signature="()V">
              <lines>
                <line number="1110" hits="24"/>
              </lines>
            </method>
            <method name="(anonymous_18)" hits="24" signature="()V">
              <lines>
                <line number="1111" hits="24"/>
              </lines>
            </method>
            <method name="(anonymous_19)" hits="2" signature="()V">
              <lines>
                <line number="1114" hits="2"/>
              </lines>
            </method>
          </methods>
          <lines>
            <line number="55" hits="2" branch="false"/>
            <line number="56" hits="2" branch="false"/>
            <line number="175" hits="2" branch="false"/>
            <line number="182" hits="16" branch="false"/>
            <line number="192" hits="2" branch="false"/>
            <line number="206" hits="2" branch="false"/>
            <line number="217" hits="2" branch="false"/>
            <line number="229" hits="2" branch="false"/>
            <line number="241" hits="2" branch="false"/>
            <line number="254" hits="2" branch="false"/>
            <line number="267" hits="2" branch="false"/>
            <line number="280" hits="2" branch="false"/>
            <line number="293" hits="2" branch="false"/>
            <line number="496" hits="2" branch="false"/>
            <line number="1090" hits="2" branch="false"/>
            <line number="1110" hits="24" branch="false"/>
            <line number="1111" hits="24" branch="false"/>
            <line number="1114" hits="2" branch="true" condition-coverage="100% (2/2)"/>
          </lines>
        </class>
        <class name="pairs.ts" filename="packages/oraidex-common/src/pairs.ts" line-rate="0.9285" branch-rate="0.909">
          <methods>
            <method name="(anonymous_9)" hits="2" signature="()V">
              <lines>
                <line number="112" hits="2"/>
              </lines>
            </method>
            <method name="(anonymous_10)" hits="3" signature="()V">
              <lines>
                <line number="133" hits="3"/>
              </lines>
            </method>
            <method name="(anonymous_11)" hits="29" signature="()V">
              <lines>
                <line number="134" hits="29"/>
              </lines>
            </method>
            <method name="(anonymous_12)" hits="58" signature="()V">
              <lines>
                <line number="135" hits="58"/>
              </lines>
            </method>
            <method name="(anonymous_13)" hits="4" signature="()V">
              <lines>
                <line number="144" hits="4"/>
              </lines>
            </method>
            <method name="(anonymous_14)" hits="20" signature="()V">
              <lines>
                <line number="146" hits="20"/>
              </lines>
            </method>
            <method name="(anonymous_15)" hits="32" signature="()V">
              <lines>
                <line number="147" hits="32"/>
              </lines>
            </method>
            <method name="(anonymous_16)" hits="34" signature="()V">
              <lines>
                <line number="148" hits="34"/>
              </lines>
            </method>
            <method name="(anonymous_17)" hits="0" signature="()V">
              <lines>
                <line number="156" hits="0"/>
              </lines>
            </method>
            <method name="(anonymous_18)" hits="0" signature="()V">
              <lines>
                <line number="157" hits="0"/>
              </lines>
            </method>
            <method name="(anonymous_19)" hits="0" signature="()V">
              <lines>
                <line number="157" hits="0"/>
              </lines>
            </method>
            <method name="(anonymous_20)" hits="34" signature="()V">
              <lines>
                <line number="160" hits="34"/>
              </lines>
            </method>
            <method name="(anonymous_21)" hits="68" signature="()V">
              <lines>
                <line number="161" hits="68"/>
              </lines>
            </method>
            <method name="(anonymous_22)" hits="2" signature="()V">
              <lines>
                <line number="173" hits="2"/>
              </lines>
            </method>
          </methods>
          <lines>
            <line number="20" hits="2" branch="false"/>
            <line number="21" hits="2" branch="false"/>
            <line number="22" hits="2" branch="false"/>
            <line number="23" hits="2" branch="false"/>
            <line number="24" hits="2" branch="false"/>
            <line number="32" hits="2" branch="false"/>
            <line number="112" hits="2" branch="true" condition-coverage="100% (2/2)"/>
            <line number="133" hits="3" branch="false"/>
            <line number="134" hits="3" branch="false"/>
            <line number="135" hits="29" branch="false"/>
            <line number="136" hits="58" branch="true" condition-coverage="100% (1/1)"/>
            <line number="137" hits="32" branch="false"/>
            <line number="139" hits="26" branch="false"/>
            <line number="144" hits="4" branch="false"/>
            <line number="145" hits="4" branch="false"/>
            <line number="147" hits="32" branch="true" condition-coverage="100% (2/2)"/>
            <line number="148" hits="34" branch="false"/>
            <line number="150" hits="4" branch="true" condition-coverage="0% (0/1)"/>
            <line number="151" hits="0" branch="false"/>
            <line number="153" hits="4" branch="true" condition-coverage="100% (2/2)"/>
            <line number="156" hits="2" branch="false"/>
            <line number="157" hits="0" branch="false"/>
            <line number="160" hits="2" branch="false"/>
            <line number="161" hits="34" branch="false"/>
            <line number="162" hits="68" branch="true" condition-coverage="100% (1/1)"/>
            <line number="163" hits="34" branch="false"/>
            <line number="166" hits="34" branch="false"/>
            <line number="173" hits="2" branch="true" condition-coverage="100% (2/2)"/>
          </lines>
        </class>
        <class name="token.ts" filename="packages/oraidex-common/src/token.ts" line-rate="1" branch-rate="1">
          <methods>
            <method name="(anonymous_12)" hits="24" signature="()V">
              <lines>
                <line number="81" hits="24"/>
              </lines>
            </method>
            <method name="(anonymous_13)" hits="134" signature="()V">
              <lines>
                <line number="82" hits="134"/>
              </lines>
            </method>
            <method name="(anonymous_14)" hits="24" signature="()V">
              <lines>
                <line number="109" hits="24"/>
              </lines>
            </method>
            <method name="(anonymous_15)" hits="134" signature="()V">
              <lines>
                <line number="115" hits="134"/>
              </lines>
            </method>
            <method name="(anonymous_16)" hits="134" signature="()V">
              <lines>
                <line number="116" hits="134"/>
              </lines>
            </method>
            <method name="(anonymous_17)" hits="134" signature="()V">
              <lines>
                <line number="119" hits="134"/>
              </lines>
            </method>
            <method name="(anonymous_18)" hits="96" signature="()V">
              <lines>
                <line number="123" hits="96"/>
              </lines>
            </method>
            <method name="(anonymous_19)" hits="96" signature="()V">
              <lines>
                <line number="129" hits="96"/>
              </lines>
            </method>
            <method name="(anonymous_20)" hits="30" signature="()V">
              <lines>
                <line number="133" hits="30"/>
              </lines>
            </method>
            <method name="(anonymous_21)" hits="30" signature="()V">
              <lines>
                <line number="136" hits="30"/>
              </lines>
            </method>
            <method name="(anonymous_22)" hits="134" signature="()V">
              <lines>
                <line number="140" hits="134"/>
              </lines>
            </method>
            <method name="(anonymous_23)" hits="36" signature="()V">
              <lines>
                <line number="144" hits="36"/>
              </lines>
            </method>
            <method name="(anonymous_24)" hits="96" signature="()V">
              <lines>
                <line number="148" hits="96"/>
              </lines>
            </method>
            <method name="(anonymous_25)" hits="10" signature="()V">
              <lines>
                <line number="149" hits="10"/>
              </lines>
            </method>
          </methods>
          <lines>
            <line number="3" hits="2" branch="false"/>
            <line number="4" hits="2" branch="false"/>
            <line number="13" hits="2" branch="false"/>
            <line number="72" hits="2" branch="false"/>
            <line number="77" hits="2" branch="false"/>
            <line number="81" hits="2" branch="false"/>
            <line number="82" hits="134" branch="false"/>
            <line number="108" hits="2" branch="false"/>
            <line number="109" hits="24" branch="false"/>
            <line number="111" hits="12" branch="false"/>
            <line number="113" hits="2" branch="false"/>
            <line number="114" hits="11" branch="false"/>
            <line number="115" hits="134" branch="false"/>
            <line number="116" hits="134" branch="true" condition-coverage="100% (2/2)"/>
            <line number="117" hits="14" branch="false"/>
            <line number="121" hits="134" branch="true" condition-coverage="100% (3/3)"/>
            <line number="123" hits="96" branch="false"/>
            <line number="126" hits="2" branch="false"/>
            <line number="131" hits="96" branch="false"/>
            <line number="133" hits="30" branch="false"/>
            <line number="136" hits="30" branch="false"/>
            <line number="138" hits="2" branch="false"/>
            <line number="142" hits="134" branch="true" condition-coverage="100% (4/4)"/>
            <line number="144" hits="36" branch="false"/>
            <line number="147" hits="2" branch="false"/>
            <line number="148" hits="96" branch="false"/>
            <line number="149" hits="10" branch="false"/>
          </lines>
        </class>
      </classes>
    </package>
    <package name="oraiswap-v3.src" line-rate="0.9725" branch-rate="0.8604">
      <classes>
        <class name="const.ts" filename="packages/oraiswap-v3/src/const.ts" line-rate="1" branch-rate="1">
          <methods>
          </methods>
          <lines>
            <line number="1" hits="2" branch="false"/>
            <line number="3" hits="5" branch="false"/>
            <line number="4" hits="20" branch="false"/>
            <line number="5" hits="20" branch="false"/>
            <line number="6" hits="2" branch="false"/>
            <line number="7" hits="131" branch="false"/>
            <line number="8" hits="2" branch="false"/>
            <line number="10" hits="2" branch="false"/>
          </lines>
        </class>
        <class name="handler.ts" filename="packages/oraiswap-v3/src/handler.ts" line-rate="1" branch-rate="0.8571">
          <methods>
            <method name="(anonymous_1)" hits="1" signature="()V">
              <lines>
                <line number="17" hits="1"/>
              </lines>
            </method>
            <method name="(anonymous_2)" hits="1" signature="()V">
              <lines>
                <line number="21" hits="1"/>
              </lines>
            </method>
            <method name="(anonymous_3)" hits="1" signature="()V">
              <lines>
                <line number="25" hits="1"/>
              </lines>
            </method>
            <method name="(anonymous_4)" hits="5" signature="()V">
              <lines>
                <line number="29" hits="5"/>
              </lines>
            </method>
            <method name="(anonymous_5)" hits="1" signature="()V">
              <lines>
                <line number="44" hits="1"/>
              </lines>
            </method>
            <method name="(anonymous_6)" hits="5" signature="()V">
              <lines>
                <line number="72" hits="5"/>
              </lines>
            </method>
            <method name="(anonymous_7)" hits="1" signature="()V">
              <lines>
                <line number="72" hits="1"/>
              </lines>
            </method>
            <method name="(anonymous_8)" hits="1" signature="()V">
              <lines>
                <line number="86" hits="1"/>
              </lines>
            </method>
            <method name="(anonymous_9)" hits="1" signature="()V">
              <lines>
                <line number="114" hits="1"/>
              </lines>
            </method>
          </methods>
          <lines>
            <line number="1" hits="2" branch="false"/>
            <line number="6" hits="2" branch="false"/>
            <line number="7" hits="2" branch="false"/>
            <line number="8" hits="2" branch="false"/>
            <line number="14" hits="1" branch="false"/>
            <line number="18" hits="1" branch="false"/>
            <line number="22" hits="1" branch="false"/>
            <line number="26" hits="1" branch="false"/>
            <line number="35" hits="5" branch="false"/>
            <line number="41" hits="5" branch="false"/>
            <line number="45" hits="1" branch="false"/>
            <line number="46" hits="1" branch="false"/>
            <line number="48" hits="1" branch="false"/>
            <line number="50" hits="1" branch="false"/>
            <line number="51" hits="1" branch="false"/>
            <line number="53" hits="1" branch="false"/>
            <line number="55" hits="1" branch="false"/>
            <line number="56" hits="5" branch="false"/>
            <line number="57" hits="5" branch="false"/>
            <line number="59" hits="5" branch="true" condition-coverage="100% (2/2)"/>
            <line number="60" hits="3" branch="false"/>
            <line number="61" hits="2" branch="true" condition-coverage="100% (1/1)"/>
            <line number="62" hits="2" branch="false"/>
            <line number="65" hits="5" branch="false"/>
            <line number="67" hits="5" branch="true" condition-coverage="100% (1/1)"/>
            <line number="68" hits="1" branch="false"/>
            <line number="71" hits="5" branch="false"/>
            <line number="72" hits="5" branch="false"/>
            <line number="74" hits="5" branch="false"/>
            <line number="76" hits="5" branch="false"/>
            <line number="79" hits="1" branch="false"/>
            <line number="81" hits="1" branch="false"/>
            <line number="83" hits="1" branch="false"/>
            <line number="87" hits="1" branch="false"/>
            <line number="88" hits="1" branch="false"/>
            <line number="89" hits="1" branch="false"/>
            <line number="90" hits="64" branch="false"/>
            <line number="91" hits="64" branch="true" condition-coverage="100% (1/1)"/>
            <line number="92" hits="4" branch="false"/>
            <line number="93" hits="4" branch="false"/>
            <line number="97" hits="1" branch="false"/>
            <line number="98" hits="1" branch="false"/>
            <line number="99" hits="1" branch="false"/>
            <line number="100" hits="1" branch="false"/>
            <line number="110" hits="1" branch="false"/>
            <line number="111" hits="1" branch="false"/>
            <line number="115" hits="1" branch="false"/>
            <line number="117" hits="1" branch="false"/>
            <line number="119" hits="1" branch="false"/>
            <line number="120" hits="1" branch="false"/>
            <line number="121" hits="1" branch="false"/>
            <line number="122" hits="64" branch="false"/>
            <line number="123" hits="64" branch="true" condition-coverage="100% (1/1)"/>
            <line number="124" hits="4" branch="false"/>
            <line number="125" hits="4" branch="false"/>
            <line number="130" hits="1" branch="false"/>
            <line number="132" hits="1" branch="false"/>
            <line number="133" hits="3" branch="false"/>
            <line number="139" hits="1" branch="false"/>
            <line number="141" hits="1" branch="false"/>
          </lines>
        </class>
        <class name="helpers.ts" filename="packages/oraiswap-v3/src/helpers.ts" line-rate="0.9545" branch-rate="0.8611">
          <methods>
            <method name="(anonymous_14)" hits="1" signature="()V">
              <lines>
                <line number="10" hits="1"/>
              </lines>
            </method>
            <method name="(anonymous_15)" hits="1" signature="()V">
              <lines>
                <line number="18" hits="1"/>
              </lines>
            </method>
            <method name="(anonymous_16)" hits="2" signature="()V">
              <lines>
                <line number="25" hits="2"/>
              </lines>
            </method>
            <method name="(anonymous_17)" hits="21" signature="()V">
              <lines>
                <line number="32" hits="21"/>
              </lines>
            </method>
            <method name="(anonymous_18)" hits="284" signature="()V">
              <lines>
                <line number="39" hits="284"/>
              </lines>
            </method>
            <method name="(anonymous_19)" hits="19" signature="()V">
              <lines>
                <line number="49" hits="19"/>
              </lines>
            </method>
            <method name="(anonymous_20)" hits="1" signature="()V">
              <lines>
                <line number="57" hits="1"/>
              </lines>
            </method>
            <method name="(anonymous_21)" hits="5" signature="()V">
              <lines>
                <line number="60" hits="5"/>
              </lines>
            </method>
            <method name="(anonymous_22)" hits="32" signature="()V">
              <lines>
                <line number="72" hits="32"/>
              </lines>
            </method>
            <method name="(anonymous_23)" hits="26" signature="()V">
              <lines>
                <line number="76" hits="26"/>
              </lines>
            </method>
            <method name="(anonymous_24)" hits="44" signature="()V">
              <lines>
                <line number="80" hits="44"/>
              </lines>
            </method>
            <method name="(anonymous_25)" hits="40" signature="()V">
              <lines>
                <line number="84" hits="40"/>
              </lines>
            </method>
            <method name="(anonymous_26)" hits="44" signature="()V">
              <lines>
                <line number="88" hits="44"/>
              </lines>
            </method>
            <method name="(anonymous_27)" hits="14" signature="()V">
              <lines>
                <line number="90" hits="14"/>
              </lines>
            </method>
            <method name="(anonymous_28)" hits="23" signature="()V">
              <lines>
                <line number="96" hits="23"/>
              </lines>
            </method>
            <method name="(anonymous_29)" hits="17" signature="()V">
              <lines>
                <line number="114" hits="17"/>
              </lines>
            </method>
            <method name="(anonymous_30)" hits="17" signature="()V">
              <lines>
                <line number="140" hits="17"/>
              </lines>
            </method>
            <method name="(anonymous_31)" hits="2" signature="()V">
              <lines>
                <line number="162" hits="2"/>
              </lines>
            </method>
            <method name="(anonymous_32)" hits="1" signature="()V">
              <lines>
                <line number="197" hits="1"/>
              </lines>
            </method>
            <method name="(anonymous_33)" hits="1" signature="()V">
              <lines>
                <line number="201" hits="1"/>
              </lines>
            </method>
            <method name="(anonymous_34)" hits="2" signature="()V">
              <lines>
                <line number="204" hits="2"/>
              </lines>
            </method>
            <method name="(anonymous_35)" hits="1" signature="()V">
              <lines>
                <line number="211" hits="1"/>
              </lines>
            </method>
            <method name="(anonymous_36)" hits="2" signature="()V">
              <lines>
                <line number="218" hits="2"/>
              </lines>
            </method>
            <method name="(anonymous_37)" hits="4" signature="()V">
              <lines>
                <line number="227" hits="4"/>
              </lines>
            </method>
            <method name="(anonymous_38)" hits="4" signature="()V">
              <lines>
                <line number="234" hits="4"/>
              </lines>
            </method>
          </methods>
          <lines>
            <line number="2" hits="2" branch="false"/>
            <line number="4" hits="2" branch="false"/>
            <line number="6" hits="2" branch="false"/>
            <line number="10" hits="2" branch="false"/>
            <line number="11" hits="1" branch="false"/>
            <line number="12" hits="1" branch="false"/>
            <line number="13" hits="1" branch="false"/>
            <line number="15" hits="1" branch="false"/>
            <line number="18" hits="2" branch="false"/>
            <line number="19" hits="1" branch="false"/>
            <line number="20" hits="1" branch="false"/>
            <line number="22" hits="1" branch="false"/>
            <line number="25" hits="2" branch="false"/>
            <line number="29" hits="2" branch="false"/>
            <line number="30" hits="2" branch="false"/>
            <line number="32" hits="2" branch="false"/>
            <line number="33" hits="21" branch="false"/>
            <line number="34" hits="21" branch="true" condition-coverage="100% (1/1)"/>
            <line number="35" hits="12" branch="false"/>
            <line number="37" hits="21" branch="false"/>
            <line number="39" hits="21" branch="false"/>
            <line number="40" hits="284" branch="true" condition-coverage="100% (3/3)"/>
            <line number="41" hits="19" branch="true" condition-coverage="100% (1/1)"/>
            <line number="42" hits="19" branch="false"/>
            <line number="44" hits="19" branch="false"/>
            <line number="49" hits="19" branch="false"/>
            <line number="57" hits="2" branch="false"/>
            <line number="58" hits="1" branch="false"/>
            <line number="60" hits="1" branch="false"/>
            <line number="61" hits="5" branch="false"/>
            <line number="69" hits="1" branch="false"/>
            <line number="72" hits="2" branch="false"/>
            <line number="73" hits="32" branch="false"/>
            <line number="76" hits="2" branch="false"/>
            <line number="77" hits="26" branch="false"/>
            <line number="80" hits="2" branch="false"/>
            <line number="81" hits="44" branch="false"/>
            <line number="84" hits="2" branch="false"/>
            <line number="85" hits="40" branch="true" condition-coverage="100% (2/2)"/>
            <line number="88" hits="7" branch="false"/>
            <line number="89" hits="44" branch="true" condition-coverage="100% (1/1)"/>
            <line number="90" hits="14" branch="false"/>
            <line number="93" hits="40" branch="true" condition-coverage="100% (1/1)"/>
            <line number="94" hits="8" branch="false"/>
            <line number="96" hits="8" branch="false"/>
            <line number="97" hits="23" branch="false"/>
            <line number="100" hits="8" branch="false"/>
            <line number="103" hits="32" branch="true" condition-coverage="100% (3/3)"/>
            <line number="104" hits="24" branch="false"/>
            <line number="107" hits="8" branch="false"/>
            <line number="108" hits="8" branch="false"/>
            <line number="110" hits="0" branch="false"/>
            <line number="114" hits="7" branch="false"/>
            <line number="120" hits="17" branch="true" condition-coverage="75% (3/4)"/>
            <line number="121" hits="0" branch="false"/>
            <line number="127" hits="17" branch="true" condition-coverage="100% (2/2)"/>
            <line number="128" hits="9" branch="false"/>
            <line number="129" hits="8" branch="true" condition-coverage="100% (2/2)"/>
            <line number="130" hits="5" branch="false"/>
            <line number="131" hits="5" branch="false"/>
            <line number="133" hits="3" branch="false"/>
            <line number="134" hits="3" branch="false"/>
            <line number="137" hits="8" branch="false"/>
            <line number="140" hits="7" branch="false"/>
            <line number="146" hits="17" branch="true" condition-coverage="75% (3/4)"/>
            <line number="147" hits="0" branch="false"/>
            <line number="151" hits="17" branch="true" condition-coverage="100% (2/2)"/>
            <line number="152" hits="5" branch="false"/>
            <line number="153" hits="12" branch="true" condition-coverage="100% (2/2)"/>
            <line number="154" hits="9" branch="false"/>
            <line number="156" hits="3" branch="false"/>
            <line number="159" hits="12" branch="false"/>
            <line number="162" hits="2" branch="false"/>
            <line number="163" hits="2" branch="false"/>
            <line number="164" hits="2" branch="false"/>
            <line number="165" hits="2" branch="false"/>
            <line number="168" hits="10" branch="false"/>
            <line number="169" hits="10" branch="false"/>
            <line number="176" hits="0" branch="false"/>
            <line number="179" hits="10" branch="false"/>
            <line number="180" hits="10" branch="false"/>
            <line number="187" hits="0" branch="false"/>
            <line number="190" hits="10" branch="false"/>
            <line number="191" hits="10" branch="false"/>
            <line number="194" hits="2" branch="false"/>
            <line number="197" hits="2" branch="false"/>
            <line number="198" hits="1" branch="false"/>
            <line number="201" hits="2" branch="false"/>
            <line number="202" hits="1" branch="false"/>
            <line number="204" hits="1" branch="false"/>
            <line number="205" hits="2" branch="false"/>
            <line number="208" hits="1" branch="false"/>
            <line number="211" hits="2" branch="false"/>
            <line number="216" hits="1" branch="false"/>
            <line number="218" hits="1" branch="false"/>
            <line number="219" hits="2" branch="false"/>
            <line number="220" hits="2" branch="false"/>
            <line number="221" hits="2" branch="false"/>
            <line number="224" hits="1" branch="false"/>
            <line number="227" hits="4" branch="false"/>
            <line number="228" hits="4" branch="false"/>
            <line number="229" hits="4" branch="false"/>
            <line number="231" hits="4" branch="false"/>
            <line number="234" hits="2" branch="false"/>
            <line number="235" hits="4" branch="true" condition-coverage="50% (1/2)"/>
            <line number="236" hits="4" branch="true" condition-coverage="50% (1/2)"/>
            <line number="237" hits="4" branch="true" condition-coverage="50% (1/2)"/>
            <line number="238" hits="4" branch="false"/>
            <line number="239" hits="4" branch="false"/>
            <line number="240" hits="4" branch="false"/>
          </lines>
        </class>
        <class name="index.ts" filename="packages/oraiswap-v3/src/index.ts" line-rate="1" branch-rate="1">
          <methods>
          </methods>
          <lines>
            <line number="1" hits="2" branch="false"/>
            <line number="2" hits="2" branch="false"/>
            <line number="3" hits="2" branch="false"/>
            <line number="4" hits="2" branch="false"/>
          </lines>
        </class>
      </classes>
    </package>
    <package name="universal-swap.src" line-rate="0.6265" branch-rate="0.5579999999999999">
      <classes>
        <class name="handler.ts" filename="packages/universal-swap/src/handler.ts" line-rate="0.5144" branch-rate="0.4277">
          <methods>
            <method name="(anonymous_1)" hits="38" signature="()V">
              <lines>
                <line number="65" hits="38"/>
              </lines>
            </method>
            <method name="(anonymous_2)" hits="25" signature="()V">
              <lines>
                <line number="303" hits="25"/>
              </lines>
            </method>
            <method name="(anonymous_3)" hits="16" signature="()V">
              <lines>
                <line number="312" hits="16"/>
              </lines>
            </method>
            <method name="(anonymous_4)" hits="5" signature="()V">
              <lines>
                <line number="420" hits="5"/>
              </lines>
            </method>
            <method name="(anonymous_5)" hits="19" signature="()V">
              <lines>
                <line number="440" hits="19"/>
              </lines>
            </method>
            <method name="(anonymous_6)" hits="38" signature="()V">
              <lines>
                <line number="441" hits="38"/>
              </lines>
            </method>
            <method name="(anonymous_7)" hits="148" signature="()V">
              <lines>
                <line number="442" hits="148"/>
              </lines>
            </method>
[...]
            <line number="362" hits="6" branch="true" condition-coverage="100% (1/1)"/>
            <line number="363" hits="5" branch="false"/>
            <line number="364" hits="5" branch="true" condition-coverage="100% (2/2)"/>
            <line number="365" hits="3" branch="true" condition-coverage="50% (1/2)"/>
            <line number="366" hits="3" branch="false"/>
            <line number="367" hits="3" branch="false"/>
            <line number="368" hits="3" branch="true" condition-coverage="100% (2/2)"/>
            <line number="369" hits="2" branch="true" condition-coverage="50% (1/2)"/>
            <line number="370" hits="2" branch="false"/>
            <line number="371" hits="2" branch="false"/>
            <line number="373" hits="0" branch="false"/>
            <line number="376" hits="0" branch="false"/>
            <line number="377" hits="5" branch="false"/>
            <line number="380" hits="2" branch="false"/>
            <line number="381" hits="12" branch="false"/>
            <line number="382" hits="12" branch="true" condition-coverage="100% (2/2)"/>
            <line number="383" hits="3" branch="false"/>
            <line number="390" hits="9" branch="false"/>
            <line number="396" hits="9" branch="false"/>
            <line number="397" hits="4" branch="false"/>
            <line number="404" hits="9" branch="false"/>
            <line number="411" hits="12" branch="false"/>
            <line number="415" hits="2" branch="false"/>
            <line number="416" hits="7" branch="false"/>
            <line number="417" hits="87" branch="false"/>
            <line number="418" hits="87" branch="false"/>
            <line number="424" hits="7" branch="true" condition-coverage="100% (1/1)"/>
            <line number="426" hits="5" branch="true" condition-coverage="100% (1/1)"/>
            <line number="427" hits="1" branch="true" condition-coverage="50% (1/2)"/>
            <line number="428" hits="1" branch="false"/>
            <line number="432" hits="4" branch="true" condition-coverage="100% (1/1)"/>
            <line number="433" hits="1" branch="true" condition-coverage="50% (1/2)"/>
            <line number="434" hits="1" branch="false"/>
            <line number="438" hits="3" branch="false"/>
            <line number="441" hits="2" branch="false"/>
            <line number="452" hits="0" branch="false"/>
            <line number="453" hits="0" branch="false"/>
            <line number="462" hits="0" branch="false"/>
            <line number="463" hits="0" branch="false"/>
            <line number="470" hits="2" branch="false"/>
            <line number="478" hits="2" branch="false"/>
            <line number="487" hits="2" branch="false"/>
            <line number="495" hits="2" branch="false"/>
            <line number="501" hits="2" branch="false"/>
            <line number="504" hits="2" branch="true" condition-coverage="100% (1/1)"/>
            <line number="505" hits="1" branch="false"/>
            <line number="511" hits="1" branch="false"/>
            <line number="512" hits="1" branch="false"/>
            <line number="513" hits="1" branch="false"/>
            <line number="514" hits="1" branch="false"/>
            <line number="515" hits="1" branch="false"/>
            <line number="516" hits="1" branch="false"/>
            <line number="517" hits="1" branch="false"/>
            <line number="521" hits="1" branch="false"/>
            <line number="523" hits="0" branch="false"/>
            <line number="528" hits="2" branch="false"/>
            <line number="538" hits="2" branch="false"/>
            <line number="554" hits="2" branch="false"/>
            <line number="555" hits="2" branch="false"/>
            <line number="556" hits="2" branch="false"/>
            <line number="557" hits="2" branch="false"/>
            <line number="566" hits="0" branch="false"/>
            <line number="568" hits="0" branch="false"/>
            <line number="576" hits="2" branch="false"/>
            <line number="581" hits="0" branch="false"/>
            <line number="583" hits="0" branch="false"/>
            <line number="586" hits="0" branch="true" condition-coverage="0% (0/3)"/>
            <line number="587" hits="0" branch="false"/>
            <line number="596" hits="0" branch="false"/>
            <line number="598" hits="0" branch="false"/>
            <line number="599" hits="0" branch="false"/>
            <line number="600" hits="0" branch="false"/>
            <line number="604" hits="0" branch="false"/>
            <line number="609" hits="0" branch="false"/>
            <line number="610" hits="0" branch="true" condition-coverage="0% (0/1)"/>
            <line number="611" hits="0" branch="false"/>
            <line number="612" hits="0" branch="false"/>
            <line number="619" hits="0" branch="false"/>
            <line number="623" hits="2" branch="false"/>
            <line number="638" hits="0" branch="true" condition-coverage="0% (0/1)"/>
            <line number="648" hits="0" branch="false"/>
            <line number="653" hits="0" branch="false"/>
            <line number="654" hits="0" branch="false"/>
            <line number="659" hits="0" branch="false"/>
            <line number="660" hits="0" branch="true" condition-coverage="0% (0/2)"/>
            <line number="661" hits="0" branch="false"/>
            <line number="667" hits="0" branch="false"/>
            <line number="668" hits="0" branch="false"/>
            <line number="669" hits="0" branch="false"/>
            <line number="671" hits="0" branch="false"/>
            <line number="672" hits="0" branch="false"/>
            <line number="673" hits="0" branch="true" condition-coverage="0% (0/3)"/>
            <line number="674" hits="0" branch="false"/>
            <line number="677" hits="0" branch="false"/>
            <line number="685" hits="0" branch="false"/>
            <line number="687" hits="0" branch="false"/>
            <line number="694" hits="2" branch="false"/>
            <line number="703" hits="5" branch="false"/>
            <line number="704" hits="5" branch="true" condition-coverage="100% (3/3)"/>
            <line number="705" hits="4" branch="false"/>
            <line number="708" hits="4" branch="true" condition-coverage="100% (1/1)"/>
            <line number="709" hits="2" branch="true" condition-coverage="100% (1/1)"/>
            <line number="710" hits="1" branch="false"/>
            <line number="713" hits="2" branch="false"/>
            <line number="721" hits="2" branch="false"/>
            <line number="727" hits="4" branch="false"/>
            <line number="728" hits="4" branch="true" condition-coverage="0% (0/1)"/>
            <line number="729" hits="4" branch="true" condition-coverage="0% (0/1)"/>
            <line number="730" hits="0" branch="false"/>
            <line number="734" hits="4" branch="true" condition-coverage="100% (3/3)"/>
            <line number="735" hits="4" branch="false"/>
            <line number="736" hits="4" branch="false"/>
            <line number="742" hits="4" branch="false"/>
            <line number="743" hits="4" branch="false"/>
            <line number="744" hits="4" branch="true" condition-coverage="100% (1/1)"/>
            <line number="745" hits="3" branch="false"/>
            <line number="747" hits="0" branch="false"/>
            <line number="751" hits="2" branch="false"/>
            <line number="759" hits="4" branch="false"/>
            <line number="760" hits="4" branch="false"/>
            <line number="761" hits="4" branch="true" condition-coverage="100% (3/3)"/>
            <line number="762" hits="4" branch="false"/>
            <line number="768" hits="4" branch="false"/>
            <line number="770" hits="4" branch="false"/>
            <line number="771" hits="4" branch="false"/>
            <line number="775" hits="0" branch="false"/>
            <line number="779" hits="4" branch="false"/>
            <line number="782" hits="0" branch="true" condition-coverage="0% (0/1)"/>
            <line number="783" hits="0" branch="false"/>
            <line number="784" hits="0" branch="false"/>
            <line number="785" hits="0" branch="false"/>
            <line number="786" hits="0" branch="true" condition-coverage="0% (0/1)"/>
            <line number="787" hits="0" branch="false"/>
            <line number="788" hits="0" branch="false"/>
            <line number="789" hits="0" branch="false"/>
            <line number="790" hits="0" branch="true" condition-coverage="0% (0/3)"/>
            <line number="791" hits="0" branch="false"/>
            <line number="794" hits="0" branch="false"/>
            <line number="800" hits="0" branch="false"/>
            <line number="802" hits="0" branch="true" condition-coverage="0% (0/1)"/>
            <line number="805" hits="0" branch="false"/>
            <line number="809" hits="2" branch="false"/>
            <line number="810" hits="2" branch="true" condition-coverage="0% (0/1)"/>
            <line number="811" hits="2" branch="true" condition-coverage="100% (1/1)"/>
            <line number="812" hits="1" branch="false"/>
            <line number="813" hits="1" branch="false"/>
            <line number="814" hits="1" branch="false"/>
            <line number="816" hits="1" branch="false"/>
            <line number="817" hits="1" branch="false"/>
            <line number="822" hits="2" branch="false"/>
            <line number="832" hits="3" branch="true" condition-coverage="100% (3/3)"/>
            <line number="834" hits="2" branch="false"/>
            <line number="835" hits="2" branch="true" condition-coverage="0% (0/1)"/>
            <line number="836" hits="2" branch="false"/>
            <line number="838" hits="2" branch="true" condition-coverage="33.33333333333333% (1/3)"/>
            <line number="839" hits="0" branch="false"/>
            <line number="841" hits="2" branch="false"/>
            <line number="842" hits="2" branch="true" condition-coverage="0% (0/1)"/>
            <line number="843" hits="0" branch="false"/>
            <line number="848" hits="2" branch="true" condition-coverage="50% (2/4)"/>
            <line number="849" hits="2" branch="false"/>
            <line number="850" hits="2" branch="true" condition-coverage="0% (0/1)"/>
            <line number="851" hits="2" branch="false"/>
            <line number="855" hits="2" branch="false"/>
            <line number="863" hits="0" branch="true" condition-coverage="0% (0/2)"/>
            <line number="864" hits="0" branch="false"/>
            <line number="865" hits="0" branch="true" condition-coverage="0% (0/2)"/>
            <line number="868" hits="0" branch="true" condition-coverage="0% (0/1)"/>
            <line number="869" hits="0" branch="false"/>
            <line number="870" hits="0" branch="false"/>
            <line number="873" hits="0" branch="true" condition-coverage="0% (0/1)"/>
            <line number="874" hits="0" branch="false"/>
            <line number="875" hits="0" branch="false"/>
            <line number="877" hits="0" branch="false"/>
            <line number="880" hits="0" branch="true" condition-coverage="0% (0/1)"/>
            <line number="881" hits="0" branch="false"/>
            <line number="883" hits="0" branch="false"/>
            <line number="884" hits="0" branch="true" condition-coverage="0% (0/1)"/>
            <line number="885" hits="0" branch="true" condition-coverage="0% (0/1)"/>
            <line number="887" hits="0" branch="false"/>
            <line number="888" hits="0" branch="true" condition-coverage="0% (0/1)"/>
            <line number="889" hits="0" branch="false"/>
            <line number="891" hits="0" branch="false"/>
            <line number="893" hits="0" branch="false"/>
            <line number="895" hits="0" branch="true" condition-coverage="0% (0/1)"/>
            <line number="896" hits="0" branch="false"/>
            <line number="900" hits="2" branch="false"/>
            <line number="905" hits="15" branch="true" condition-coverage="100% (1/1)"/>
            <line number="906" hits="2" branch="false"/>
            <line number="908" hits="2" branch="false"/>
            <line number="909" hits="2" branch="true" condition-coverage="100% (2/2)"/>
            <line number="911" hits="2" branch="false"/>
            <line number="912" hits="2" branch="true" condition-coverage="100% (1/1)"/>
            <line number="913" hits="1" branch="false"/>
            <line number="919" hits="1" branch="false"/>
            <line number="922" hits="1" branch="false"/>
            <line number="925" hits="2" branch="false"/>
            <line number="931" hits="3" branch="true" condition-coverage="0% (0/1)"/>
            <line number="933" hits="3" branch="false"/>
            <line number="935" hits="3" branch="true" condition-coverage="0% (0/1)"/>
            <line number="938" hits="3" branch="true" condition-coverage="100% (1/1)"/>
            <line number="940" hits="2" branch="false"/>
            <line number="941" hits="2" branch="false"/>
            <line number="943" hits="2" branch="true" condition-coverage="100% (1/1)"/>
            <line number="944" hits="1" branch="false"/>
            <line number="950" hits="1" branch="false"/>
            <line number="957" hits="1" branch="false"/>
            <line number="960" hits="2" branch="false"/>
            <line number="963" hits="2" branch="false"/>
            <line number="964" hits="2" branch="false"/>
            <line number="967" hits="2" branch="false"/>
            <line number="969" hits="2" branch="true" condition-coverage="66.66666666666666% (2/3)"/>
            <line number="972" hits="1" branch="false"/>
            <line number="974" hits="1" branch="true" condition-coverage="50% (1/2)"/>
            <line number="975" hits="1" branch="false"/>
            <line number="978" hits="1" branch="false"/>
            <line number="981" hits="0" branch="false"/>
            <line number="990" hits="0" branch="false"/>
            <line number="992" hits="1" branch="false"/>
            <line number="995" hits="1" branch="false"/>
            <line number="998" hits="1" branch="false"/>
            <line number="999" hits="1" branch="false"/>
            <line number="1001" hits="1" branch="true" condition-coverage="50% (1/2)"/>
            <line number="1002" hits="0" branch="false"/>
            <line number="1007" hits="0" branch="false"/>
            <line number="1010" hits="1" branch="false"/>
            <line number="1021" hits="1" branch="false"/>
            <line number="1023" hits="1" branch="false"/>
            <line number="1026" hits="0" branch="false"/>
            <line number="1029" hits="2" branch="false"/>
            <line number="1035" hits="2" branch="false"/>
            <line number="1043" hits="5" branch="false"/>
            <line number="1048" hits="3" branch="false"/>
            <line number="1053" hits="0" branch="false"/>
            <line number="1057" hits="2" branch="false"/>
            <line number="1062" hits="2" branch="false"/>
            <line number="1067" hits="8" branch="false"/>
            <line number="1073" hits="7" branch="false"/>
            <line number="1079" hits="8" branch="false"/>
            <line number="1084" hits="2" branch="false"/>
            <line number="1093" hits="3" branch="false"/>
            <line number="1103" hits="29" branch="false"/>
            <line number="1108" hits="3" branch="false"/>
            <line number="1120" hits="6" branch="false"/>
            <line number="1125" hits="5" branch="false"/>
            <line number="1131" hits="2" branch="false"/>
            <line number="1137" hits="2" branch="false"/>
            <line number="1142" hits="2" branch="false"/>
            <line number="1147" hits="2" branch="false"/>
            <line number="1152" hits="5" branch="false"/>
            <line number="1157" hits="2" branch="false"/>
            <line number="1163" hits="2" branch="false"/>
            <line number="1168" hits="2" branch="false"/>
            <line number="1175" hits="3" branch="false"/>
            <line number="1180" hits="2" branch="false"/>
            <line number="1185" hits="3" branch="false"/>
            <line number="1190" hits="3" branch="false"/>
            <line number="1195" hits="2" branch="false"/>
          </lines>
        </class>
        <class name="swap-filter.ts" filename="packages/universal-swap/src/swap-filter.ts" line-rate="1" branch-rate="1">
          <methods>
            <method name="(anonymous_4)" hits="134" signature="()V">
              <lines>
                <line number="27" hits="134"/>
              </lines>
            </method>
            <method name="(anonymous_5)" hits="134" signature="()V">
              <lines>
                <line number="44" hits="134"/>
              </lines>
            </method>
          </methods>
          <lines>
            <line number="8" hits="2" branch="false"/>
            <line number="10" hits="2" branch="false"/>
            <line number="15" hits="2" branch="false"/>
            <line number="17" hits="2" branch="false"/>
            <line number="25" hits="2" branch="false"/>
            <line number="26" hits="2" branch="false"/>
            <line number="27" hits="2" branch="false"/>
            <line number="28" hits="134" branch="false"/>
            <line number="36" hits="2" branch="false"/>
            <line number="44" hits="2" branch="false"/>
            <line number="45" hits="134" branch="false"/>
          </lines>
        </class>
        <class name="types.ts" filename="packages/universal-swap/src/types.ts" line-rate="1" branch-rate="1">
          <methods>
            <method name="(anonymous_3)" hits="2" signature="()V">
              <lines>
                <line number="11" hits="2"/>
              </lines>
            </method>
            <method name="(anonymous_4)" hits="2" signature="()V">
              <lines>
                <line number="88" hits="2"/>
              </lines>
            </method>
          </methods>
          <lines>
            <line number="11" hits="2" branch="true" condition-coverage="100% (2/2)"/>
            <line number="88" hits="2" branch="true" condition-coverage="100% (2/2)"/>
          </lines>
        </class>
      </classes>
    </package>
    <package name="universal-swap.src.proto" line-rate="1" branch-rate="0.5">
      <classes>
        <class name="proto-gen.ts" filename="packages/universal-swap/src/proto/proto-gen.ts" line-rate="1" branch-rate="0.5">
          <methods>
            <method name="(anonymous_4)" hits="20" signature="()V">
              <lines>
                <line number="4" hits="20"/>
              </lines>
            </method>
            <method name="(anonymous_5)" hits="12" signature="()V">
              <lines>
                <line number="35" hits="12"/>
              </lines>
            </method>
          </methods>
          <lines>
            <line number="1" hits="2" branch="false"/>
            <line number="2" hits="2" branch="false"/>
            <line number="4" hits="20" branch="false"/>
            <line number="9" hits="20" branch="false"/>
            <line number="30" hits="20" branch="false"/>
            <line number="31" hits="20" branch="false"/>
            <line number="32" hits="20" branch="false"/>
            <line number="35" hits="12" branch="false"/>
            <line number="41" hits="12" branch="false"/>
            <line number="66" hits="12" branch="true" condition-coverage="50% (1/2)"/>
            <line number="67" hits="12" branch="false"/>
            <line number="68" hits="12" branch="false"/>
            <line number="74" hits="12" branch="false"/>
          </lines>
        </class>
      </classes>
    </package>
  </packages>
</coverage>
